[2023-05-25T14:38:43.220+0000] {processor.py:157} INFO - Started process (PID=62) to work on /home/airflow/.local/lib/python3.7/site-packages/airflow/example_dags/example_task_group.py
[2023-05-25T14:38:43.231+0000] {processor.py:826} INFO - Processing file /home/airflow/.local/lib/python3.7/site-packages/airflow/example_dags/example_task_group.py for tasks to queue
[2023-05-25T14:38:43.235+0000] {logging_mixin.py:149} INFO - [2023-05-25T14:38:43.234+0000] {dagbag.py:541} INFO - Filling up the DagBag from /home/airflow/.local/lib/python3.7/site-packages/airflow/example_dags/example_task_group.py
[2023-05-25T14:38:43.290+0000] {processor.py:836} INFO - DAG(s) dict_keys(['example_task_group']) retrieved from /home/airflow/.local/lib/python3.7/site-packages/airflow/example_dags/example_task_group.py
[2023-05-25T14:38:43.396+0000] {logging_mixin.py:149} INFO - [2023-05-25T14:38:43.395+0000] {dag.py:2726} INFO - Sync 1 DAGs
[2023-05-25T14:38:43.564+0000] {logging_mixin.py:149} INFO - [2023-05-25T14:38:43.563+0000] {dag.py:3490} INFO - Setting next_dagrun for example_task_group to 2023-05-24T14:38:43.562496+00:00, run_after=2023-05-25T14:38:43.562496+00:00
[2023-05-25T14:38:43.621+0000] {processor.py:179} INFO - Processing /home/airflow/.local/lib/python3.7/site-packages/airflow/example_dags/example_task_group.py took 0.420 seconds
[2023-05-25T14:39:15.225+0000] {processor.py:157} INFO - Started process (PID=117) to work on /home/airflow/.local/lib/python3.7/site-packages/airflow/example_dags/example_task_group.py
[2023-05-25T14:39:15.229+0000] {processor.py:826} INFO - Processing file /home/airflow/.local/lib/python3.7/site-packages/airflow/example_dags/example_task_group.py for tasks to queue
[2023-05-25T14:39:15.233+0000] {logging_mixin.py:149} INFO - [2023-05-25T14:39:15.233+0000] {dagbag.py:541} INFO - Filling up the DagBag from /home/airflow/.local/lib/python3.7/site-packages/airflow/example_dags/example_task_group.py
[2023-05-25T14:39:15.253+0000] {processor.py:836} INFO - DAG(s) dict_keys(['example_task_group']) retrieved from /home/airflow/.local/lib/python3.7/site-packages/airflow/example_dags/example_task_group.py
[2023-05-25T14:39:15.362+0000] {logging_mixin.py:149} INFO - [2023-05-25T14:39:15.362+0000] {dag.py:2726} INFO - Sync 1 DAGs
[2023-05-25T14:39:15.443+0000] {logging_mixin.py:149} INFO - [2023-05-25T14:39:15.443+0000] {dag.py:3490} INFO - Setting next_dagrun for example_task_group to 2023-05-24T14:39:15.441331+00:00, run_after=2023-05-25T14:39:15.441331+00:00
[2023-05-25T14:39:15.550+0000] {processor.py:179} INFO - Processing /home/airflow/.local/lib/python3.7/site-packages/airflow/example_dags/example_task_group.py took 0.336 seconds
[2023-05-25T14:39:47.670+0000] {processor.py:157} INFO - Started process (PID=173) to work on /home/airflow/.local/lib/python3.7/site-packages/airflow/example_dags/example_task_group.py
[2023-05-25T14:39:47.684+0000] {processor.py:826} INFO - Processing file /home/airflow/.local/lib/python3.7/site-packages/airflow/example_dags/example_task_group.py for tasks to queue
[2023-05-25T14:39:47.696+0000] {logging_mixin.py:149} INFO - [2023-05-25T14:39:47.696+0000] {dagbag.py:541} INFO - Filling up the DagBag from /home/airflow/.local/lib/python3.7/site-packages/airflow/example_dags/example_task_group.py
[2023-05-25T14:39:47.829+0000] {processor.py:836} INFO - DAG(s) dict_keys(['example_task_group']) retrieved from /home/airflow/.local/lib/python3.7/site-packages/airflow/example_dags/example_task_group.py
[2023-05-25T14:39:48.065+0000] {logging_mixin.py:149} INFO - [2023-05-25T14:39:48.064+0000] {dag.py:2726} INFO - Sync 1 DAGs
[2023-05-25T14:39:48.272+0000] {logging_mixin.py:149} INFO - [2023-05-25T14:39:48.272+0000] {dag.py:3490} INFO - Setting next_dagrun for example_task_group to 2023-05-24T14:39:48.271203+00:00, run_after=2023-05-25T14:39:48.271203+00:00
[2023-05-25T14:39:48.371+0000] {processor.py:179} INFO - Processing /home/airflow/.local/lib/python3.7/site-packages/airflow/example_dags/example_task_group.py took 0.918 seconds
[2023-05-25T14:41:21.899+0000] {processor.py:157} INFO - Started process (PID=60) to work on /home/airflow/.local/lib/python3.7/site-packages/airflow/example_dags/example_task_group.py
[2023-05-25T14:41:21.910+0000] {processor.py:826} INFO - Processing file /home/airflow/.local/lib/python3.7/site-packages/airflow/example_dags/example_task_group.py for tasks to queue
[2023-05-25T14:41:21.913+0000] {logging_mixin.py:149} INFO - [2023-05-25T14:41:21.913+0000] {dagbag.py:541} INFO - Filling up the DagBag from /home/airflow/.local/lib/python3.7/site-packages/airflow/example_dags/example_task_group.py
[2023-05-25T14:41:21.952+0000] {processor.py:836} INFO - DAG(s) dict_keys(['example_task_group']) retrieved from /home/airflow/.local/lib/python3.7/site-packages/airflow/example_dags/example_task_group.py
[2023-05-25T14:41:22.155+0000] {logging_mixin.py:149} INFO - [2023-05-25T14:41:22.154+0000] {dag.py:2726} INFO - Sync 1 DAGs
[2023-05-25T14:41:22.353+0000] {logging_mixin.py:149} INFO - [2023-05-25T14:41:22.353+0000] {dag.py:3490} INFO - Setting next_dagrun for example_task_group to 2023-05-24T14:41:22.351064+00:00, run_after=2023-05-25T14:41:22.351064+00:00
[2023-05-25T14:41:22.479+0000] {processor.py:179} INFO - Processing /home/airflow/.local/lib/python3.7/site-packages/airflow/example_dags/example_task_group.py took 0.594 seconds
[2023-05-25T14:41:52.568+0000] {processor.py:157} INFO - Started process (PID=116) to work on /home/airflow/.local/lib/python3.7/site-packages/airflow/example_dags/example_task_group.py
[2023-05-25T14:41:52.570+0000] {processor.py:826} INFO - Processing file /home/airflow/.local/lib/python3.7/site-packages/airflow/example_dags/example_task_group.py for tasks to queue
[2023-05-25T14:41:52.573+0000] {logging_mixin.py:149} INFO - [2023-05-25T14:41:52.573+0000] {dagbag.py:541} INFO - Filling up the DagBag from /home/airflow/.local/lib/python3.7/site-packages/airflow/example_dags/example_task_group.py
[2023-05-25T14:41:52.596+0000] {processor.py:836} INFO - DAG(s) dict_keys(['example_task_group']) retrieved from /home/airflow/.local/lib/python3.7/site-packages/airflow/example_dags/example_task_group.py
[2023-05-25T14:41:52.627+0000] {logging_mixin.py:149} INFO - [2023-05-25T14:41:52.627+0000] {dag.py:2726} INFO - Sync 1 DAGs
[2023-05-25T14:41:52.677+0000] {logging_mixin.py:149} INFO - [2023-05-25T14:41:52.677+0000] {dag.py:3490} INFO - Setting next_dagrun for example_task_group to 2023-05-24T14:41:52.676845+00:00, run_after=2023-05-25T14:41:52.676845+00:00
[2023-05-25T14:41:52.724+0000] {processor.py:179} INFO - Processing /home/airflow/.local/lib/python3.7/site-packages/airflow/example_dags/example_task_group.py took 0.162 seconds
[2023-05-25T14:42:23.620+0000] {processor.py:157} INFO - Started process (PID=172) to work on /home/airflow/.local/lib/python3.7/site-packages/airflow/example_dags/example_task_group.py
[2023-05-25T14:42:23.624+0000] {processor.py:826} INFO - Processing file /home/airflow/.local/lib/python3.7/site-packages/airflow/example_dags/example_task_group.py for tasks to queue
[2023-05-25T14:42:23.627+0000] {logging_mixin.py:149} INFO - [2023-05-25T14:42:23.627+0000] {dagbag.py:541} INFO - Filling up the DagBag from /home/airflow/.local/lib/python3.7/site-packages/airflow/example_dags/example_task_group.py
[2023-05-25T14:42:23.654+0000] {processor.py:836} INFO - DAG(s) dict_keys(['example_task_group']) retrieved from /home/airflow/.local/lib/python3.7/site-packages/airflow/example_dags/example_task_group.py
[2023-05-25T14:42:23.914+0000] {logging_mixin.py:149} INFO - [2023-05-25T14:42:23.914+0000] {dag.py:2726} INFO - Sync 1 DAGs
[2023-05-25T14:42:23.964+0000] {logging_mixin.py:149} INFO - [2023-05-25T14:42:23.964+0000] {dag.py:3490} INFO - Setting next_dagrun for example_task_group to 2023-05-24T14:42:23.963785+00:00, run_after=2023-05-25T14:42:23.963785+00:00
[2023-05-25T14:42:24.000+0000] {processor.py:179} INFO - Processing /home/airflow/.local/lib/python3.7/site-packages/airflow/example_dags/example_task_group.py took 0.386 seconds
[2023-05-25T14:42:54.272+0000] {processor.py:157} INFO - Started process (PID=227) to work on /home/airflow/.local/lib/python3.7/site-packages/airflow/example_dags/example_task_group.py
[2023-05-25T14:42:54.278+0000] {processor.py:826} INFO - Processing file /home/airflow/.local/lib/python3.7/site-packages/airflow/example_dags/example_task_group.py for tasks to queue
[2023-05-25T14:42:54.283+0000] {logging_mixin.py:149} INFO - [2023-05-25T14:42:54.282+0000] {dagbag.py:541} INFO - Filling up the DagBag from /home/airflow/.local/lib/python3.7/site-packages/airflow/example_dags/example_task_group.py
[2023-05-25T14:42:54.306+0000] {processor.py:836} INFO - DAG(s) dict_keys(['example_task_group']) retrieved from /home/airflow/.local/lib/python3.7/site-packages/airflow/example_dags/example_task_group.py
[2023-05-25T14:42:54.407+0000] {logging_mixin.py:149} INFO - [2023-05-25T14:42:54.399+0000] {dag.py:2726} INFO - Sync 1 DAGs
[2023-05-25T14:42:54.453+0000] {logging_mixin.py:149} INFO - [2023-05-25T14:42:54.453+0000] {dag.py:3490} INFO - Setting next_dagrun for example_task_group to 2023-05-24T14:42:54.452637+00:00, run_after=2023-05-25T14:42:54.452637+00:00
[2023-05-25T14:42:54.495+0000] {processor.py:179} INFO - Processing /home/airflow/.local/lib/python3.7/site-packages/airflow/example_dags/example_task_group.py took 0.229 seconds
[2023-05-25T14:46:17.289+0000] {processor.py:157} INFO - Started process (PID=59) to work on /home/airflow/.local/lib/python3.7/site-packages/airflow/example_dags/example_task_group.py
[2023-05-25T14:46:17.310+0000] {processor.py:826} INFO - Processing file /home/airflow/.local/lib/python3.7/site-packages/airflow/example_dags/example_task_group.py for tasks to queue
[2023-05-25T14:46:17.359+0000] {logging_mixin.py:149} INFO - [2023-05-25T14:46:17.349+0000] {dagbag.py:541} INFO - Filling up the DagBag from /home/airflow/.local/lib/python3.7/site-packages/airflow/example_dags/example_task_group.py
[2023-05-25T14:46:17.614+0000] {processor.py:836} INFO - DAG(s) dict_keys(['example_task_group']) retrieved from /home/airflow/.local/lib/python3.7/site-packages/airflow/example_dags/example_task_group.py
[2023-05-25T14:46:17.913+0000] {logging_mixin.py:149} INFO - [2023-05-25T14:46:17.910+0000] {dag.py:2726} INFO - Sync 1 DAGs
[2023-05-25T14:46:18.554+0000] {logging_mixin.py:149} INFO - [2023-05-25T14:46:18.553+0000] {dag.py:3490} INFO - Setting next_dagrun for example_task_group to 2023-05-24T14:46:18.544920+00:00, run_after=2023-05-25T14:46:18.544920+00:00
[2023-05-25T14:46:19.036+0000] {processor.py:179} INFO - Processing /home/airflow/.local/lib/python3.7/site-packages/airflow/example_dags/example_task_group.py took 1.823 seconds
[2023-05-25T14:46:49.467+0000] {processor.py:157} INFO - Started process (PID=115) to work on /home/airflow/.local/lib/python3.7/site-packages/airflow/example_dags/example_task_group.py
[2023-05-25T14:46:49.473+0000] {processor.py:826} INFO - Processing file /home/airflow/.local/lib/python3.7/site-packages/airflow/example_dags/example_task_group.py for tasks to queue
[2023-05-25T14:46:49.477+0000] {logging_mixin.py:149} INFO - [2023-05-25T14:46:49.476+0000] {dagbag.py:541} INFO - Filling up the DagBag from /home/airflow/.local/lib/python3.7/site-packages/airflow/example_dags/example_task_group.py
[2023-05-25T14:46:49.526+0000] {processor.py:836} INFO - DAG(s) dict_keys(['example_task_group']) retrieved from /home/airflow/.local/lib/python3.7/site-packages/airflow/example_dags/example_task_group.py
[2023-05-25T14:46:49.673+0000] {logging_mixin.py:149} INFO - [2023-05-25T14:46:49.672+0000] {dag.py:2726} INFO - Sync 1 DAGs
[2023-05-25T14:46:49.761+0000] {logging_mixin.py:149} INFO - [2023-05-25T14:46:49.760+0000] {dag.py:3490} INFO - Setting next_dagrun for example_task_group to 2023-05-24T14:46:49.758718+00:00, run_after=2023-05-25T14:46:49.758718+00:00
[2023-05-25T14:46:49.832+0000] {processor.py:179} INFO - Processing /home/airflow/.local/lib/python3.7/site-packages/airflow/example_dags/example_task_group.py took 0.374 seconds
[2023-05-25T14:47:20.513+0000] {processor.py:157} INFO - Started process (PID=170) to work on /home/airflow/.local/lib/python3.7/site-packages/airflow/example_dags/example_task_group.py
[2023-05-25T14:47:20.518+0000] {processor.py:826} INFO - Processing file /home/airflow/.local/lib/python3.7/site-packages/airflow/example_dags/example_task_group.py for tasks to queue
[2023-05-25T14:47:20.522+0000] {logging_mixin.py:149} INFO - [2023-05-25T14:47:20.521+0000] {dagbag.py:541} INFO - Filling up the DagBag from /home/airflow/.local/lib/python3.7/site-packages/airflow/example_dags/example_task_group.py
[2023-05-25T14:47:20.539+0000] {processor.py:836} INFO - DAG(s) dict_keys(['example_task_group']) retrieved from /home/airflow/.local/lib/python3.7/site-packages/airflow/example_dags/example_task_group.py
[2023-05-25T14:47:20.634+0000] {logging_mixin.py:149} INFO - [2023-05-25T14:47:20.634+0000] {dag.py:2726} INFO - Sync 1 DAGs
[2023-05-25T14:47:20.935+0000] {logging_mixin.py:149} INFO - [2023-05-25T14:47:20.935+0000] {dag.py:3490} INFO - Setting next_dagrun for example_task_group to 2023-05-24T14:47:20.935283+00:00, run_after=2023-05-25T14:47:20.935283+00:00
[2023-05-25T14:47:21.031+0000] {processor.py:179} INFO - Processing /home/airflow/.local/lib/python3.7/site-packages/airflow/example_dags/example_task_group.py took 0.527 seconds
[2023-05-25T14:47:54.110+0000] {processor.py:157} INFO - Started process (PID=225) to work on /home/airflow/.local/lib/python3.7/site-packages/airflow/example_dags/example_task_group.py
[2023-05-25T14:47:54.139+0000] {processor.py:826} INFO - Processing file /home/airflow/.local/lib/python3.7/site-packages/airflow/example_dags/example_task_group.py for tasks to queue
[2023-05-25T14:47:54.145+0000] {logging_mixin.py:149} INFO - [2023-05-25T14:47:54.144+0000] {dagbag.py:541} INFO - Filling up the DagBag from /home/airflow/.local/lib/python3.7/site-packages/airflow/example_dags/example_task_group.py
[2023-05-25T14:47:54.194+0000] {processor.py:836} INFO - DAG(s) dict_keys(['example_task_group']) retrieved from /home/airflow/.local/lib/python3.7/site-packages/airflow/example_dags/example_task_group.py
[2023-05-25T14:47:54.436+0000] {logging_mixin.py:149} INFO - [2023-05-25T14:47:54.435+0000] {dag.py:2726} INFO - Sync 1 DAGs
[2023-05-25T14:47:54.787+0000] {logging_mixin.py:149} INFO - [2023-05-25T14:47:54.787+0000] {dag.py:3490} INFO - Setting next_dagrun for example_task_group to 2023-05-24T14:47:54.787040+00:00, run_after=2023-05-25T14:47:54.787040+00:00
[2023-05-25T14:47:55.028+0000] {processor.py:179} INFO - Processing /home/airflow/.local/lib/python3.7/site-packages/airflow/example_dags/example_task_group.py took 0.879 seconds
