[2023-05-25T14:38:49.842+0000] {processor.py:157} INFO - Started process (PID=78) to work on /home/airflow/.local/lib/python3.7/site-packages/airflow/example_dags/example_trigger_target_dag.py
[2023-05-25T14:38:49.856+0000] {processor.py:826} INFO - Processing file /home/airflow/.local/lib/python3.7/site-packages/airflow/example_dags/example_trigger_target_dag.py for tasks to queue
[2023-05-25T14:38:49.858+0000] {logging_mixin.py:149} INFO - [2023-05-25T14:38:49.858+0000] {dagbag.py:541} INFO - Filling up the DagBag from /home/airflow/.local/lib/python3.7/site-packages/airflow/example_dags/example_trigger_target_dag.py
[2023-05-25T14:38:49.875+0000] {processor.py:836} INFO - DAG(s) dict_keys(['example_trigger_target_dag']) retrieved from /home/airflow/.local/lib/python3.7/site-packages/airflow/example_dags/example_trigger_target_dag.py
[2023-05-25T14:38:49.956+0000] {logging_mixin.py:149} INFO - [2023-05-25T14:38:49.956+0000] {dag.py:2726} INFO - Sync 1 DAGs
[2023-05-25T14:38:50.054+0000] {logging_mixin.py:149} INFO - [2023-05-25T14:38:50.053+0000] {dag.py:3490} INFO - Setting next_dagrun for example_trigger_target_dag to None, run_after=None
[2023-05-25T14:38:50.127+0000] {processor.py:179} INFO - Processing /home/airflow/.local/lib/python3.7/site-packages/airflow/example_dags/example_trigger_target_dag.py took 0.307 seconds
[2023-05-25T14:39:21.183+0000] {processor.py:157} INFO - Started process (PID=133) to work on /home/airflow/.local/lib/python3.7/site-packages/airflow/example_dags/example_trigger_target_dag.py
[2023-05-25T14:39:21.188+0000] {processor.py:826} INFO - Processing file /home/airflow/.local/lib/python3.7/site-packages/airflow/example_dags/example_trigger_target_dag.py for tasks to queue
[2023-05-25T14:39:21.193+0000] {logging_mixin.py:149} INFO - [2023-05-25T14:39:21.192+0000] {dagbag.py:541} INFO - Filling up the DagBag from /home/airflow/.local/lib/python3.7/site-packages/airflow/example_dags/example_trigger_target_dag.py
[2023-05-25T14:39:21.205+0000] {processor.py:836} INFO - DAG(s) dict_keys(['example_trigger_target_dag']) retrieved from /home/airflow/.local/lib/python3.7/site-packages/airflow/example_dags/example_trigger_target_dag.py
[2023-05-25T14:39:21.281+0000] {logging_mixin.py:149} INFO - [2023-05-25T14:39:21.281+0000] {dag.py:2726} INFO - Sync 1 DAGs
[2023-05-25T14:39:21.375+0000] {logging_mixin.py:149} INFO - [2023-05-25T14:39:21.374+0000] {dag.py:3490} INFO - Setting next_dagrun for example_trigger_target_dag to None, run_after=None
[2023-05-25T14:39:21.438+0000] {processor.py:179} INFO - Processing /home/airflow/.local/lib/python3.7/site-packages/airflow/example_dags/example_trigger_target_dag.py took 0.263 seconds
[2023-05-25T14:41:26.895+0000] {processor.py:157} INFO - Started process (PID=76) to work on /home/airflow/.local/lib/python3.7/site-packages/airflow/example_dags/example_trigger_target_dag.py
[2023-05-25T14:41:26.899+0000] {processor.py:826} INFO - Processing file /home/airflow/.local/lib/python3.7/site-packages/airflow/example_dags/example_trigger_target_dag.py for tasks to queue
[2023-05-25T14:41:26.904+0000] {logging_mixin.py:149} INFO - [2023-05-25T14:41:26.903+0000] {dagbag.py:541} INFO - Filling up the DagBag from /home/airflow/.local/lib/python3.7/site-packages/airflow/example_dags/example_trigger_target_dag.py
[2023-05-25T14:41:26.923+0000] {processor.py:836} INFO - DAG(s) dict_keys(['example_trigger_target_dag']) retrieved from /home/airflow/.local/lib/python3.7/site-packages/airflow/example_dags/example_trigger_target_dag.py
[2023-05-25T14:41:26.995+0000] {logging_mixin.py:149} INFO - [2023-05-25T14:41:26.995+0000] {dag.py:2726} INFO - Sync 1 DAGs
[2023-05-25T14:41:27.058+0000] {logging_mixin.py:149} INFO - [2023-05-25T14:41:27.058+0000] {dag.py:3490} INFO - Setting next_dagrun for example_trigger_target_dag to None, run_after=None
[2023-05-25T14:41:27.118+0000] {processor.py:179} INFO - Processing /home/airflow/.local/lib/python3.7/site-packages/airflow/example_dags/example_trigger_target_dag.py took 0.245 seconds
[2023-05-25T14:41:57.345+0000] {processor.py:157} INFO - Started process (PID=132) to work on /home/airflow/.local/lib/python3.7/site-packages/airflow/example_dags/example_trigger_target_dag.py
[2023-05-25T14:41:57.349+0000] {processor.py:826} INFO - Processing file /home/airflow/.local/lib/python3.7/site-packages/airflow/example_dags/example_trigger_target_dag.py for tasks to queue
[2023-05-25T14:41:57.352+0000] {logging_mixin.py:149} INFO - [2023-05-25T14:41:57.352+0000] {dagbag.py:541} INFO - Filling up the DagBag from /home/airflow/.local/lib/python3.7/site-packages/airflow/example_dags/example_trigger_target_dag.py
[2023-05-25T14:41:57.376+0000] {processor.py:836} INFO - DAG(s) dict_keys(['example_trigger_target_dag']) retrieved from /home/airflow/.local/lib/python3.7/site-packages/airflow/example_dags/example_trigger_target_dag.py
[2023-05-25T14:41:57.419+0000] {logging_mixin.py:149} INFO - [2023-05-25T14:41:57.419+0000] {dag.py:2726} INFO - Sync 1 DAGs
[2023-05-25T14:41:57.480+0000] {logging_mixin.py:149} INFO - [2023-05-25T14:41:57.480+0000] {dag.py:3490} INFO - Setting next_dagrun for example_trigger_target_dag to None, run_after=None
[2023-05-25T14:41:57.516+0000] {processor.py:179} INFO - Processing /home/airflow/.local/lib/python3.7/site-packages/airflow/example_dags/example_trigger_target_dag.py took 0.178 seconds
[2023-05-25T14:42:30.424+0000] {processor.py:157} INFO - Started process (PID=188) to work on /home/airflow/.local/lib/python3.7/site-packages/airflow/example_dags/example_trigger_target_dag.py
[2023-05-25T14:42:30.431+0000] {processor.py:826} INFO - Processing file /home/airflow/.local/lib/python3.7/site-packages/airflow/example_dags/example_trigger_target_dag.py for tasks to queue
[2023-05-25T14:42:30.434+0000] {logging_mixin.py:149} INFO - [2023-05-25T14:42:30.434+0000] {dagbag.py:541} INFO - Filling up the DagBag from /home/airflow/.local/lib/python3.7/site-packages/airflow/example_dags/example_trigger_target_dag.py
[2023-05-25T14:42:30.450+0000] {processor.py:836} INFO - DAG(s) dict_keys(['example_trigger_target_dag']) retrieved from /home/airflow/.local/lib/python3.7/site-packages/airflow/example_dags/example_trigger_target_dag.py
[2023-05-25T14:42:30.871+0000] {logging_mixin.py:149} INFO - [2023-05-25T14:42:30.871+0000] {dag.py:2726} INFO - Sync 1 DAGs
[2023-05-25T14:42:31.057+0000] {logging_mixin.py:149} INFO - [2023-05-25T14:42:31.057+0000] {dag.py:3490} INFO - Setting next_dagrun for example_trigger_target_dag to None, run_after=None
[2023-05-25T14:42:31.100+0000] {processor.py:179} INFO - Processing /home/airflow/.local/lib/python3.7/site-packages/airflow/example_dags/example_trigger_target_dag.py took 0.687 seconds
[2023-05-25T14:43:01.592+0000] {processor.py:157} INFO - Started process (PID=244) to work on /home/airflow/.local/lib/python3.7/site-packages/airflow/example_dags/example_trigger_target_dag.py
[2023-05-25T14:43:01.596+0000] {processor.py:826} INFO - Processing file /home/airflow/.local/lib/python3.7/site-packages/airflow/example_dags/example_trigger_target_dag.py for tasks to queue
[2023-05-25T14:43:01.600+0000] {logging_mixin.py:149} INFO - [2023-05-25T14:43:01.600+0000] {dagbag.py:541} INFO - Filling up the DagBag from /home/airflow/.local/lib/python3.7/site-packages/airflow/example_dags/example_trigger_target_dag.py
[2023-05-25T14:43:01.623+0000] {processor.py:836} INFO - DAG(s) dict_keys(['example_trigger_target_dag']) retrieved from /home/airflow/.local/lib/python3.7/site-packages/airflow/example_dags/example_trigger_target_dag.py
[2023-05-25T14:43:02.022+0000] {logging_mixin.py:149} INFO - [2023-05-25T14:43:02.018+0000] {dag.py:2726} INFO - Sync 1 DAGs
[2023-05-25T14:43:02.148+0000] {logging_mixin.py:149} INFO - [2023-05-25T14:43:02.143+0000] {dag.py:3490} INFO - Setting next_dagrun for example_trigger_target_dag to None, run_after=None
[2023-05-25T14:43:02.281+0000] {processor.py:179} INFO - Processing /home/airflow/.local/lib/python3.7/site-packages/airflow/example_dags/example_trigger_target_dag.py took 0.696 seconds
[2023-05-25T14:46:26.422+0000] {processor.py:157} INFO - Started process (PID=75) to work on /home/airflow/.local/lib/python3.7/site-packages/airflow/example_dags/example_trigger_target_dag.py
[2023-05-25T14:46:26.428+0000] {processor.py:826} INFO - Processing file /home/airflow/.local/lib/python3.7/site-packages/airflow/example_dags/example_trigger_target_dag.py for tasks to queue
[2023-05-25T14:46:26.433+0000] {logging_mixin.py:149} INFO - [2023-05-25T14:46:26.432+0000] {dagbag.py:541} INFO - Filling up the DagBag from /home/airflow/.local/lib/python3.7/site-packages/airflow/example_dags/example_trigger_target_dag.py
[2023-05-25T14:46:26.472+0000] {processor.py:836} INFO - DAG(s) dict_keys(['example_trigger_target_dag']) retrieved from /home/airflow/.local/lib/python3.7/site-packages/airflow/example_dags/example_trigger_target_dag.py
[2023-05-25T14:46:26.694+0000] {logging_mixin.py:149} INFO - [2023-05-25T14:46:26.693+0000] {dag.py:2726} INFO - Sync 1 DAGs
[2023-05-25T14:46:26.796+0000] {logging_mixin.py:149} INFO - [2023-05-25T14:46:26.796+0000] {dag.py:3490} INFO - Setting next_dagrun for example_trigger_target_dag to None, run_after=None
[2023-05-25T14:46:26.842+0000] {processor.py:179} INFO - Processing /home/airflow/.local/lib/python3.7/site-packages/airflow/example_dags/example_trigger_target_dag.py took 0.514 seconds
[2023-05-25T14:46:57.138+0000] {processor.py:157} INFO - Started process (PID=131) to work on /home/airflow/.local/lib/python3.7/site-packages/airflow/example_dags/example_trigger_target_dag.py
[2023-05-25T14:46:57.143+0000] {processor.py:826} INFO - Processing file /home/airflow/.local/lib/python3.7/site-packages/airflow/example_dags/example_trigger_target_dag.py for tasks to queue
[2023-05-25T14:46:57.149+0000] {logging_mixin.py:149} INFO - [2023-05-25T14:46:57.148+0000] {dagbag.py:541} INFO - Filling up the DagBag from /home/airflow/.local/lib/python3.7/site-packages/airflow/example_dags/example_trigger_target_dag.py
[2023-05-25T14:46:57.210+0000] {processor.py:836} INFO - DAG(s) dict_keys(['example_trigger_target_dag']) retrieved from /home/airflow/.local/lib/python3.7/site-packages/airflow/example_dags/example_trigger_target_dag.py
[2023-05-25T14:46:57.353+0000] {logging_mixin.py:149} INFO - [2023-05-25T14:46:57.353+0000] {dag.py:2726} INFO - Sync 1 DAGs
[2023-05-25T14:46:57.411+0000] {logging_mixin.py:149} INFO - [2023-05-25T14:46:57.411+0000] {dag.py:3490} INFO - Setting next_dagrun for example_trigger_target_dag to None, run_after=None
[2023-05-25T14:46:57.466+0000] {processor.py:179} INFO - Processing /home/airflow/.local/lib/python3.7/site-packages/airflow/example_dags/example_trigger_target_dag.py took 0.340 seconds
[2023-05-25T14:47:29.107+0000] {processor.py:157} INFO - Started process (PID=186) to work on /home/airflow/.local/lib/python3.7/site-packages/airflow/example_dags/example_trigger_target_dag.py
[2023-05-25T14:47:29.111+0000] {processor.py:826} INFO - Processing file /home/airflow/.local/lib/python3.7/site-packages/airflow/example_dags/example_trigger_target_dag.py for tasks to queue
[2023-05-25T14:47:29.114+0000] {logging_mixin.py:149} INFO - [2023-05-25T14:47:29.114+0000] {dagbag.py:541} INFO - Filling up the DagBag from /home/airflow/.local/lib/python3.7/site-packages/airflow/example_dags/example_trigger_target_dag.py
[2023-05-25T14:47:29.130+0000] {processor.py:836} INFO - DAG(s) dict_keys(['example_trigger_target_dag']) retrieved from /home/airflow/.local/lib/python3.7/site-packages/airflow/example_dags/example_trigger_target_dag.py
[2023-05-25T14:47:29.178+0000] {logging_mixin.py:149} INFO - [2023-05-25T14:47:29.178+0000] {dag.py:2726} INFO - Sync 1 DAGs
[2023-05-25T14:47:29.471+0000] {logging_mixin.py:149} INFO - [2023-05-25T14:47:29.470+0000] {dag.py:3490} INFO - Setting next_dagrun for example_trigger_target_dag to None, run_after=None
[2023-05-25T14:47:29.542+0000] {processor.py:179} INFO - Processing /home/airflow/.local/lib/python3.7/site-packages/airflow/example_dags/example_trigger_target_dag.py took 0.443 seconds
[2023-05-25T14:48:03.878+0000] {processor.py:157} INFO - Started process (PID=242) to work on /home/airflow/.local/lib/python3.7/site-packages/airflow/example_dags/example_trigger_target_dag.py
[2023-05-25T14:48:03.892+0000] {processor.py:826} INFO - Processing file /home/airflow/.local/lib/python3.7/site-packages/airflow/example_dags/example_trigger_target_dag.py for tasks to queue
[2023-05-25T14:48:03.898+0000] {logging_mixin.py:149} INFO - [2023-05-25T14:48:03.897+0000] {dagbag.py:541} INFO - Filling up the DagBag from /home/airflow/.local/lib/python3.7/site-packages/airflow/example_dags/example_trigger_target_dag.py
[2023-05-25T14:48:03.933+0000] {processor.py:836} INFO - DAG(s) dict_keys(['example_trigger_target_dag']) retrieved from /home/airflow/.local/lib/python3.7/site-packages/airflow/example_dags/example_trigger_target_dag.py
[2023-05-25T14:48:04.224+0000] {logging_mixin.py:149} INFO - [2023-05-25T14:48:04.222+0000] {dag.py:2726} INFO - Sync 1 DAGs
[2023-05-25T14:48:04.469+0000] {logging_mixin.py:149} INFO - [2023-05-25T14:48:04.469+0000] {dag.py:3490} INFO - Setting next_dagrun for example_trigger_target_dag to None, run_after=None
[2023-05-25T14:48:04.594+0000] {processor.py:179} INFO - Processing /home/airflow/.local/lib/python3.7/site-packages/airflow/example_dags/example_trigger_target_dag.py took 0.768 seconds
