[2023-05-25T14:38:32.230+0000] {processor.py:157} INFO - Started process (PID=48) to work on /home/airflow/.local/lib/python3.7/site-packages/airflow/example_dags/example_dag_decorator.py
[2023-05-25T14:38:32.236+0000] {processor.py:826} INFO - Processing file /home/airflow/.local/lib/python3.7/site-packages/airflow/example_dags/example_dag_decorator.py for tasks to queue
[2023-05-25T14:38:32.241+0000] {logging_mixin.py:149} INFO - [2023-05-25T14:38:32.240+0000] {dagbag.py:541} INFO - Filling up the DagBag from /home/airflow/.local/lib/python3.7/site-packages/airflow/example_dags/example_dag_decorator.py
[2023-05-25T14:38:32.269+0000] {logging_mixin.py:149} INFO - [2023-05-25T14:38:32.269+0000] {taskmixin.py:211} WARNING - Dependency <Task(_PythonDecoratedOperator): prepare_email>, send_email already registered for DAG: example_dag_decorator
[2023-05-25T14:38:32.273+0000] {logging_mixin.py:149} INFO - [2023-05-25T14:38:32.272+0000] {taskmixin.py:211} WARNING - Dependency <Task(EmailOperator): send_email>, prepare_email already registered for DAG: example_dag_decorator
[2023-05-25T14:38:32.312+0000] {processor.py:836} INFO - DAG(s) dict_keys(['example_dag_decorator']) retrieved from /home/airflow/.local/lib/python3.7/site-packages/airflow/example_dags/example_dag_decorator.py
[2023-05-25T14:38:32.608+0000] {logging_mixin.py:149} INFO - [2023-05-25T14:38:32.608+0000] {dag.py:2726} INFO - Sync 1 DAGs
[2023-05-25T14:38:32.664+0000] {logging_mixin.py:149} INFO - [2023-05-25T14:38:32.663+0000] {dag.py:3490} INFO - Setting next_dagrun for example_dag_decorator to None, run_after=None
[2023-05-25T14:38:32.735+0000] {processor.py:179} INFO - Processing /home/airflow/.local/lib/python3.7/site-packages/airflow/example_dags/example_dag_decorator.py took 0.517 seconds
[2023-05-25T14:39:02.993+0000] {processor.py:157} INFO - Started process (PID=102) to work on /home/airflow/.local/lib/python3.7/site-packages/airflow/example_dags/example_dag_decorator.py
[2023-05-25T14:39:02.998+0000] {processor.py:826} INFO - Processing file /home/airflow/.local/lib/python3.7/site-packages/airflow/example_dags/example_dag_decorator.py for tasks to queue
[2023-05-25T14:39:03.031+0000] {logging_mixin.py:149} INFO - [2023-05-25T14:39:03.030+0000] {dagbag.py:541} INFO - Filling up the DagBag from /home/airflow/.local/lib/python3.7/site-packages/airflow/example_dags/example_dag_decorator.py
[2023-05-25T14:39:03.068+0000] {logging_mixin.py:149} INFO - [2023-05-25T14:39:03.067+0000] {taskmixin.py:211} WARNING - Dependency <Task(_PythonDecoratedOperator): prepare_email>, send_email already registered for DAG: example_dag_decorator
[2023-05-25T14:39:03.083+0000] {logging_mixin.py:149} INFO - [2023-05-25T14:39:03.082+0000] {taskmixin.py:211} WARNING - Dependency <Task(EmailOperator): send_email>, prepare_email already registered for DAG: example_dag_decorator
[2023-05-25T14:39:03.133+0000] {processor.py:836} INFO - DAG(s) dict_keys(['example_dag_decorator']) retrieved from /home/airflow/.local/lib/python3.7/site-packages/airflow/example_dags/example_dag_decorator.py
[2023-05-25T14:39:03.333+0000] {logging_mixin.py:149} INFO - [2023-05-25T14:39:03.333+0000] {dag.py:2726} INFO - Sync 1 DAGs
[2023-05-25T14:39:03.385+0000] {logging_mixin.py:149} INFO - [2023-05-25T14:39:03.385+0000] {dag.py:3490} INFO - Setting next_dagrun for example_dag_decorator to None, run_after=None
[2023-05-25T14:39:03.437+0000] {processor.py:179} INFO - Processing /home/airflow/.local/lib/python3.7/site-packages/airflow/example_dags/example_dag_decorator.py took 0.500 seconds
[2023-05-25T14:39:33.737+0000] {processor.py:157} INFO - Started process (PID=158) to work on /home/airflow/.local/lib/python3.7/site-packages/airflow/example_dags/example_dag_decorator.py
[2023-05-25T14:39:33.743+0000] {processor.py:826} INFO - Processing file /home/airflow/.local/lib/python3.7/site-packages/airflow/example_dags/example_dag_decorator.py for tasks to queue
[2023-05-25T14:39:33.748+0000] {logging_mixin.py:149} INFO - [2023-05-25T14:39:33.747+0000] {dagbag.py:541} INFO - Filling up the DagBag from /home/airflow/.local/lib/python3.7/site-packages/airflow/example_dags/example_dag_decorator.py
[2023-05-25T14:39:33.796+0000] {logging_mixin.py:149} INFO - [2023-05-25T14:39:33.796+0000] {taskmixin.py:211} WARNING - Dependency <Task(_PythonDecoratedOperator): prepare_email>, send_email already registered for DAG: example_dag_decorator
[2023-05-25T14:39:33.804+0000] {logging_mixin.py:149} INFO - [2023-05-25T14:39:33.803+0000] {taskmixin.py:211} WARNING - Dependency <Task(EmailOperator): send_email>, prepare_email already registered for DAG: example_dag_decorator
[2023-05-25T14:39:33.847+0000] {processor.py:836} INFO - DAG(s) dict_keys(['example_dag_decorator']) retrieved from /home/airflow/.local/lib/python3.7/site-packages/airflow/example_dags/example_dag_decorator.py
[2023-05-25T14:39:34.110+0000] {logging_mixin.py:149} INFO - [2023-05-25T14:39:34.109+0000] {dag.py:2726} INFO - Sync 1 DAGs
[2023-05-25T14:39:34.164+0000] {logging_mixin.py:149} INFO - [2023-05-25T14:39:34.164+0000] {dag.py:3490} INFO - Setting next_dagrun for example_dag_decorator to None, run_after=None
[2023-05-25T14:39:34.214+0000] {processor.py:179} INFO - Processing /home/airflow/.local/lib/python3.7/site-packages/airflow/example_dags/example_dag_decorator.py took 0.494 seconds
[2023-05-25T14:41:11.103+0000] {processor.py:157} INFO - Started process (PID=46) to work on /home/airflow/.local/lib/python3.7/site-packages/airflow/example_dags/example_dag_decorator.py
[2023-05-25T14:41:11.139+0000] {processor.py:826} INFO - Processing file /home/airflow/.local/lib/python3.7/site-packages/airflow/example_dags/example_dag_decorator.py for tasks to queue
[2023-05-25T14:41:11.142+0000] {logging_mixin.py:149} INFO - [2023-05-25T14:41:11.142+0000] {dagbag.py:541} INFO - Filling up the DagBag from /home/airflow/.local/lib/python3.7/site-packages/airflow/example_dags/example_dag_decorator.py
[2023-05-25T14:41:11.320+0000] {logging_mixin.py:149} INFO - [2023-05-25T14:41:11.320+0000] {taskmixin.py:211} WARNING - Dependency <Task(_PythonDecoratedOperator): prepare_email>, send_email already registered for DAG: example_dag_decorator
[2023-05-25T14:41:11.322+0000] {logging_mixin.py:149} INFO - [2023-05-25T14:41:11.322+0000] {taskmixin.py:211} WARNING - Dependency <Task(EmailOperator): send_email>, prepare_email already registered for DAG: example_dag_decorator
[2023-05-25T14:41:11.372+0000] {processor.py:836} INFO - DAG(s) dict_keys(['example_dag_decorator']) retrieved from /home/airflow/.local/lib/python3.7/site-packages/airflow/example_dags/example_dag_decorator.py
[2023-05-25T14:41:11.735+0000] {logging_mixin.py:149} INFO - [2023-05-25T14:41:11.735+0000] {dag.py:2726} INFO - Sync 1 DAGs
[2023-05-25T14:41:12.013+0000] {logging_mixin.py:149} INFO - [2023-05-25T14:41:12.012+0000] {dag.py:3490} INFO - Setting next_dagrun for example_dag_decorator to None, run_after=None
[2023-05-25T14:41:12.116+0000] {processor.py:179} INFO - Processing /home/airflow/.local/lib/python3.7/site-packages/airflow/example_dags/example_dag_decorator.py took 1.050 seconds
[2023-05-25T14:41:43.022+0000] {processor.py:157} INFO - Started process (PID=102) to work on /home/airflow/.local/lib/python3.7/site-packages/airflow/example_dags/example_dag_decorator.py
[2023-05-25T14:41:43.026+0000] {processor.py:826} INFO - Processing file /home/airflow/.local/lib/python3.7/site-packages/airflow/example_dags/example_dag_decorator.py for tasks to queue
[2023-05-25T14:41:43.031+0000] {logging_mixin.py:149} INFO - [2023-05-25T14:41:43.030+0000] {dagbag.py:541} INFO - Filling up the DagBag from /home/airflow/.local/lib/python3.7/site-packages/airflow/example_dags/example_dag_decorator.py
[2023-05-25T14:41:43.046+0000] {logging_mixin.py:149} INFO - [2023-05-25T14:41:43.046+0000] {taskmixin.py:211} WARNING - Dependency <Task(_PythonDecoratedOperator): prepare_email>, send_email already registered for DAG: example_dag_decorator
[2023-05-25T14:41:43.051+0000] {logging_mixin.py:149} INFO - [2023-05-25T14:41:43.051+0000] {taskmixin.py:211} WARNING - Dependency <Task(EmailOperator): send_email>, prepare_email already registered for DAG: example_dag_decorator
[2023-05-25T14:41:43.070+0000] {processor.py:836} INFO - DAG(s) dict_keys(['example_dag_decorator']) retrieved from /home/airflow/.local/lib/python3.7/site-packages/airflow/example_dags/example_dag_decorator.py
[2023-05-25T14:41:43.135+0000] {logging_mixin.py:149} INFO - [2023-05-25T14:41:43.135+0000] {dag.py:2726} INFO - Sync 1 DAGs
[2023-05-25T14:41:43.188+0000] {logging_mixin.py:149} INFO - [2023-05-25T14:41:43.188+0000] {dag.py:3490} INFO - Setting next_dagrun for example_dag_decorator to None, run_after=None
[2023-05-25T14:41:43.228+0000] {processor.py:179} INFO - Processing /home/airflow/.local/lib/python3.7/site-packages/airflow/example_dags/example_dag_decorator.py took 0.221 seconds
[2023-05-25T14:42:13.930+0000] {processor.py:157} INFO - Started process (PID=157) to work on /home/airflow/.local/lib/python3.7/site-packages/airflow/example_dags/example_dag_decorator.py
[2023-05-25T14:42:13.933+0000] {processor.py:826} INFO - Processing file /home/airflow/.local/lib/python3.7/site-packages/airflow/example_dags/example_dag_decorator.py for tasks to queue
[2023-05-25T14:42:13.936+0000] {logging_mixin.py:149} INFO - [2023-05-25T14:42:13.936+0000] {dagbag.py:541} INFO - Filling up the DagBag from /home/airflow/.local/lib/python3.7/site-packages/airflow/example_dags/example_dag_decorator.py
[2023-05-25T14:42:13.951+0000] {logging_mixin.py:149} INFO - [2023-05-25T14:42:13.951+0000] {taskmixin.py:211} WARNING - Dependency <Task(_PythonDecoratedOperator): prepare_email>, send_email already registered for DAG: example_dag_decorator
[2023-05-25T14:42:13.955+0000] {logging_mixin.py:149} INFO - [2023-05-25T14:42:13.955+0000] {taskmixin.py:211} WARNING - Dependency <Task(EmailOperator): send_email>, prepare_email already registered for DAG: example_dag_decorator
[2023-05-25T14:42:13.973+0000] {processor.py:836} INFO - DAG(s) dict_keys(['example_dag_decorator']) retrieved from /home/airflow/.local/lib/python3.7/site-packages/airflow/example_dags/example_dag_decorator.py
[2023-05-25T14:42:14.331+0000] {logging_mixin.py:149} INFO - [2023-05-25T14:42:14.331+0000] {dag.py:2726} INFO - Sync 1 DAGs
[2023-05-25T14:42:14.397+0000] {logging_mixin.py:149} INFO - [2023-05-25T14:42:14.396+0000] {dag.py:3490} INFO - Setting next_dagrun for example_dag_decorator to None, run_after=None
[2023-05-25T14:42:14.441+0000] {processor.py:179} INFO - Processing /home/airflow/.local/lib/python3.7/site-packages/airflow/example_dags/example_dag_decorator.py took 0.517 seconds
[2023-05-25T14:42:44.582+0000] {processor.py:157} INFO - Started process (PID=213) to work on /home/airflow/.local/lib/python3.7/site-packages/airflow/example_dags/example_dag_decorator.py
[2023-05-25T14:42:44.585+0000] {processor.py:826} INFO - Processing file /home/airflow/.local/lib/python3.7/site-packages/airflow/example_dags/example_dag_decorator.py for tasks to queue
[2023-05-25T14:42:44.590+0000] {logging_mixin.py:149} INFO - [2023-05-25T14:42:44.588+0000] {dagbag.py:541} INFO - Filling up the DagBag from /home/airflow/.local/lib/python3.7/site-packages/airflow/example_dags/example_dag_decorator.py
[2023-05-25T14:42:44.612+0000] {logging_mixin.py:149} INFO - [2023-05-25T14:42:44.612+0000] {taskmixin.py:211} WARNING - Dependency <Task(_PythonDecoratedOperator): prepare_email>, send_email already registered for DAG: example_dag_decorator
[2023-05-25T14:42:44.615+0000] {logging_mixin.py:149} INFO - [2023-05-25T14:42:44.614+0000] {taskmixin.py:211} WARNING - Dependency <Task(EmailOperator): send_email>, prepare_email already registered for DAG: example_dag_decorator
[2023-05-25T14:42:44.636+0000] {processor.py:836} INFO - DAG(s) dict_keys(['example_dag_decorator']) retrieved from /home/airflow/.local/lib/python3.7/site-packages/airflow/example_dags/example_dag_decorator.py
[2023-05-25T14:42:44.772+0000] {logging_mixin.py:149} INFO - [2023-05-25T14:42:44.771+0000] {dag.py:2726} INFO - Sync 1 DAGs
[2023-05-25T14:42:44.814+0000] {logging_mixin.py:149} INFO - [2023-05-25T14:42:44.813+0000] {dag.py:3490} INFO - Setting next_dagrun for example_dag_decorator to None, run_after=None
[2023-05-25T14:42:44.859+0000] {processor.py:179} INFO - Processing /home/airflow/.local/lib/python3.7/site-packages/airflow/example_dags/example_dag_decorator.py took 0.284 seconds
[2023-05-25T14:45:20.322+0000] {processor.py:157} INFO - Started process (PID=262) to work on /home/airflow/.local/lib/python3.7/site-packages/airflow/example_dags/example_dag_decorator.py
[2023-05-25T14:45:20.326+0000] {processor.py:826} INFO - Processing file /home/airflow/.local/lib/python3.7/site-packages/airflow/example_dags/example_dag_decorator.py for tasks to queue
[2023-05-25T14:45:20.330+0000] {logging_mixin.py:149} INFO - [2023-05-25T14:45:20.330+0000] {dagbag.py:541} INFO - Filling up the DagBag from /home/airflow/.local/lib/python3.7/site-packages/airflow/example_dags/example_dag_decorator.py
[2023-05-25T14:45:20.349+0000] {logging_mixin.py:149} INFO - [2023-05-25T14:45:20.349+0000] {taskmixin.py:211} WARNING - Dependency <Task(_PythonDecoratedOperator): prepare_email>, send_email already registered for DAG: example_dag_decorator
[2023-05-25T14:45:20.352+0000] {logging_mixin.py:149} INFO - [2023-05-25T14:45:20.352+0000] {taskmixin.py:211} WARNING - Dependency <Task(EmailOperator): send_email>, prepare_email already registered for DAG: example_dag_decorator
[2023-05-25T14:45:20.409+0000] {processor.py:836} INFO - DAG(s) dict_keys(['example_dag_decorator']) retrieved from /home/airflow/.local/lib/python3.7/site-packages/airflow/example_dags/example_dag_decorator.py
[2023-05-25T14:46:01.796+0000] {processor.py:157} INFO - Started process (PID=39) to work on /home/airflow/.local/lib/python3.7/site-packages/airflow/example_dags/example_dag_decorator.py
[2023-05-25T14:46:01.802+0000] {processor.py:826} INFO - Processing file /home/airflow/.local/lib/python3.7/site-packages/airflow/example_dags/example_dag_decorator.py for tasks to queue
[2023-05-25T14:46:01.805+0000] {logging_mixin.py:149} INFO - [2023-05-25T14:46:01.805+0000] {dagbag.py:541} INFO - Filling up the DagBag from /home/airflow/.local/lib/python3.7/site-packages/airflow/example_dags/example_dag_decorator.py
[2023-05-25T14:46:01.843+0000] {logging_mixin.py:149} INFO - [2023-05-25T14:46:01.843+0000] {taskmixin.py:211} WARNING - Dependency <Task(_PythonDecoratedOperator): prepare_email>, send_email already registered for DAG: example_dag_decorator
[2023-05-25T14:46:01.846+0000] {logging_mixin.py:149} INFO - [2023-05-25T14:46:01.846+0000] {taskmixin.py:211} WARNING - Dependency <Task(EmailOperator): send_email>, prepare_email already registered for DAG: example_dag_decorator
[2023-05-25T14:46:01.871+0000] {processor.py:836} INFO - DAG(s) dict_keys(['example_dag_decorator']) retrieved from /home/airflow/.local/lib/python3.7/site-packages/airflow/example_dags/example_dag_decorator.py
[2023-05-25T14:46:02.320+0000] {logging_mixin.py:149} INFO - [2023-05-25T14:46:02.320+0000] {dag.py:2726} INFO - Sync 1 DAGs
[2023-05-25T14:46:02.389+0000] {logging_mixin.py:149} INFO - [2023-05-25T14:46:02.389+0000] {dag.py:3490} INFO - Setting next_dagrun for example_dag_decorator to None, run_after=None
[2023-05-25T14:46:02.477+0000] {processor.py:179} INFO - Processing /home/airflow/.local/lib/python3.7/site-packages/airflow/example_dags/example_dag_decorator.py took 0.717 seconds
[2023-05-25T14:46:32.810+0000] {processor.py:157} INFO - Started process (PID=93) to work on /home/airflow/.local/lib/python3.7/site-packages/airflow/example_dags/example_dag_decorator.py
[2023-05-25T14:46:32.813+0000] {processor.py:826} INFO - Processing file /home/airflow/.local/lib/python3.7/site-packages/airflow/example_dags/example_dag_decorator.py for tasks to queue
[2023-05-25T14:46:32.816+0000] {logging_mixin.py:149} INFO - [2023-05-25T14:46:32.815+0000] {dagbag.py:541} INFO - Filling up the DagBag from /home/airflow/.local/lib/python3.7/site-packages/airflow/example_dags/example_dag_decorator.py
[2023-05-25T14:46:32.832+0000] {logging_mixin.py:149} INFO - [2023-05-25T14:46:32.832+0000] {taskmixin.py:211} WARNING - Dependency <Task(_PythonDecoratedOperator): prepare_email>, send_email already registered for DAG: example_dag_decorator
[2023-05-25T14:46:32.835+0000] {logging_mixin.py:149} INFO - [2023-05-25T14:46:32.835+0000] {taskmixin.py:211} WARNING - Dependency <Task(EmailOperator): send_email>, prepare_email already registered for DAG: example_dag_decorator
[2023-05-25T14:46:32.851+0000] {processor.py:836} INFO - DAG(s) dict_keys(['example_dag_decorator']) retrieved from /home/airflow/.local/lib/python3.7/site-packages/airflow/example_dags/example_dag_decorator.py
[2023-05-25T14:46:33.068+0000] {logging_mixin.py:149} INFO - [2023-05-25T14:46:33.068+0000] {dag.py:2726} INFO - Sync 1 DAGs
[2023-05-25T14:46:33.116+0000] {logging_mixin.py:149} INFO - [2023-05-25T14:46:33.115+0000] {dag.py:3490} INFO - Setting next_dagrun for example_dag_decorator to None, run_after=None
[2023-05-25T14:46:33.566+0000] {processor.py:179} INFO - Processing /home/airflow/.local/lib/python3.7/site-packages/airflow/example_dags/example_dag_decorator.py took 0.761 seconds
[2023-05-25T14:47:04.090+0000] {processor.py:157} INFO - Started process (PID=149) to work on /home/airflow/.local/lib/python3.7/site-packages/airflow/example_dags/example_dag_decorator.py
[2023-05-25T14:47:04.093+0000] {processor.py:826} INFO - Processing file /home/airflow/.local/lib/python3.7/site-packages/airflow/example_dags/example_dag_decorator.py for tasks to queue
[2023-05-25T14:47:04.096+0000] {logging_mixin.py:149} INFO - [2023-05-25T14:47:04.095+0000] {dagbag.py:541} INFO - Filling up the DagBag from /home/airflow/.local/lib/python3.7/site-packages/airflow/example_dags/example_dag_decorator.py
[2023-05-25T14:47:04.108+0000] {logging_mixin.py:149} INFO - [2023-05-25T14:47:04.108+0000] {taskmixin.py:211} WARNING - Dependency <Task(_PythonDecoratedOperator): prepare_email>, send_email already registered for DAG: example_dag_decorator
[2023-05-25T14:47:04.110+0000] {logging_mixin.py:149} INFO - [2023-05-25T14:47:04.110+0000] {taskmixin.py:211} WARNING - Dependency <Task(EmailOperator): send_email>, prepare_email already registered for DAG: example_dag_decorator
[2023-05-25T14:47:04.130+0000] {processor.py:836} INFO - DAG(s) dict_keys(['example_dag_decorator']) retrieved from /home/airflow/.local/lib/python3.7/site-packages/airflow/example_dags/example_dag_decorator.py
[2023-05-25T14:47:04.503+0000] {logging_mixin.py:149} INFO - [2023-05-25T14:47:04.502+0000] {dag.py:2726} INFO - Sync 1 DAGs
[2023-05-25T14:47:04.548+0000] {logging_mixin.py:149} INFO - [2023-05-25T14:47:04.547+0000] {dag.py:3490} INFO - Setting next_dagrun for example_dag_decorator to None, run_after=None
[2023-05-25T14:47:04.585+0000] {processor.py:179} INFO - Processing /home/airflow/.local/lib/python3.7/site-packages/airflow/example_dags/example_dag_decorator.py took 0.502 seconds
[2023-05-25T14:47:35.164+0000] {processor.py:157} INFO - Started process (PID=204) to work on /home/airflow/.local/lib/python3.7/site-packages/airflow/example_dags/example_dag_decorator.py
[2023-05-25T14:47:35.171+0000] {processor.py:826} INFO - Processing file /home/airflow/.local/lib/python3.7/site-packages/airflow/example_dags/example_dag_decorator.py for tasks to queue
[2023-05-25T14:47:35.177+0000] {logging_mixin.py:149} INFO - [2023-05-25T14:47:35.177+0000] {dagbag.py:541} INFO - Filling up the DagBag from /home/airflow/.local/lib/python3.7/site-packages/airflow/example_dags/example_dag_decorator.py
[2023-05-25T14:47:35.195+0000] {logging_mixin.py:149} INFO - [2023-05-25T14:47:35.194+0000] {taskmixin.py:211} WARNING - Dependency <Task(_PythonDecoratedOperator): prepare_email>, send_email already registered for DAG: example_dag_decorator
[2023-05-25T14:47:35.198+0000] {logging_mixin.py:149} INFO - [2023-05-25T14:47:35.197+0000] {taskmixin.py:211} WARNING - Dependency <Task(EmailOperator): send_email>, prepare_email already registered for DAG: example_dag_decorator
[2023-05-25T14:47:35.386+0000] {processor.py:836} INFO - DAG(s) dict_keys(['example_dag_decorator']) retrieved from /home/airflow/.local/lib/python3.7/site-packages/airflow/example_dags/example_dag_decorator.py
[2023-05-25T14:47:35.710+0000] {logging_mixin.py:149} INFO - [2023-05-25T14:47:35.710+0000] {dag.py:2726} INFO - Sync 1 DAGs
[2023-05-25T14:47:35.767+0000] {logging_mixin.py:149} INFO - [2023-05-25T14:47:35.766+0000] {dag.py:3490} INFO - Setting next_dagrun for example_dag_decorator to None, run_after=None
[2023-05-25T14:47:35.807+0000] {processor.py:179} INFO - Processing /home/airflow/.local/lib/python3.7/site-packages/airflow/example_dags/example_dag_decorator.py took 0.662 seconds
[2023-05-25T14:48:06.856+0000] {processor.py:157} INFO - Started process (PID=255) to work on /home/airflow/.local/lib/python3.7/site-packages/airflow/example_dags/example_dag_decorator.py
[2023-05-25T14:48:06.860+0000] {processor.py:826} INFO - Processing file /home/airflow/.local/lib/python3.7/site-packages/airflow/example_dags/example_dag_decorator.py for tasks to queue
[2023-05-25T14:48:06.865+0000] {logging_mixin.py:149} INFO - [2023-05-25T14:48:06.864+0000] {dagbag.py:541} INFO - Filling up the DagBag from /home/airflow/.local/lib/python3.7/site-packages/airflow/example_dags/example_dag_decorator.py
[2023-05-25T14:48:06.887+0000] {logging_mixin.py:149} INFO - [2023-05-25T14:48:06.887+0000] {taskmixin.py:211} WARNING - Dependency <Task(_PythonDecoratedOperator): prepare_email>, send_email already registered for DAG: example_dag_decorator
[2023-05-25T14:48:06.893+0000] {logging_mixin.py:149} INFO - [2023-05-25T14:48:06.893+0000] {taskmixin.py:211} WARNING - Dependency <Task(EmailOperator): send_email>, prepare_email already registered for DAG: example_dag_decorator
[2023-05-25T14:48:06.952+0000] {processor.py:836} INFO - DAG(s) dict_keys(['example_dag_decorator']) retrieved from /home/airflow/.local/lib/python3.7/site-packages/airflow/example_dags/example_dag_decorator.py
[2023-05-25T14:48:07.124+0000] {logging_mixin.py:149} INFO - [2023-05-25T14:48:07.124+0000] {dag.py:2726} INFO - Sync 1 DAGs
[2023-05-25T14:48:07.192+0000] {logging_mixin.py:149} INFO - [2023-05-25T14:48:07.192+0000] {dag.py:3490} INFO - Setting next_dagrun for example_dag_decorator to None, run_after=None
[2023-05-25T14:48:07.246+0000] {processor.py:179} INFO - Processing /home/airflow/.local/lib/python3.7/site-packages/airflow/example_dags/example_dag_decorator.py took 0.397 seconds
