[2023-05-25T14:38:39.167+0000] {processor.py:157} INFO - Started process (PID=53) to work on /home/airflow/.local/lib/python3.7/site-packages/airflow/example_dags/example_task_group_decorator.py
[2023-05-25T14:38:39.176+0000] {processor.py:826} INFO - Processing file /home/airflow/.local/lib/python3.7/site-packages/airflow/example_dags/example_task_group_decorator.py for tasks to queue
[2023-05-25T14:38:39.185+0000] {logging_mixin.py:149} INFO - [2023-05-25T14:38:39.185+0000] {dagbag.py:541} INFO - Filling up the DagBag from /home/airflow/.local/lib/python3.7/site-packages/airflow/example_dags/example_task_group_decorator.py
[2023-05-25T14:38:39.385+0000] {processor.py:836} INFO - DAG(s) dict_keys(['example_task_group_decorator']) retrieved from /home/airflow/.local/lib/python3.7/site-packages/airflow/example_dags/example_task_group_decorator.py
[2023-05-25T14:38:39.585+0000] {logging_mixin.py:149} INFO - [2023-05-25T14:38:39.585+0000] {dag.py:2726} INFO - Sync 1 DAGs
[2023-05-25T14:38:39.758+0000] {logging_mixin.py:149} INFO - [2023-05-25T14:38:39.756+0000] {dag.py:3490} INFO - Setting next_dagrun for example_task_group_decorator to 2023-05-24T14:38:39.753917+00:00, run_after=2023-05-25T14:38:39.753917+00:00
[2023-05-25T14:38:39.958+0000] {processor.py:179} INFO - Processing /home/airflow/.local/lib/python3.7/site-packages/airflow/example_dags/example_task_group_decorator.py took 0.811 seconds
[2023-05-25T14:39:12.556+0000] {processor.py:157} INFO - Started process (PID=108) to work on /home/airflow/.local/lib/python3.7/site-packages/airflow/example_dags/example_task_group_decorator.py
[2023-05-25T14:39:12.562+0000] {processor.py:826} INFO - Processing file /home/airflow/.local/lib/python3.7/site-packages/airflow/example_dags/example_task_group_decorator.py for tasks to queue
[2023-05-25T14:39:12.566+0000] {logging_mixin.py:149} INFO - [2023-05-25T14:39:12.566+0000] {dagbag.py:541} INFO - Filling up the DagBag from /home/airflow/.local/lib/python3.7/site-packages/airflow/example_dags/example_task_group_decorator.py
[2023-05-25T14:39:12.615+0000] {processor.py:836} INFO - DAG(s) dict_keys(['example_task_group_decorator']) retrieved from /home/airflow/.local/lib/python3.7/site-packages/airflow/example_dags/example_task_group_decorator.py
[2023-05-25T14:39:12.805+0000] {logging_mixin.py:149} INFO - [2023-05-25T14:39:12.805+0000] {dag.py:2726} INFO - Sync 1 DAGs
[2023-05-25T14:39:12.895+0000] {logging_mixin.py:149} INFO - [2023-05-25T14:39:12.894+0000] {dag.py:3490} INFO - Setting next_dagrun for example_task_group_decorator to 2023-05-24T14:39:12.892488+00:00, run_after=2023-05-25T14:39:12.892488+00:00
[2023-05-25T14:39:13.058+0000] {processor.py:179} INFO - Processing /home/airflow/.local/lib/python3.7/site-packages/airflow/example_dags/example_task_group_decorator.py took 0.517 seconds
[2023-05-25T14:39:44.793+0000] {processor.py:157} INFO - Started process (PID=164) to work on /home/airflow/.local/lib/python3.7/site-packages/airflow/example_dags/example_task_group_decorator.py
[2023-05-25T14:39:44.796+0000] {processor.py:826} INFO - Processing file /home/airflow/.local/lib/python3.7/site-packages/airflow/example_dags/example_task_group_decorator.py for tasks to queue
[2023-05-25T14:39:44.798+0000] {logging_mixin.py:149} INFO - [2023-05-25T14:39:44.798+0000] {dagbag.py:541} INFO - Filling up the DagBag from /home/airflow/.local/lib/python3.7/site-packages/airflow/example_dags/example_task_group_decorator.py
[2023-05-25T14:39:44.831+0000] {processor.py:836} INFO - DAG(s) dict_keys(['example_task_group_decorator']) retrieved from /home/airflow/.local/lib/python3.7/site-packages/airflow/example_dags/example_task_group_decorator.py
[2023-05-25T14:39:44.968+0000] {logging_mixin.py:149} INFO - [2023-05-25T14:39:44.967+0000] {dag.py:2726} INFO - Sync 1 DAGs
[2023-05-25T14:39:45.012+0000] {logging_mixin.py:149} INFO - [2023-05-25T14:39:45.012+0000] {dag.py:3490} INFO - Setting next_dagrun for example_task_group_decorator to 2023-05-24T14:39:45.009942+00:00, run_after=2023-05-25T14:39:45.009942+00:00
[2023-05-25T14:39:45.053+0000] {processor.py:179} INFO - Processing /home/airflow/.local/lib/python3.7/site-packages/airflow/example_dags/example_task_group_decorator.py took 0.268 seconds
[2023-05-25T14:41:14.472+0000] {processor.py:157} INFO - Started process (PID=51) to work on /home/airflow/.local/lib/python3.7/site-packages/airflow/example_dags/example_task_group_decorator.py
[2023-05-25T14:41:14.484+0000] {processor.py:826} INFO - Processing file /home/airflow/.local/lib/python3.7/site-packages/airflow/example_dags/example_task_group_decorator.py for tasks to queue
[2023-05-25T14:41:14.496+0000] {logging_mixin.py:149} INFO - [2023-05-25T14:41:14.494+0000] {dagbag.py:541} INFO - Filling up the DagBag from /home/airflow/.local/lib/python3.7/site-packages/airflow/example_dags/example_task_group_decorator.py
[2023-05-25T14:41:14.690+0000] {processor.py:836} INFO - DAG(s) dict_keys(['example_task_group_decorator']) retrieved from /home/airflow/.local/lib/python3.7/site-packages/airflow/example_dags/example_task_group_decorator.py
[2023-05-25T14:41:14.867+0000] {logging_mixin.py:149} INFO - [2023-05-25T14:41:14.866+0000] {dag.py:2726} INFO - Sync 1 DAGs
[2023-05-25T14:41:15.076+0000] {logging_mixin.py:149} INFO - [2023-05-25T14:41:15.075+0000] {dag.py:3490} INFO - Setting next_dagrun for example_task_group_decorator to 2023-05-24T14:41:15.062147+00:00, run_after=2023-05-25T14:41:15.062147+00:00
[2023-05-25T14:41:15.323+0000] {processor.py:179} INFO - Processing /home/airflow/.local/lib/python3.7/site-packages/airflow/example_dags/example_task_group_decorator.py took 0.875 seconds
[2023-05-25T14:41:45.641+0000] {processor.py:157} INFO - Started process (PID=106) to work on /home/airflow/.local/lib/python3.7/site-packages/airflow/example_dags/example_task_group_decorator.py
[2023-05-25T14:41:45.645+0000] {processor.py:826} INFO - Processing file /home/airflow/.local/lib/python3.7/site-packages/airflow/example_dags/example_task_group_decorator.py for tasks to queue
[2023-05-25T14:41:45.649+0000] {logging_mixin.py:149} INFO - [2023-05-25T14:41:45.649+0000] {dagbag.py:541} INFO - Filling up the DagBag from /home/airflow/.local/lib/python3.7/site-packages/airflow/example_dags/example_task_group_decorator.py
[2023-05-25T14:41:45.701+0000] {processor.py:836} INFO - DAG(s) dict_keys(['example_task_group_decorator']) retrieved from /home/airflow/.local/lib/python3.7/site-packages/airflow/example_dags/example_task_group_decorator.py
[2023-05-25T14:41:45.733+0000] {logging_mixin.py:149} INFO - [2023-05-25T14:41:45.733+0000] {dag.py:2726} INFO - Sync 1 DAGs
[2023-05-25T14:41:45.787+0000] {logging_mixin.py:149} INFO - [2023-05-25T14:41:45.786+0000] {dag.py:3490} INFO - Setting next_dagrun for example_task_group_decorator to 2023-05-24T14:41:45.784476+00:00, run_after=2023-05-25T14:41:45.784476+00:00
[2023-05-25T14:41:45.822+0000] {processor.py:179} INFO - Processing /home/airflow/.local/lib/python3.7/site-packages/airflow/example_dags/example_task_group_decorator.py took 0.189 seconds
[2023-05-25T14:42:16.012+0000] {processor.py:157} INFO - Started process (PID=162) to work on /home/airflow/.local/lib/python3.7/site-packages/airflow/example_dags/example_task_group_decorator.py
[2023-05-25T14:42:16.015+0000] {processor.py:826} INFO - Processing file /home/airflow/.local/lib/python3.7/site-packages/airflow/example_dags/example_task_group_decorator.py for tasks to queue
[2023-05-25T14:42:16.017+0000] {logging_mixin.py:149} INFO - [2023-05-25T14:42:16.016+0000] {dagbag.py:541} INFO - Filling up the DagBag from /home/airflow/.local/lib/python3.7/site-packages/airflow/example_dags/example_task_group_decorator.py
[2023-05-25T14:42:16.041+0000] {processor.py:836} INFO - DAG(s) dict_keys(['example_task_group_decorator']) retrieved from /home/airflow/.local/lib/python3.7/site-packages/airflow/example_dags/example_task_group_decorator.py
[2023-05-25T14:42:16.100+0000] {logging_mixin.py:149} INFO - [2023-05-25T14:42:16.100+0000] {dag.py:2726} INFO - Sync 1 DAGs
[2023-05-25T14:42:16.357+0000] {logging_mixin.py:149} INFO - [2023-05-25T14:42:16.356+0000] {dag.py:3490} INFO - Setting next_dagrun for example_task_group_decorator to 2023-05-24T14:42:16.355814+00:00, run_after=2023-05-25T14:42:16.355814+00:00
[2023-05-25T14:42:16.394+0000] {processor.py:179} INFO - Processing /home/airflow/.local/lib/python3.7/site-packages/airflow/example_dags/example_task_group_decorator.py took 0.388 seconds
[2023-05-25T14:42:47.061+0000] {processor.py:157} INFO - Started process (PID=217) to work on /home/airflow/.local/lib/python3.7/site-packages/airflow/example_dags/example_task_group_decorator.py
[2023-05-25T14:42:47.067+0000] {processor.py:826} INFO - Processing file /home/airflow/.local/lib/python3.7/site-packages/airflow/example_dags/example_task_group_decorator.py for tasks to queue
[2023-05-25T14:42:47.070+0000] {logging_mixin.py:149} INFO - [2023-05-25T14:42:47.070+0000] {dagbag.py:541} INFO - Filling up the DagBag from /home/airflow/.local/lib/python3.7/site-packages/airflow/example_dags/example_task_group_decorator.py
[2023-05-25T14:42:47.104+0000] {processor.py:836} INFO - DAG(s) dict_keys(['example_task_group_decorator']) retrieved from /home/airflow/.local/lib/python3.7/site-packages/airflow/example_dags/example_task_group_decorator.py
[2023-05-25T14:42:47.163+0000] {logging_mixin.py:149} INFO - [2023-05-25T14:42:47.162+0000] {dag.py:2726} INFO - Sync 1 DAGs
[2023-05-25T14:42:47.217+0000] {logging_mixin.py:149} INFO - [2023-05-25T14:42:47.216+0000] {dag.py:3490} INFO - Setting next_dagrun for example_task_group_decorator to 2023-05-24T14:42:47.214865+00:00, run_after=2023-05-25T14:42:47.214865+00:00
[2023-05-25T14:42:47.258+0000] {processor.py:179} INFO - Processing /home/airflow/.local/lib/python3.7/site-packages/airflow/example_dags/example_task_group_decorator.py took 0.204 seconds
[2023-05-25T14:46:05.292+0000] {processor.py:157} INFO - Started process (PID=44) to work on /home/airflow/.local/lib/python3.7/site-packages/airflow/example_dags/example_task_group_decorator.py
[2023-05-25T14:46:05.305+0000] {processor.py:826} INFO - Processing file /home/airflow/.local/lib/python3.7/site-packages/airflow/example_dags/example_task_group_decorator.py for tasks to queue
[2023-05-25T14:46:05.328+0000] {logging_mixin.py:149} INFO - [2023-05-25T14:46:05.328+0000] {dagbag.py:541} INFO - Filling up the DagBag from /home/airflow/.local/lib/python3.7/site-packages/airflow/example_dags/example_task_group_decorator.py
[2023-05-25T14:46:05.382+0000] {processor.py:836} INFO - DAG(s) dict_keys(['example_task_group_decorator']) retrieved from /home/airflow/.local/lib/python3.7/site-packages/airflow/example_dags/example_task_group_decorator.py
[2023-05-25T14:46:05.852+0000] {logging_mixin.py:149} INFO - [2023-05-25T14:46:05.852+0000] {dag.py:2726} INFO - Sync 1 DAGs
[2023-05-25T14:46:07.213+0000] {logging_mixin.py:149} INFO - [2023-05-25T14:46:07.212+0000] {dag.py:3490} INFO - Setting next_dagrun for example_task_group_decorator to 2023-05-24T14:46:07.198777+00:00, run_after=2023-05-25T14:46:07.198777+00:00
[2023-05-25T14:46:08.208+0000] {processor.py:179} INFO - Processing /home/airflow/.local/lib/python3.7/site-packages/airflow/example_dags/example_task_group_decorator.py took 2.942 seconds
[2023-05-25T14:46:39.119+0000] {processor.py:157} INFO - Started process (PID=98) to work on /home/airflow/.local/lib/python3.7/site-packages/airflow/example_dags/example_task_group_decorator.py
[2023-05-25T14:46:39.124+0000] {processor.py:826} INFO - Processing file /home/airflow/.local/lib/python3.7/site-packages/airflow/example_dags/example_task_group_decorator.py for tasks to queue
[2023-05-25T14:46:39.127+0000] {logging_mixin.py:149} INFO - [2023-05-25T14:46:39.127+0000] {dagbag.py:541} INFO - Filling up the DagBag from /home/airflow/.local/lib/python3.7/site-packages/airflow/example_dags/example_task_group_decorator.py
[2023-05-25T14:46:39.281+0000] {processor.py:836} INFO - DAG(s) dict_keys(['example_task_group_decorator']) retrieved from /home/airflow/.local/lib/python3.7/site-packages/airflow/example_dags/example_task_group_decorator.py
[2023-05-25T14:46:39.407+0000] {logging_mixin.py:149} INFO - [2023-05-25T14:46:39.406+0000] {dag.py:2726} INFO - Sync 1 DAGs
[2023-05-25T14:46:39.564+0000] {logging_mixin.py:149} INFO - [2023-05-25T14:46:39.563+0000] {dag.py:3490} INFO - Setting next_dagrun for example_task_group_decorator to 2023-05-24T14:46:39.562960+00:00, run_after=2023-05-25T14:46:39.562960+00:00
[2023-05-25T14:46:39.634+0000] {processor.py:179} INFO - Processing /home/airflow/.local/lib/python3.7/site-packages/airflow/example_dags/example_task_group_decorator.py took 0.526 seconds
[2023-05-25T14:47:10.198+0000] {processor.py:157} INFO - Started process (PID=154) to work on /home/airflow/.local/lib/python3.7/site-packages/airflow/example_dags/example_task_group_decorator.py
[2023-05-25T14:47:10.202+0000] {processor.py:826} INFO - Processing file /home/airflow/.local/lib/python3.7/site-packages/airflow/example_dags/example_task_group_decorator.py for tasks to queue
[2023-05-25T14:47:10.205+0000] {logging_mixin.py:149} INFO - [2023-05-25T14:47:10.205+0000] {dagbag.py:541} INFO - Filling up the DagBag from /home/airflow/.local/lib/python3.7/site-packages/airflow/example_dags/example_task_group_decorator.py
[2023-05-25T14:47:10.245+0000] {processor.py:836} INFO - DAG(s) dict_keys(['example_task_group_decorator']) retrieved from /home/airflow/.local/lib/python3.7/site-packages/airflow/example_dags/example_task_group_decorator.py
[2023-05-25T14:47:10.325+0000] {logging_mixin.py:149} INFO - [2023-05-25T14:47:10.325+0000] {dag.py:2726} INFO - Sync 1 DAGs
[2023-05-25T14:47:10.531+0000] {logging_mixin.py:149} INFO - [2023-05-25T14:47:10.530+0000] {dag.py:3490} INFO - Setting next_dagrun for example_task_group_decorator to 2023-05-24T14:47:10.530539+00:00, run_after=2023-05-25T14:47:10.530539+00:00
[2023-05-25T14:47:10.564+0000] {processor.py:179} INFO - Processing /home/airflow/.local/lib/python3.7/site-packages/airflow/example_dags/example_task_group_decorator.py took 0.373 seconds
[2023-05-25T14:47:40.723+0000] {processor.py:157} INFO - Started process (PID=209) to work on /home/airflow/.local/lib/python3.7/site-packages/airflow/example_dags/example_task_group_decorator.py
[2023-05-25T14:47:40.743+0000] {processor.py:826} INFO - Processing file /home/airflow/.local/lib/python3.7/site-packages/airflow/example_dags/example_task_group_decorator.py for tasks to queue
[2023-05-25T14:47:40.751+0000] {logging_mixin.py:149} INFO - [2023-05-25T14:47:40.749+0000] {dagbag.py:541} INFO - Filling up the DagBag from /home/airflow/.local/lib/python3.7/site-packages/airflow/example_dags/example_task_group_decorator.py
[2023-05-25T14:47:41.382+0000] {processor.py:836} INFO - DAG(s) dict_keys(['example_task_group_decorator']) retrieved from /home/airflow/.local/lib/python3.7/site-packages/airflow/example_dags/example_task_group_decorator.py
[2023-05-25T14:47:41.560+0000] {logging_mixin.py:149} INFO - [2023-05-25T14:47:41.560+0000] {dag.py:2726} INFO - Sync 1 DAGs
[2023-05-25T14:47:41.679+0000] {logging_mixin.py:149} INFO - [2023-05-25T14:47:41.679+0000] {dag.py:3490} INFO - Setting next_dagrun for example_task_group_decorator to 2023-05-24T14:47:41.678514+00:00, run_after=2023-05-25T14:47:41.678514+00:00
[2023-05-25T14:47:41.757+0000] {processor.py:179} INFO - Processing /home/airflow/.local/lib/python3.7/site-packages/airflow/example_dags/example_task_group_decorator.py took 1.049 seconds
