[2023-05-25T14:38:42.457+0000] {processor.py:157} INFO - Started process (PID=61) to work on /home/airflow/.local/lib/python3.7/site-packages/airflow/example_dags/example_complex.py
[2023-05-25T14:38:42.470+0000] {processor.py:826} INFO - Processing file /home/airflow/.local/lib/python3.7/site-packages/airflow/example_dags/example_complex.py for tasks to queue
[2023-05-25T14:38:42.494+0000] {logging_mixin.py:149} INFO - [2023-05-25T14:38:42.493+0000] {dagbag.py:541} INFO - Filling up the DagBag from /home/airflow/.local/lib/python3.7/site-packages/airflow/example_dags/example_complex.py
[2023-05-25T14:38:42.722+0000] {logging_mixin.py:149} INFO - [2023-05-25T14:38:42.722+0000] {taskmixin.py:211} WARNING - Dependency <Task(BashOperator): create_entry_group>, delete_entry_group already registered for DAG: example_complex
[2023-05-25T14:38:42.724+0000] {logging_mixin.py:149} INFO - [2023-05-25T14:38:42.724+0000] {taskmixin.py:211} WARNING - Dependency <Task(BashOperator): delete_entry_group>, create_entry_group already registered for DAG: example_complex
[2023-05-25T14:38:42.727+0000] {logging_mixin.py:149} INFO - [2023-05-25T14:38:42.727+0000] {taskmixin.py:211} WARNING - Dependency <Task(BashOperator): create_entry_gcs>, delete_entry already registered for DAG: example_complex
[2023-05-25T14:38:42.730+0000] {logging_mixin.py:149} INFO - [2023-05-25T14:38:42.730+0000] {taskmixin.py:211} WARNING - Dependency <Task(BashOperator): delete_entry>, create_entry_gcs already registered for DAG: example_complex
[2023-05-25T14:38:42.733+0000] {logging_mixin.py:149} INFO - [2023-05-25T14:38:42.733+0000] {taskmixin.py:211} WARNING - Dependency <Task(BashOperator): create_tag>, delete_tag already registered for DAG: example_complex
[2023-05-25T14:38:42.736+0000] {logging_mixin.py:149} INFO - [2023-05-25T14:38:42.735+0000] {taskmixin.py:211} WARNING - Dependency <Task(BashOperator): delete_tag>, create_tag already registered for DAG: example_complex
[2023-05-25T14:38:42.747+0000] {processor.py:836} INFO - DAG(s) dict_keys(['example_complex']) retrieved from /home/airflow/.local/lib/python3.7/site-packages/airflow/example_dags/example_complex.py
[2023-05-25T14:38:43.036+0000] {logging_mixin.py:149} INFO - [2023-05-25T14:38:43.036+0000] {dag.py:2726} INFO - Sync 1 DAGs
[2023-05-25T14:38:43.254+0000] {logging_mixin.py:149} INFO - [2023-05-25T14:38:43.254+0000] {dag.py:3490} INFO - Setting next_dagrun for example_complex to None, run_after=None
[2023-05-25T14:38:43.329+0000] {processor.py:179} INFO - Processing /home/airflow/.local/lib/python3.7/site-packages/airflow/example_dags/example_complex.py took 0.890 seconds
[2023-05-25T14:39:14.877+0000] {processor.py:157} INFO - Started process (PID=116) to work on /home/airflow/.local/lib/python3.7/site-packages/airflow/example_dags/example_complex.py
[2023-05-25T14:39:14.880+0000] {processor.py:826} INFO - Processing file /home/airflow/.local/lib/python3.7/site-packages/airflow/example_dags/example_complex.py for tasks to queue
[2023-05-25T14:39:14.883+0000] {logging_mixin.py:149} INFO - [2023-05-25T14:39:14.883+0000] {dagbag.py:541} INFO - Filling up the DagBag from /home/airflow/.local/lib/python3.7/site-packages/airflow/example_dags/example_complex.py
[2023-05-25T14:39:14.917+0000] {logging_mixin.py:149} INFO - [2023-05-25T14:39:14.917+0000] {taskmixin.py:211} WARNING - Dependency <Task(BashOperator): create_entry_group>, delete_entry_group already registered for DAG: example_complex
[2023-05-25T14:39:14.922+0000] {logging_mixin.py:149} INFO - [2023-05-25T14:39:14.921+0000] {taskmixin.py:211} WARNING - Dependency <Task(BashOperator): delete_entry_group>, create_entry_group already registered for DAG: example_complex
[2023-05-25T14:39:14.929+0000] {logging_mixin.py:149} INFO - [2023-05-25T14:39:14.927+0000] {taskmixin.py:211} WARNING - Dependency <Task(BashOperator): create_entry_gcs>, delete_entry already registered for DAG: example_complex
[2023-05-25T14:39:14.933+0000] {logging_mixin.py:149} INFO - [2023-05-25T14:39:14.932+0000] {taskmixin.py:211} WARNING - Dependency <Task(BashOperator): delete_entry>, create_entry_gcs already registered for DAG: example_complex
[2023-05-25T14:39:14.937+0000] {logging_mixin.py:149} INFO - [2023-05-25T14:39:14.937+0000] {taskmixin.py:211} WARNING - Dependency <Task(BashOperator): create_tag>, delete_tag already registered for DAG: example_complex
[2023-05-25T14:39:14.940+0000] {logging_mixin.py:149} INFO - [2023-05-25T14:39:14.939+0000] {taskmixin.py:211} WARNING - Dependency <Task(BashOperator): delete_tag>, create_tag already registered for DAG: example_complex
[2023-05-25T14:39:14.948+0000] {processor.py:836} INFO - DAG(s) dict_keys(['example_complex']) retrieved from /home/airflow/.local/lib/python3.7/site-packages/airflow/example_dags/example_complex.py
[2023-05-25T14:39:15.067+0000] {logging_mixin.py:149} INFO - [2023-05-25T14:39:15.066+0000] {dag.py:2726} INFO - Sync 1 DAGs
[2023-05-25T14:39:15.147+0000] {logging_mixin.py:149} INFO - [2023-05-25T14:39:15.146+0000] {dag.py:3490} INFO - Setting next_dagrun for example_complex to None, run_after=None
[2023-05-25T14:39:15.274+0000] {processor.py:179} INFO - Processing /home/airflow/.local/lib/python3.7/site-packages/airflow/example_dags/example_complex.py took 0.418 seconds
[2023-05-25T14:39:47.052+0000] {processor.py:157} INFO - Started process (PID=172) to work on /home/airflow/.local/lib/python3.7/site-packages/airflow/example_dags/example_complex.py
[2023-05-25T14:39:47.089+0000] {processor.py:826} INFO - Processing file /home/airflow/.local/lib/python3.7/site-packages/airflow/example_dags/example_complex.py for tasks to queue
[2023-05-25T14:39:47.113+0000] {logging_mixin.py:149} INFO - [2023-05-25T14:39:47.112+0000] {dagbag.py:541} INFO - Filling up the DagBag from /home/airflow/.local/lib/python3.7/site-packages/airflow/example_dags/example_complex.py
[2023-05-25T14:39:47.180+0000] {logging_mixin.py:149} INFO - [2023-05-25T14:39:47.179+0000] {taskmixin.py:211} WARNING - Dependency <Task(BashOperator): create_entry_group>, delete_entry_group already registered for DAG: example_complex
[2023-05-25T14:39:47.182+0000] {logging_mixin.py:149} INFO - [2023-05-25T14:39:47.182+0000] {taskmixin.py:211} WARNING - Dependency <Task(BashOperator): delete_entry_group>, create_entry_group already registered for DAG: example_complex
[2023-05-25T14:39:47.211+0000] {logging_mixin.py:149} INFO - [2023-05-25T14:39:47.210+0000] {taskmixin.py:211} WARNING - Dependency <Task(BashOperator): create_entry_gcs>, delete_entry already registered for DAG: example_complex
[2023-05-25T14:39:47.219+0000] {logging_mixin.py:149} INFO - [2023-05-25T14:39:47.214+0000] {taskmixin.py:211} WARNING - Dependency <Task(BashOperator): delete_entry>, create_entry_gcs already registered for DAG: example_complex
[2023-05-25T14:39:47.225+0000] {logging_mixin.py:149} INFO - [2023-05-25T14:39:47.225+0000] {taskmixin.py:211} WARNING - Dependency <Task(BashOperator): create_tag>, delete_tag already registered for DAG: example_complex
[2023-05-25T14:39:47.229+0000] {logging_mixin.py:149} INFO - [2023-05-25T14:39:47.229+0000] {taskmixin.py:211} WARNING - Dependency <Task(BashOperator): delete_tag>, create_tag already registered for DAG: example_complex
[2023-05-25T14:39:47.238+0000] {processor.py:836} INFO - DAG(s) dict_keys(['example_complex']) retrieved from /home/airflow/.local/lib/python3.7/site-packages/airflow/example_dags/example_complex.py
[2023-05-25T14:39:47.862+0000] {logging_mixin.py:149} INFO - [2023-05-25T14:39:47.862+0000] {dag.py:2726} INFO - Sync 1 DAGs
[2023-05-25T14:39:48.232+0000] {logging_mixin.py:149} INFO - [2023-05-25T14:39:48.232+0000] {dag.py:3490} INFO - Setting next_dagrun for example_complex to None, run_after=None
[2023-05-25T14:39:48.341+0000] {processor.py:179} INFO - Processing /home/airflow/.local/lib/python3.7/site-packages/airflow/example_dags/example_complex.py took 1.313 seconds
[2023-05-25T14:41:21.673+0000] {processor.py:157} INFO - Started process (PID=59) to work on /home/airflow/.local/lib/python3.7/site-packages/airflow/example_dags/example_complex.py
[2023-05-25T14:41:21.690+0000] {processor.py:826} INFO - Processing file /home/airflow/.local/lib/python3.7/site-packages/airflow/example_dags/example_complex.py for tasks to queue
[2023-05-25T14:41:21.700+0000] {logging_mixin.py:149} INFO - [2023-05-25T14:41:21.700+0000] {dagbag.py:541} INFO - Filling up the DagBag from /home/airflow/.local/lib/python3.7/site-packages/airflow/example_dags/example_complex.py
[2023-05-25T14:41:21.863+0000] {logging_mixin.py:149} INFO - [2023-05-25T14:41:21.862+0000] {taskmixin.py:211} WARNING - Dependency <Task(BashOperator): create_entry_group>, delete_entry_group already registered for DAG: example_complex
[2023-05-25T14:41:21.877+0000] {logging_mixin.py:149} INFO - [2023-05-25T14:41:21.877+0000] {taskmixin.py:211} WARNING - Dependency <Task(BashOperator): delete_entry_group>, create_entry_group already registered for DAG: example_complex
[2023-05-25T14:41:21.888+0000] {logging_mixin.py:149} INFO - [2023-05-25T14:41:21.888+0000] {taskmixin.py:211} WARNING - Dependency <Task(BashOperator): create_entry_gcs>, delete_entry already registered for DAG: example_complex
[2023-05-25T14:41:21.891+0000] {logging_mixin.py:149} INFO - [2023-05-25T14:41:21.890+0000] {taskmixin.py:211} WARNING - Dependency <Task(BashOperator): delete_entry>, create_entry_gcs already registered for DAG: example_complex
[2023-05-25T14:41:21.893+0000] {logging_mixin.py:149} INFO - [2023-05-25T14:41:21.893+0000] {taskmixin.py:211} WARNING - Dependency <Task(BashOperator): create_tag>, delete_tag already registered for DAG: example_complex
[2023-05-25T14:41:21.896+0000] {logging_mixin.py:149} INFO - [2023-05-25T14:41:21.895+0000] {taskmixin.py:211} WARNING - Dependency <Task(BashOperator): delete_tag>, create_tag already registered for DAG: example_complex
[2023-05-25T14:41:21.901+0000] {processor.py:836} INFO - DAG(s) dict_keys(['example_complex']) retrieved from /home/airflow/.local/lib/python3.7/site-packages/airflow/example_dags/example_complex.py
[2023-05-25T14:41:22.011+0000] {logging_mixin.py:149} INFO - [2023-05-25T14:41:22.011+0000] {dag.py:2726} INFO - Sync 1 DAGs
[2023-05-25T14:41:22.060+0000] {logging_mixin.py:149} INFO - [2023-05-25T14:41:22.060+0000] {dag.py:3490} INFO - Setting next_dagrun for example_complex to None, run_after=None
[2023-05-25T14:41:22.167+0000] {processor.py:179} INFO - Processing /home/airflow/.local/lib/python3.7/site-packages/airflow/example_dags/example_complex.py took 0.504 seconds
[2023-05-25T14:41:52.319+0000] {processor.py:157} INFO - Started process (PID=115) to work on /home/airflow/.local/lib/python3.7/site-packages/airflow/example_dags/example_complex.py
[2023-05-25T14:41:52.324+0000] {processor.py:826} INFO - Processing file /home/airflow/.local/lib/python3.7/site-packages/airflow/example_dags/example_complex.py for tasks to queue
[2023-05-25T14:41:52.328+0000] {logging_mixin.py:149} INFO - [2023-05-25T14:41:52.327+0000] {dagbag.py:541} INFO - Filling up the DagBag from /home/airflow/.local/lib/python3.7/site-packages/airflow/example_dags/example_complex.py
[2023-05-25T14:41:52.355+0000] {logging_mixin.py:149} INFO - [2023-05-25T14:41:52.354+0000] {taskmixin.py:211} WARNING - Dependency <Task(BashOperator): create_entry_group>, delete_entry_group already registered for DAG: example_complex
[2023-05-25T14:41:52.357+0000] {logging_mixin.py:149} INFO - [2023-05-25T14:41:52.356+0000] {taskmixin.py:211} WARNING - Dependency <Task(BashOperator): delete_entry_group>, create_entry_group already registered for DAG: example_complex
[2023-05-25T14:41:52.359+0000] {logging_mixin.py:149} INFO - [2023-05-25T14:41:52.359+0000] {taskmixin.py:211} WARNING - Dependency <Task(BashOperator): create_entry_gcs>, delete_entry already registered for DAG: example_complex
[2023-05-25T14:41:52.361+0000] {logging_mixin.py:149} INFO - [2023-05-25T14:41:52.361+0000] {taskmixin.py:211} WARNING - Dependency <Task(BashOperator): delete_entry>, create_entry_gcs already registered for DAG: example_complex
[2023-05-25T14:41:52.363+0000] {logging_mixin.py:149} INFO - [2023-05-25T14:41:52.363+0000] {taskmixin.py:211} WARNING - Dependency <Task(BashOperator): create_tag>, delete_tag already registered for DAG: example_complex
[2023-05-25T14:41:52.366+0000] {logging_mixin.py:149} INFO - [2023-05-25T14:41:52.366+0000] {taskmixin.py:211} WARNING - Dependency <Task(BashOperator): delete_tag>, create_tag already registered for DAG: example_complex
[2023-05-25T14:41:52.372+0000] {processor.py:836} INFO - DAG(s) dict_keys(['example_complex']) retrieved from /home/airflow/.local/lib/python3.7/site-packages/airflow/example_dags/example_complex.py
[2023-05-25T14:41:52.406+0000] {logging_mixin.py:149} INFO - [2023-05-25T14:41:52.405+0000] {dag.py:2726} INFO - Sync 1 DAGs
[2023-05-25T14:41:52.487+0000] {logging_mixin.py:149} INFO - [2023-05-25T14:41:52.487+0000] {dag.py:3490} INFO - Setting next_dagrun for example_complex to None, run_after=None
[2023-05-25T14:41:52.524+0000] {processor.py:179} INFO - Processing /home/airflow/.local/lib/python3.7/site-packages/airflow/example_dags/example_complex.py took 0.212 seconds
[2023-05-25T14:42:23.157+0000] {processor.py:157} INFO - Started process (PID=171) to work on /home/airflow/.local/lib/python3.7/site-packages/airflow/example_dags/example_complex.py
[2023-05-25T14:42:23.161+0000] {processor.py:826} INFO - Processing file /home/airflow/.local/lib/python3.7/site-packages/airflow/example_dags/example_complex.py for tasks to queue
[2023-05-25T14:42:23.164+0000] {logging_mixin.py:149} INFO - [2023-05-25T14:42:23.164+0000] {dagbag.py:541} INFO - Filling up the DagBag from /home/airflow/.local/lib/python3.7/site-packages/airflow/example_dags/example_complex.py
[2023-05-25T14:42:23.192+0000] {logging_mixin.py:149} INFO - [2023-05-25T14:42:23.191+0000] {taskmixin.py:211} WARNING - Dependency <Task(BashOperator): create_entry_group>, delete_entry_group already registered for DAG: example_complex
[2023-05-25T14:42:23.193+0000] {logging_mixin.py:149} INFO - [2023-05-25T14:42:23.193+0000] {taskmixin.py:211} WARNING - Dependency <Task(BashOperator): delete_entry_group>, create_entry_group already registered for DAG: example_complex
[2023-05-25T14:42:23.195+0000] {logging_mixin.py:149} INFO - [2023-05-25T14:42:23.195+0000] {taskmixin.py:211} WARNING - Dependency <Task(BashOperator): create_entry_gcs>, delete_entry already registered for DAG: example_complex
[2023-05-25T14:42:23.197+0000] {logging_mixin.py:149} INFO - [2023-05-25T14:42:23.197+0000] {taskmixin.py:211} WARNING - Dependency <Task(BashOperator): delete_entry>, create_entry_gcs already registered for DAG: example_complex
[2023-05-25T14:42:23.199+0000] {logging_mixin.py:149} INFO - [2023-05-25T14:42:23.199+0000] {taskmixin.py:211} WARNING - Dependency <Task(BashOperator): create_tag>, delete_tag already registered for DAG: example_complex
[2023-05-25T14:42:23.201+0000] {logging_mixin.py:149} INFO - [2023-05-25T14:42:23.200+0000] {taskmixin.py:211} WARNING - Dependency <Task(BashOperator): delete_tag>, create_tag already registered for DAG: example_complex
[2023-05-25T14:42:23.204+0000] {processor.py:836} INFO - DAG(s) dict_keys(['example_complex']) retrieved from /home/airflow/.local/lib/python3.7/site-packages/airflow/example_dags/example_complex.py
[2023-05-25T14:42:23.483+0000] {logging_mixin.py:149} INFO - [2023-05-25T14:42:23.483+0000] {dag.py:2726} INFO - Sync 1 DAGs
[2023-05-25T14:42:23.525+0000] {logging_mixin.py:149} INFO - [2023-05-25T14:42:23.525+0000] {dag.py:3490} INFO - Setting next_dagrun for example_complex to None, run_after=None
[2023-05-25T14:42:23.566+0000] {processor.py:179} INFO - Processing /home/airflow/.local/lib/python3.7/site-packages/airflow/example_dags/example_complex.py took 0.416 seconds
[2023-05-25T14:42:54.250+0000] {processor.py:157} INFO - Started process (PID=226) to work on /home/airflow/.local/lib/python3.7/site-packages/airflow/example_dags/example_complex.py
[2023-05-25T14:42:54.256+0000] {processor.py:826} INFO - Processing file /home/airflow/.local/lib/python3.7/site-packages/airflow/example_dags/example_complex.py for tasks to queue
[2023-05-25T14:42:54.260+0000] {logging_mixin.py:149} INFO - [2023-05-25T14:42:54.260+0000] {dagbag.py:541} INFO - Filling up the DagBag from /home/airflow/.local/lib/python3.7/site-packages/airflow/example_dags/example_complex.py
[2023-05-25T14:42:54.291+0000] {logging_mixin.py:149} INFO - [2023-05-25T14:42:54.290+0000] {taskmixin.py:211} WARNING - Dependency <Task(BashOperator): create_entry_group>, delete_entry_group already registered for DAG: example_complex
[2023-05-25T14:42:54.293+0000] {logging_mixin.py:149} INFO - [2023-05-25T14:42:54.293+0000] {taskmixin.py:211} WARNING - Dependency <Task(BashOperator): delete_entry_group>, create_entry_group already registered for DAG: example_complex
[2023-05-25T14:42:54.295+0000] {logging_mixin.py:149} INFO - [2023-05-25T14:42:54.295+0000] {taskmixin.py:211} WARNING - Dependency <Task(BashOperator): create_entry_gcs>, delete_entry already registered for DAG: example_complex
[2023-05-25T14:42:54.297+0000] {logging_mixin.py:149} INFO - [2023-05-25T14:42:54.296+0000] {taskmixin.py:211} WARNING - Dependency <Task(BashOperator): delete_entry>, create_entry_gcs already registered for DAG: example_complex
[2023-05-25T14:42:54.299+0000] {logging_mixin.py:149} INFO - [2023-05-25T14:42:54.299+0000] {taskmixin.py:211} WARNING - Dependency <Task(BashOperator): create_tag>, delete_tag already registered for DAG: example_complex
[2023-05-25T14:42:54.302+0000] {logging_mixin.py:149} INFO - [2023-05-25T14:42:54.301+0000] {taskmixin.py:211} WARNING - Dependency <Task(BashOperator): delete_tag>, create_tag already registered for DAG: example_complex
[2023-05-25T14:42:54.306+0000] {processor.py:836} INFO - DAG(s) dict_keys(['example_complex']) retrieved from /home/airflow/.local/lib/python3.7/site-packages/airflow/example_dags/example_complex.py
[2023-05-25T14:42:54.405+0000] {logging_mixin.py:149} INFO - [2023-05-25T14:42:54.405+0000] {dag.py:2726} INFO - Sync 1 DAGs
[2023-05-25T14:42:54.455+0000] {logging_mixin.py:149} INFO - [2023-05-25T14:42:54.454+0000] {dag.py:3490} INFO - Setting next_dagrun for example_complex to None, run_after=None
[2023-05-25T14:42:54.495+0000] {processor.py:179} INFO - Processing /home/airflow/.local/lib/python3.7/site-packages/airflow/example_dags/example_complex.py took 0.254 seconds
[2023-05-25T14:46:16.700+0000] {processor.py:157} INFO - Started process (PID=58) to work on /home/airflow/.local/lib/python3.7/site-packages/airflow/example_dags/example_complex.py
[2023-05-25T14:46:16.715+0000] {processor.py:826} INFO - Processing file /home/airflow/.local/lib/python3.7/site-packages/airflow/example_dags/example_complex.py for tasks to queue
[2023-05-25T14:46:16.725+0000] {logging_mixin.py:149} INFO - [2023-05-25T14:46:16.725+0000] {dagbag.py:541} INFO - Filling up the DagBag from /home/airflow/.local/lib/python3.7/site-packages/airflow/example_dags/example_complex.py
[2023-05-25T14:46:16.985+0000] {logging_mixin.py:149} INFO - [2023-05-25T14:46:16.985+0000] {taskmixin.py:211} WARNING - Dependency <Task(BashOperator): create_entry_group>, delete_entry_group already registered for DAG: example_complex
[2023-05-25T14:46:17.000+0000] {logging_mixin.py:149} INFO - [2023-05-25T14:46:16.999+0000] {taskmixin.py:211} WARNING - Dependency <Task(BashOperator): delete_entry_group>, create_entry_group already registered for DAG: example_complex
[2023-05-25T14:46:17.003+0000] {logging_mixin.py:149} INFO - [2023-05-25T14:46:17.002+0000] {taskmixin.py:211} WARNING - Dependency <Task(BashOperator): create_entry_gcs>, delete_entry already registered for DAG: example_complex
[2023-05-25T14:46:17.012+0000] {logging_mixin.py:149} INFO - [2023-05-25T14:46:17.012+0000] {taskmixin.py:211} WARNING - Dependency <Task(BashOperator): delete_entry>, create_entry_gcs already registered for DAG: example_complex
[2023-05-25T14:46:17.023+0000] {logging_mixin.py:149} INFO - [2023-05-25T14:46:17.022+0000] {taskmixin.py:211} WARNING - Dependency <Task(BashOperator): create_tag>, delete_tag already registered for DAG: example_complex
[2023-05-25T14:46:17.028+0000] {logging_mixin.py:149} INFO - [2023-05-25T14:46:17.025+0000] {taskmixin.py:211} WARNING - Dependency <Task(BashOperator): delete_tag>, create_tag already registered for DAG: example_complex
[2023-05-25T14:46:17.066+0000] {processor.py:836} INFO - DAG(s) dict_keys(['example_complex']) retrieved from /home/airflow/.local/lib/python3.7/site-packages/airflow/example_dags/example_complex.py
[2023-05-25T14:46:17.864+0000] {logging_mixin.py:149} INFO - [2023-05-25T14:46:17.863+0000] {dag.py:2726} INFO - Sync 1 DAGs
[2023-05-25T14:46:18.165+0000] {logging_mixin.py:149} INFO - [2023-05-25T14:46:18.164+0000] {dag.py:3490} INFO - Setting next_dagrun for example_complex to None, run_after=None
[2023-05-25T14:46:18.620+0000] {processor.py:179} INFO - Processing /home/airflow/.local/lib/python3.7/site-packages/airflow/example_dags/example_complex.py took 2.137 seconds
[2023-05-25T14:46:49.492+0000] {processor.py:157} INFO - Started process (PID=114) to work on /home/airflow/.local/lib/python3.7/site-packages/airflow/example_dags/example_complex.py
[2023-05-25T14:46:49.495+0000] {processor.py:826} INFO - Processing file /home/airflow/.local/lib/python3.7/site-packages/airflow/example_dags/example_complex.py for tasks to queue
[2023-05-25T14:46:49.499+0000] {logging_mixin.py:149} INFO - [2023-05-25T14:46:49.499+0000] {dagbag.py:541} INFO - Filling up the DagBag from /home/airflow/.local/lib/python3.7/site-packages/airflow/example_dags/example_complex.py
[2023-05-25T14:46:49.540+0000] {logging_mixin.py:149} INFO - [2023-05-25T14:46:49.540+0000] {taskmixin.py:211} WARNING - Dependency <Task(BashOperator): create_entry_group>, delete_entry_group already registered for DAG: example_complex
[2023-05-25T14:46:49.545+0000] {logging_mixin.py:149} INFO - [2023-05-25T14:46:49.544+0000] {taskmixin.py:211} WARNING - Dependency <Task(BashOperator): delete_entry_group>, create_entry_group already registered for DAG: example_complex
[2023-05-25T14:46:49.549+0000] {logging_mixin.py:149} INFO - [2023-05-25T14:46:49.548+0000] {taskmixin.py:211} WARNING - Dependency <Task(BashOperator): create_entry_gcs>, delete_entry already registered for DAG: example_complex
[2023-05-25T14:46:49.562+0000] {logging_mixin.py:149} INFO - [2023-05-25T14:46:49.560+0000] {taskmixin.py:211} WARNING - Dependency <Task(BashOperator): delete_entry>, create_entry_gcs already registered for DAG: example_complex
[2023-05-25T14:46:49.569+0000] {logging_mixin.py:149} INFO - [2023-05-25T14:46:49.569+0000] {taskmixin.py:211} WARNING - Dependency <Task(BashOperator): create_tag>, delete_tag already registered for DAG: example_complex
[2023-05-25T14:46:49.591+0000] {logging_mixin.py:149} INFO - [2023-05-25T14:46:49.577+0000] {taskmixin.py:211} WARNING - Dependency <Task(BashOperator): delete_tag>, create_tag already registered for DAG: example_complex
[2023-05-25T14:46:49.600+0000] {processor.py:836} INFO - DAG(s) dict_keys(['example_complex']) retrieved from /home/airflow/.local/lib/python3.7/site-packages/airflow/example_dags/example_complex.py
[2023-05-25T14:46:49.776+0000] {logging_mixin.py:149} INFO - [2023-05-25T14:46:49.776+0000] {dag.py:2726} INFO - Sync 1 DAGs
[2023-05-25T14:46:49.872+0000] {logging_mixin.py:149} INFO - [2023-05-25T14:46:49.871+0000] {dag.py:3490} INFO - Setting next_dagrun for example_complex to None, run_after=None
[2023-05-25T14:46:49.932+0000] {processor.py:179} INFO - Processing /home/airflow/.local/lib/python3.7/site-packages/airflow/example_dags/example_complex.py took 0.474 seconds
[2023-05-25T14:47:20.258+0000] {processor.py:157} INFO - Started process (PID=169) to work on /home/airflow/.local/lib/python3.7/site-packages/airflow/example_dags/example_complex.py
[2023-05-25T14:47:20.266+0000] {processor.py:826} INFO - Processing file /home/airflow/.local/lib/python3.7/site-packages/airflow/example_dags/example_complex.py for tasks to queue
[2023-05-25T14:47:20.274+0000] {logging_mixin.py:149} INFO - [2023-05-25T14:47:20.273+0000] {dagbag.py:541} INFO - Filling up the DagBag from /home/airflow/.local/lib/python3.7/site-packages/airflow/example_dags/example_complex.py
[2023-05-25T14:47:20.307+0000] {logging_mixin.py:149} INFO - [2023-05-25T14:47:20.307+0000] {taskmixin.py:211} WARNING - Dependency <Task(BashOperator): create_entry_group>, delete_entry_group already registered for DAG: example_complex
[2023-05-25T14:47:20.311+0000] {logging_mixin.py:149} INFO - [2023-05-25T14:47:20.311+0000] {taskmixin.py:211} WARNING - Dependency <Task(BashOperator): delete_entry_group>, create_entry_group already registered for DAG: example_complex
[2023-05-25T14:47:20.314+0000] {logging_mixin.py:149} INFO - [2023-05-25T14:47:20.313+0000] {taskmixin.py:211} WARNING - Dependency <Task(BashOperator): create_entry_gcs>, delete_entry already registered for DAG: example_complex
[2023-05-25T14:47:20.318+0000] {logging_mixin.py:149} INFO - [2023-05-25T14:47:20.318+0000] {taskmixin.py:211} WARNING - Dependency <Task(BashOperator): delete_entry>, create_entry_gcs already registered for DAG: example_complex
[2023-05-25T14:47:20.321+0000] {logging_mixin.py:149} INFO - [2023-05-25T14:47:20.321+0000] {taskmixin.py:211} WARNING - Dependency <Task(BashOperator): create_tag>, delete_tag already registered for DAG: example_complex
[2023-05-25T14:47:20.323+0000] {logging_mixin.py:149} INFO - [2023-05-25T14:47:20.323+0000] {taskmixin.py:211} WARNING - Dependency <Task(BashOperator): delete_tag>, create_tag already registered for DAG: example_complex
[2023-05-25T14:47:20.329+0000] {processor.py:836} INFO - DAG(s) dict_keys(['example_complex']) retrieved from /home/airflow/.local/lib/python3.7/site-packages/airflow/example_dags/example_complex.py
[2023-05-25T14:47:20.449+0000] {logging_mixin.py:149} INFO - [2023-05-25T14:47:20.449+0000] {dag.py:2726} INFO - Sync 1 DAGs
[2023-05-25T14:47:20.873+0000] {logging_mixin.py:149} INFO - [2023-05-25T14:47:20.873+0000] {dag.py:3490} INFO - Setting next_dagrun for example_complex to None, run_after=None
[2023-05-25T14:47:20.925+0000] {processor.py:179} INFO - Processing /home/airflow/.local/lib/python3.7/site-packages/airflow/example_dags/example_complex.py took 0.675 seconds
[2023-05-25T14:47:53.464+0000] {processor.py:157} INFO - Started process (PID=224) to work on /home/airflow/.local/lib/python3.7/site-packages/airflow/example_dags/example_complex.py
[2023-05-25T14:47:53.501+0000] {processor.py:826} INFO - Processing file /home/airflow/.local/lib/python3.7/site-packages/airflow/example_dags/example_complex.py for tasks to queue
[2023-05-25T14:47:53.509+0000] {logging_mixin.py:149} INFO - [2023-05-25T14:47:53.509+0000] {dagbag.py:541} INFO - Filling up the DagBag from /home/airflow/.local/lib/python3.7/site-packages/airflow/example_dags/example_complex.py
[2023-05-25T14:47:53.595+0000] {logging_mixin.py:149} INFO - [2023-05-25T14:47:53.595+0000] {taskmixin.py:211} WARNING - Dependency <Task(BashOperator): create_entry_group>, delete_entry_group already registered for DAG: example_complex
[2023-05-25T14:47:53.608+0000] {logging_mixin.py:149} INFO - [2023-05-25T14:47:53.608+0000] {taskmixin.py:211} WARNING - Dependency <Task(BashOperator): delete_entry_group>, create_entry_group already registered for DAG: example_complex
[2023-05-25T14:47:53.612+0000] {logging_mixin.py:149} INFO - [2023-05-25T14:47:53.611+0000] {taskmixin.py:211} WARNING - Dependency <Task(BashOperator): create_entry_gcs>, delete_entry already registered for DAG: example_complex
[2023-05-25T14:47:53.615+0000] {logging_mixin.py:149} INFO - [2023-05-25T14:47:53.614+0000] {taskmixin.py:211} WARNING - Dependency <Task(BashOperator): delete_entry>, create_entry_gcs already registered for DAG: example_complex
[2023-05-25T14:47:53.621+0000] {logging_mixin.py:149} INFO - [2023-05-25T14:47:53.621+0000] {taskmixin.py:211} WARNING - Dependency <Task(BashOperator): create_tag>, delete_tag already registered for DAG: example_complex
[2023-05-25T14:47:53.638+0000] {logging_mixin.py:149} INFO - [2023-05-25T14:47:53.638+0000] {taskmixin.py:211} WARNING - Dependency <Task(BashOperator): delete_tag>, create_tag already registered for DAG: example_complex
[2023-05-25T14:47:53.661+0000] {processor.py:836} INFO - DAG(s) dict_keys(['example_complex']) retrieved from /home/airflow/.local/lib/python3.7/site-packages/airflow/example_dags/example_complex.py
[2023-05-25T14:47:53.835+0000] {logging_mixin.py:149} INFO - [2023-05-25T14:47:53.835+0000] {dag.py:2726} INFO - Sync 1 DAGs
[2023-05-25T14:47:53.957+0000] {logging_mixin.py:149} INFO - [2023-05-25T14:47:53.956+0000] {dag.py:3490} INFO - Setting next_dagrun for example_complex to None, run_after=None
[2023-05-25T14:47:54.186+0000] {processor.py:179} INFO - Processing /home/airflow/.local/lib/python3.7/site-packages/airflow/example_dags/example_complex.py took 0.732 seconds
