[2023-05-25T14:38:43.717+0000] {processor.py:157} INFO - Started process (PID=64) to work on /home/airflow/.local/lib/python3.7/site-packages/airflow/example_dags/example_python_operator.py
[2023-05-25T14:38:43.720+0000] {processor.py:826} INFO - Processing file /home/airflow/.local/lib/python3.7/site-packages/airflow/example_dags/example_python_operator.py for tasks to queue
[2023-05-25T14:38:43.723+0000] {logging_mixin.py:149} INFO - [2023-05-25T14:38:43.723+0000] {dagbag.py:541} INFO - Filling up the DagBag from /home/airflow/.local/lib/python3.7/site-packages/airflow/example_dags/example_python_operator.py
[2023-05-25T14:38:43.854+0000] {logging_mixin.py:149} INFO - [2023-05-25T14:38:43.854+0000] {taskmixin.py:211} WARNING - Dependency <Task(_PythonDecoratedOperator): print_the_context>, log_sql_query already registered for DAG: example_python_operator
[2023-05-25T14:38:43.859+0000] {logging_mixin.py:149} INFO - [2023-05-25T14:38:43.858+0000] {taskmixin.py:211} WARNING - Dependency <Task(_PythonDecoratedOperator): log_sql_query>, print_the_context already registered for DAG: example_python_operator
[2023-05-25T14:38:43.865+0000] {logging_mixin.py:149} INFO - [2023-05-25T14:38:43.864+0000] {taskmixin.py:211} WARNING - Dependency <Task(_PythonDecoratedOperator): print_the_context>, log_sql_query already registered for DAG: example_python_operator
[2023-05-25T14:38:43.867+0000] {logging_mixin.py:149} INFO - [2023-05-25T14:38:43.866+0000] {taskmixin.py:211} WARNING - Dependency <Task(_PythonDecoratedOperator): log_sql_query>, print_the_context already registered for DAG: example_python_operator
[2023-05-25T14:38:43.872+0000] {logging_mixin.py:149} INFO - [2023-05-25T14:38:43.872+0000] {taskmixin.py:211} WARNING - Dependency <Task(_PythonDecoratedOperator): print_the_context>, log_sql_query already registered for DAG: example_python_operator
[2023-05-25T14:38:43.875+0000] {logging_mixin.py:149} INFO - [2023-05-25T14:38:43.874+0000] {taskmixin.py:211} WARNING - Dependency <Task(_PythonDecoratedOperator): log_sql_query>, print_the_context already registered for DAG: example_python_operator
[2023-05-25T14:38:43.884+0000] {logging_mixin.py:149} INFO - [2023-05-25T14:38:43.883+0000] {taskmixin.py:211} WARNING - Dependency <Task(_PythonDecoratedOperator): print_the_context>, log_sql_query already registered for DAG: example_python_operator
[2023-05-25T14:38:43.892+0000] {logging_mixin.py:149} INFO - [2023-05-25T14:38:43.892+0000] {taskmixin.py:211} WARNING - Dependency <Task(_PythonDecoratedOperator): log_sql_query>, print_the_context already registered for DAG: example_python_operator
[2023-05-25T14:38:43.942+0000] {processor.py:836} INFO - DAG(s) dict_keys(['example_python_operator']) retrieved from /home/airflow/.local/lib/python3.7/site-packages/airflow/example_dags/example_python_operator.py
[2023-05-25T14:38:44.401+0000] {logging_mixin.py:149} INFO - [2023-05-25T14:38:44.400+0000] {dag.py:2726} INFO - Sync 1 DAGs
[2023-05-25T14:38:44.659+0000] {logging_mixin.py:149} INFO - [2023-05-25T14:38:44.659+0000] {dag.py:3490} INFO - Setting next_dagrun for example_python_operator to None, run_after=None
[2023-05-25T14:38:44.802+0000] {processor.py:179} INFO - Processing /home/airflow/.local/lib/python3.7/site-packages/airflow/example_dags/example_python_operator.py took 1.097 seconds
[2023-05-25T14:39:15.659+0000] {processor.py:157} INFO - Started process (PID=119) to work on /home/airflow/.local/lib/python3.7/site-packages/airflow/example_dags/example_python_operator.py
[2023-05-25T14:39:15.666+0000] {processor.py:826} INFO - Processing file /home/airflow/.local/lib/python3.7/site-packages/airflow/example_dags/example_python_operator.py for tasks to queue
[2023-05-25T14:39:15.671+0000] {logging_mixin.py:149} INFO - [2023-05-25T14:39:15.671+0000] {dagbag.py:541} INFO - Filling up the DagBag from /home/airflow/.local/lib/python3.7/site-packages/airflow/example_dags/example_python_operator.py
[2023-05-25T14:39:15.739+0000] {logging_mixin.py:149} INFO - [2023-05-25T14:39:15.738+0000] {taskmixin.py:211} WARNING - Dependency <Task(_PythonDecoratedOperator): print_the_context>, log_sql_query already registered for DAG: example_python_operator
[2023-05-25T14:39:15.748+0000] {logging_mixin.py:149} INFO - [2023-05-25T14:39:15.748+0000] {taskmixin.py:211} WARNING - Dependency <Task(_PythonDecoratedOperator): log_sql_query>, print_the_context already registered for DAG: example_python_operator
[2023-05-25T14:39:15.751+0000] {logging_mixin.py:149} INFO - [2023-05-25T14:39:15.751+0000] {taskmixin.py:211} WARNING - Dependency <Task(_PythonDecoratedOperator): print_the_context>, log_sql_query already registered for DAG: example_python_operator
[2023-05-25T14:39:15.754+0000] {logging_mixin.py:149} INFO - [2023-05-25T14:39:15.753+0000] {taskmixin.py:211} WARNING - Dependency <Task(_PythonDecoratedOperator): log_sql_query>, print_the_context already registered for DAG: example_python_operator
[2023-05-25T14:39:15.758+0000] {logging_mixin.py:149} INFO - [2023-05-25T14:39:15.757+0000] {taskmixin.py:211} WARNING - Dependency <Task(_PythonDecoratedOperator): print_the_context>, log_sql_query already registered for DAG: example_python_operator
[2023-05-25T14:39:15.765+0000] {logging_mixin.py:149} INFO - [2023-05-25T14:39:15.761+0000] {taskmixin.py:211} WARNING - Dependency <Task(_PythonDecoratedOperator): log_sql_query>, print_the_context already registered for DAG: example_python_operator
[2023-05-25T14:39:15.771+0000] {logging_mixin.py:149} INFO - [2023-05-25T14:39:15.770+0000] {taskmixin.py:211} WARNING - Dependency <Task(_PythonDecoratedOperator): print_the_context>, log_sql_query already registered for DAG: example_python_operator
[2023-05-25T14:39:15.774+0000] {logging_mixin.py:149} INFO - [2023-05-25T14:39:15.773+0000] {taskmixin.py:211} WARNING - Dependency <Task(_PythonDecoratedOperator): log_sql_query>, print_the_context already registered for DAG: example_python_operator
[2023-05-25T14:39:15.790+0000] {processor.py:836} INFO - DAG(s) dict_keys(['example_python_operator']) retrieved from /home/airflow/.local/lib/python3.7/site-packages/airflow/example_dags/example_python_operator.py
[2023-05-25T14:39:15.937+0000] {logging_mixin.py:149} INFO - [2023-05-25T14:39:15.936+0000] {dag.py:2726} INFO - Sync 1 DAGs
[2023-05-25T14:39:16.033+0000] {logging_mixin.py:149} INFO - [2023-05-25T14:39:16.033+0000] {dag.py:3490} INFO - Setting next_dagrun for example_python_operator to None, run_after=None
[2023-05-25T14:39:16.168+0000] {processor.py:179} INFO - Processing /home/airflow/.local/lib/python3.7/site-packages/airflow/example_dags/example_python_operator.py took 0.520 seconds
[2023-05-25T14:39:48.498+0000] {processor.py:157} INFO - Started process (PID=175) to work on /home/airflow/.local/lib/python3.7/site-packages/airflow/example_dags/example_python_operator.py
[2023-05-25T14:39:48.504+0000] {processor.py:826} INFO - Processing file /home/airflow/.local/lib/python3.7/site-packages/airflow/example_dags/example_python_operator.py for tasks to queue
[2023-05-25T14:39:48.511+0000] {logging_mixin.py:149} INFO - [2023-05-25T14:39:48.511+0000] {dagbag.py:541} INFO - Filling up the DagBag from /home/airflow/.local/lib/python3.7/site-packages/airflow/example_dags/example_python_operator.py
[2023-05-25T14:39:48.547+0000] {logging_mixin.py:149} INFO - [2023-05-25T14:39:48.546+0000] {taskmixin.py:211} WARNING - Dependency <Task(_PythonDecoratedOperator): print_the_context>, log_sql_query already registered for DAG: example_python_operator
[2023-05-25T14:39:48.555+0000] {logging_mixin.py:149} INFO - [2023-05-25T14:39:48.553+0000] {taskmixin.py:211} WARNING - Dependency <Task(_PythonDecoratedOperator): log_sql_query>, print_the_context already registered for DAG: example_python_operator
[2023-05-25T14:39:48.562+0000] {logging_mixin.py:149} INFO - [2023-05-25T14:39:48.561+0000] {taskmixin.py:211} WARNING - Dependency <Task(_PythonDecoratedOperator): print_the_context>, log_sql_query already registered for DAG: example_python_operator
[2023-05-25T14:39:48.570+0000] {logging_mixin.py:149} INFO - [2023-05-25T14:39:48.570+0000] {taskmixin.py:211} WARNING - Dependency <Task(_PythonDecoratedOperator): log_sql_query>, print_the_context already registered for DAG: example_python_operator
[2023-05-25T14:39:48.627+0000] {logging_mixin.py:149} INFO - [2023-05-25T14:39:48.627+0000] {taskmixin.py:211} WARNING - Dependency <Task(_PythonDecoratedOperator): print_the_context>, log_sql_query already registered for DAG: example_python_operator
[2023-05-25T14:39:48.630+0000] {logging_mixin.py:149} INFO - [2023-05-25T14:39:48.630+0000] {taskmixin.py:211} WARNING - Dependency <Task(_PythonDecoratedOperator): log_sql_query>, print_the_context already registered for DAG: example_python_operator
[2023-05-25T14:39:48.635+0000] {logging_mixin.py:149} INFO - [2023-05-25T14:39:48.634+0000] {taskmixin.py:211} WARNING - Dependency <Task(_PythonDecoratedOperator): print_the_context>, log_sql_query already registered for DAG: example_python_operator
[2023-05-25T14:39:48.637+0000] {logging_mixin.py:149} INFO - [2023-05-25T14:39:48.637+0000] {taskmixin.py:211} WARNING - Dependency <Task(_PythonDecoratedOperator): log_sql_query>, print_the_context already registered for DAG: example_python_operator
[2023-05-25T14:39:48.666+0000] {processor.py:836} INFO - DAG(s) dict_keys(['example_python_operator']) retrieved from /home/airflow/.local/lib/python3.7/site-packages/airflow/example_dags/example_python_operator.py
[2023-05-25T14:39:48.786+0000] {logging_mixin.py:149} INFO - [2023-05-25T14:39:48.785+0000] {dag.py:2726} INFO - Sync 1 DAGs
[2023-05-25T14:39:48.852+0000] {logging_mixin.py:149} INFO - [2023-05-25T14:39:48.852+0000] {dag.py:3490} INFO - Setting next_dagrun for example_python_operator to None, run_after=None
[2023-05-25T14:39:48.929+0000] {processor.py:179} INFO - Processing /home/airflow/.local/lib/python3.7/site-packages/airflow/example_dags/example_python_operator.py took 0.441 seconds
[2023-05-25T14:41:22.592+0000] {processor.py:157} INFO - Started process (PID=62) to work on /home/airflow/.local/lib/python3.7/site-packages/airflow/example_dags/example_python_operator.py
[2023-05-25T14:41:22.601+0000] {processor.py:826} INFO - Processing file /home/airflow/.local/lib/python3.7/site-packages/airflow/example_dags/example_python_operator.py for tasks to queue
[2023-05-25T14:41:22.610+0000] {logging_mixin.py:149} INFO - [2023-05-25T14:41:22.608+0000] {dagbag.py:541} INFO - Filling up the DagBag from /home/airflow/.local/lib/python3.7/site-packages/airflow/example_dags/example_python_operator.py
[2023-05-25T14:41:22.661+0000] {logging_mixin.py:149} INFO - [2023-05-25T14:41:22.661+0000] {taskmixin.py:211} WARNING - Dependency <Task(_PythonDecoratedOperator): print_the_context>, log_sql_query already registered for DAG: example_python_operator
[2023-05-25T14:41:22.674+0000] {logging_mixin.py:149} INFO - [2023-05-25T14:41:22.674+0000] {taskmixin.py:211} WARNING - Dependency <Task(_PythonDecoratedOperator): log_sql_query>, print_the_context already registered for DAG: example_python_operator
[2023-05-25T14:41:22.683+0000] {logging_mixin.py:149} INFO - [2023-05-25T14:41:22.678+0000] {taskmixin.py:211} WARNING - Dependency <Task(_PythonDecoratedOperator): print_the_context>, log_sql_query already registered for DAG: example_python_operator
[2023-05-25T14:41:22.685+0000] {logging_mixin.py:149} INFO - [2023-05-25T14:41:22.684+0000] {taskmixin.py:211} WARNING - Dependency <Task(_PythonDecoratedOperator): log_sql_query>, print_the_context already registered for DAG: example_python_operator
[2023-05-25T14:41:22.692+0000] {logging_mixin.py:149} INFO - [2023-05-25T14:41:22.690+0000] {taskmixin.py:211} WARNING - Dependency <Task(_PythonDecoratedOperator): print_the_context>, log_sql_query already registered for DAG: example_python_operator
[2023-05-25T14:41:22.695+0000] {logging_mixin.py:149} INFO - [2023-05-25T14:41:22.694+0000] {taskmixin.py:211} WARNING - Dependency <Task(_PythonDecoratedOperator): log_sql_query>, print_the_context already registered for DAG: example_python_operator
[2023-05-25T14:41:22.699+0000] {logging_mixin.py:149} INFO - [2023-05-25T14:41:22.699+0000] {taskmixin.py:211} WARNING - Dependency <Task(_PythonDecoratedOperator): print_the_context>, log_sql_query already registered for DAG: example_python_operator
[2023-05-25T14:41:22.703+0000] {logging_mixin.py:149} INFO - [2023-05-25T14:41:22.702+0000] {taskmixin.py:211} WARNING - Dependency <Task(_PythonDecoratedOperator): log_sql_query>, print_the_context already registered for DAG: example_python_operator
[2023-05-25T14:41:22.726+0000] {processor.py:836} INFO - DAG(s) dict_keys(['example_python_operator']) retrieved from /home/airflow/.local/lib/python3.7/site-packages/airflow/example_dags/example_python_operator.py
[2023-05-25T14:41:23.380+0000] {logging_mixin.py:149} INFO - [2023-05-25T14:41:23.380+0000] {dag.py:2726} INFO - Sync 1 DAGs
[2023-05-25T14:41:23.490+0000] {logging_mixin.py:149} INFO - [2023-05-25T14:41:23.489+0000] {dag.py:3490} INFO - Setting next_dagrun for example_python_operator to None, run_after=None
[2023-05-25T14:41:23.604+0000] {processor.py:179} INFO - Processing /home/airflow/.local/lib/python3.7/site-packages/airflow/example_dags/example_python_operator.py took 1.023 seconds
[2023-05-25T14:41:53.785+0000] {processor.py:157} INFO - Started process (PID=118) to work on /home/airflow/.local/lib/python3.7/site-packages/airflow/example_dags/example_python_operator.py
[2023-05-25T14:41:53.789+0000] {processor.py:826} INFO - Processing file /home/airflow/.local/lib/python3.7/site-packages/airflow/example_dags/example_python_operator.py for tasks to queue
[2023-05-25T14:41:53.793+0000] {logging_mixin.py:149} INFO - [2023-05-25T14:41:53.792+0000] {dagbag.py:541} INFO - Filling up the DagBag from /home/airflow/.local/lib/python3.7/site-packages/airflow/example_dags/example_python_operator.py
[2023-05-25T14:41:53.825+0000] {logging_mixin.py:149} INFO - [2023-05-25T14:41:53.825+0000] {taskmixin.py:211} WARNING - Dependency <Task(_PythonDecoratedOperator): print_the_context>, log_sql_query already registered for DAG: example_python_operator
[2023-05-25T14:41:53.827+0000] {logging_mixin.py:149} INFO - [2023-05-25T14:41:53.827+0000] {taskmixin.py:211} WARNING - Dependency <Task(_PythonDecoratedOperator): log_sql_query>, print_the_context already registered for DAG: example_python_operator
[2023-05-25T14:41:53.830+0000] {logging_mixin.py:149} INFO - [2023-05-25T14:41:53.829+0000] {taskmixin.py:211} WARNING - Dependency <Task(_PythonDecoratedOperator): print_the_context>, log_sql_query already registered for DAG: example_python_operator
[2023-05-25T14:41:53.836+0000] {logging_mixin.py:149} INFO - [2023-05-25T14:41:53.836+0000] {taskmixin.py:211} WARNING - Dependency <Task(_PythonDecoratedOperator): log_sql_query>, print_the_context already registered for DAG: example_python_operator
[2023-05-25T14:41:53.839+0000] {logging_mixin.py:149} INFO - [2023-05-25T14:41:53.838+0000] {taskmixin.py:211} WARNING - Dependency <Task(_PythonDecoratedOperator): print_the_context>, log_sql_query already registered for DAG: example_python_operator
[2023-05-25T14:41:53.840+0000] {logging_mixin.py:149} INFO - [2023-05-25T14:41:53.840+0000] {taskmixin.py:211} WARNING - Dependency <Task(_PythonDecoratedOperator): log_sql_query>, print_the_context already registered for DAG: example_python_operator
[2023-05-25T14:41:53.843+0000] {logging_mixin.py:149} INFO - [2023-05-25T14:41:53.843+0000] {taskmixin.py:211} WARNING - Dependency <Task(_PythonDecoratedOperator): print_the_context>, log_sql_query already registered for DAG: example_python_operator
[2023-05-25T14:41:53.844+0000] {logging_mixin.py:149} INFO - [2023-05-25T14:41:53.844+0000] {taskmixin.py:211} WARNING - Dependency <Task(_PythonDecoratedOperator): log_sql_query>, print_the_context already registered for DAG: example_python_operator
[2023-05-25T14:41:53.851+0000] {processor.py:836} INFO - DAG(s) dict_keys(['example_python_operator']) retrieved from /home/airflow/.local/lib/python3.7/site-packages/airflow/example_dags/example_python_operator.py
[2023-05-25T14:41:53.891+0000] {logging_mixin.py:149} INFO - [2023-05-25T14:41:53.891+0000] {dag.py:2726} INFO - Sync 1 DAGs
[2023-05-25T14:41:53.945+0000] {logging_mixin.py:149} INFO - [2023-05-25T14:41:53.945+0000] {dag.py:3490} INFO - Setting next_dagrun for example_python_operator to None, run_after=None
[2023-05-25T14:41:53.983+0000] {processor.py:179} INFO - Processing /home/airflow/.local/lib/python3.7/site-packages/airflow/example_dags/example_python_operator.py took 0.211 seconds
[2023-05-25T14:42:24.333+0000] {processor.py:157} INFO - Started process (PID=174) to work on /home/airflow/.local/lib/python3.7/site-packages/airflow/example_dags/example_python_operator.py
[2023-05-25T14:42:24.337+0000] {processor.py:826} INFO - Processing file /home/airflow/.local/lib/python3.7/site-packages/airflow/example_dags/example_python_operator.py for tasks to queue
[2023-05-25T14:42:24.340+0000] {logging_mixin.py:149} INFO - [2023-05-25T14:42:24.339+0000] {dagbag.py:541} INFO - Filling up the DagBag from /home/airflow/.local/lib/python3.7/site-packages/airflow/example_dags/example_python_operator.py
[2023-05-25T14:42:24.361+0000] {logging_mixin.py:149} INFO - [2023-05-25T14:42:24.361+0000] {taskmixin.py:211} WARNING - Dependency <Task(_PythonDecoratedOperator): print_the_context>, log_sql_query already registered for DAG: example_python_operator
[2023-05-25T14:42:24.363+0000] {logging_mixin.py:149} INFO - [2023-05-25T14:42:24.363+0000] {taskmixin.py:211} WARNING - Dependency <Task(_PythonDecoratedOperator): log_sql_query>, print_the_context already registered for DAG: example_python_operator
[2023-05-25T14:42:24.366+0000] {logging_mixin.py:149} INFO - [2023-05-25T14:42:24.366+0000] {taskmixin.py:211} WARNING - Dependency <Task(_PythonDecoratedOperator): print_the_context>, log_sql_query already registered for DAG: example_python_operator
[2023-05-25T14:42:24.368+0000] {logging_mixin.py:149} INFO - [2023-05-25T14:42:24.368+0000] {taskmixin.py:211} WARNING - Dependency <Task(_PythonDecoratedOperator): log_sql_query>, print_the_context already registered for DAG: example_python_operator
[2023-05-25T14:42:24.371+0000] {logging_mixin.py:149} INFO - [2023-05-25T14:42:24.371+0000] {taskmixin.py:211} WARNING - Dependency <Task(_PythonDecoratedOperator): print_the_context>, log_sql_query already registered for DAG: example_python_operator
[2023-05-25T14:42:24.374+0000] {logging_mixin.py:149} INFO - [2023-05-25T14:42:24.373+0000] {taskmixin.py:211} WARNING - Dependency <Task(_PythonDecoratedOperator): log_sql_query>, print_the_context already registered for DAG: example_python_operator
[2023-05-25T14:42:24.377+0000] {logging_mixin.py:149} INFO - [2023-05-25T14:42:24.377+0000] {taskmixin.py:211} WARNING - Dependency <Task(_PythonDecoratedOperator): print_the_context>, log_sql_query already registered for DAG: example_python_operator
[2023-05-25T14:42:24.380+0000] {logging_mixin.py:149} INFO - [2023-05-25T14:42:24.379+0000] {taskmixin.py:211} WARNING - Dependency <Task(_PythonDecoratedOperator): log_sql_query>, print_the_context already registered for DAG: example_python_operator
[2023-05-25T14:42:24.394+0000] {processor.py:836} INFO - DAG(s) dict_keys(['example_python_operator']) retrieved from /home/airflow/.local/lib/python3.7/site-packages/airflow/example_dags/example_python_operator.py
[2023-05-25T14:42:24.933+0000] {logging_mixin.py:149} INFO - [2023-05-25T14:42:24.933+0000] {dag.py:2726} INFO - Sync 1 DAGs
[2023-05-25T14:42:24.974+0000] {logging_mixin.py:149} INFO - [2023-05-25T14:42:24.973+0000] {dag.py:3490} INFO - Setting next_dagrun for example_python_operator to None, run_after=None
[2023-05-25T14:42:25.026+0000] {processor.py:179} INFO - Processing /home/airflow/.local/lib/python3.7/site-packages/airflow/example_dags/example_python_operator.py took 0.700 seconds
[2023-05-25T14:42:55.827+0000] {processor.py:157} INFO - Started process (PID=230) to work on /home/airflow/.local/lib/python3.7/site-packages/airflow/example_dags/example_python_operator.py
[2023-05-25T14:42:55.830+0000] {processor.py:826} INFO - Processing file /home/airflow/.local/lib/python3.7/site-packages/airflow/example_dags/example_python_operator.py for tasks to queue
[2023-05-25T14:42:55.833+0000] {logging_mixin.py:149} INFO - [2023-05-25T14:42:55.833+0000] {dagbag.py:541} INFO - Filling up the DagBag from /home/airflow/.local/lib/python3.7/site-packages/airflow/example_dags/example_python_operator.py
[2023-05-25T14:42:55.870+0000] {logging_mixin.py:149} INFO - [2023-05-25T14:42:55.869+0000] {taskmixin.py:211} WARNING - Dependency <Task(_PythonDecoratedOperator): print_the_context>, log_sql_query already registered for DAG: example_python_operator
[2023-05-25T14:42:55.872+0000] {logging_mixin.py:149} INFO - [2023-05-25T14:42:55.871+0000] {taskmixin.py:211} WARNING - Dependency <Task(_PythonDecoratedOperator): log_sql_query>, print_the_context already registered for DAG: example_python_operator
[2023-05-25T14:42:55.875+0000] {logging_mixin.py:149} INFO - [2023-05-25T14:42:55.874+0000] {taskmixin.py:211} WARNING - Dependency <Task(_PythonDecoratedOperator): print_the_context>, log_sql_query already registered for DAG: example_python_operator
[2023-05-25T14:42:55.876+0000] {logging_mixin.py:149} INFO - [2023-05-25T14:42:55.876+0000] {taskmixin.py:211} WARNING - Dependency <Task(_PythonDecoratedOperator): log_sql_query>, print_the_context already registered for DAG: example_python_operator
[2023-05-25T14:42:55.879+0000] {logging_mixin.py:149} INFO - [2023-05-25T14:42:55.879+0000] {taskmixin.py:211} WARNING - Dependency <Task(_PythonDecoratedOperator): print_the_context>, log_sql_query already registered for DAG: example_python_operator
[2023-05-25T14:42:55.881+0000] {logging_mixin.py:149} INFO - [2023-05-25T14:42:55.880+0000] {taskmixin.py:211} WARNING - Dependency <Task(_PythonDecoratedOperator): log_sql_query>, print_the_context already registered for DAG: example_python_operator
[2023-05-25T14:42:55.884+0000] {logging_mixin.py:149} INFO - [2023-05-25T14:42:55.883+0000] {taskmixin.py:211} WARNING - Dependency <Task(_PythonDecoratedOperator): print_the_context>, log_sql_query already registered for DAG: example_python_operator
[2023-05-25T14:42:55.886+0000] {logging_mixin.py:149} INFO - [2023-05-25T14:42:55.886+0000] {taskmixin.py:211} WARNING - Dependency <Task(_PythonDecoratedOperator): log_sql_query>, print_the_context already registered for DAG: example_python_operator
[2023-05-25T14:42:55.924+0000] {processor.py:836} INFO - DAG(s) dict_keys(['example_python_operator']) retrieved from /home/airflow/.local/lib/python3.7/site-packages/airflow/example_dags/example_python_operator.py
[2023-05-25T14:42:55.985+0000] {logging_mixin.py:149} INFO - [2023-05-25T14:42:55.985+0000] {dag.py:2726} INFO - Sync 1 DAGs
[2023-05-25T14:42:56.051+0000] {logging_mixin.py:149} INFO - [2023-05-25T14:42:56.050+0000] {dag.py:3490} INFO - Setting next_dagrun for example_python_operator to None, run_after=None
[2023-05-25T14:42:56.099+0000] {processor.py:179} INFO - Processing /home/airflow/.local/lib/python3.7/site-packages/airflow/example_dags/example_python_operator.py took 0.278 seconds
[2023-05-25T14:46:19.835+0000] {processor.py:157} INFO - Started process (PID=61) to work on /home/airflow/.local/lib/python3.7/site-packages/airflow/example_dags/example_python_operator.py
[2023-05-25T14:46:19.839+0000] {processor.py:826} INFO - Processing file /home/airflow/.local/lib/python3.7/site-packages/airflow/example_dags/example_python_operator.py for tasks to queue
[2023-05-25T14:46:19.843+0000] {logging_mixin.py:149} INFO - [2023-05-25T14:46:19.842+0000] {dagbag.py:541} INFO - Filling up the DagBag from /home/airflow/.local/lib/python3.7/site-packages/airflow/example_dags/example_python_operator.py
[2023-05-25T14:46:19.895+0000] {logging_mixin.py:149} INFO - [2023-05-25T14:46:19.893+0000] {taskmixin.py:211} WARNING - Dependency <Task(_PythonDecoratedOperator): print_the_context>, log_sql_query already registered for DAG: example_python_operator
[2023-05-25T14:46:19.903+0000] {logging_mixin.py:149} INFO - [2023-05-25T14:46:19.901+0000] {taskmixin.py:211} WARNING - Dependency <Task(_PythonDecoratedOperator): log_sql_query>, print_the_context already registered for DAG: example_python_operator
[2023-05-25T14:46:19.930+0000] {logging_mixin.py:149} INFO - [2023-05-25T14:46:19.929+0000] {taskmixin.py:211} WARNING - Dependency <Task(_PythonDecoratedOperator): print_the_context>, log_sql_query already registered for DAG: example_python_operator
[2023-05-25T14:46:19.948+0000] {logging_mixin.py:149} INFO - [2023-05-25T14:46:19.947+0000] {taskmixin.py:211} WARNING - Dependency <Task(_PythonDecoratedOperator): log_sql_query>, print_the_context already registered for DAG: example_python_operator
[2023-05-25T14:46:19.951+0000] {logging_mixin.py:149} INFO - [2023-05-25T14:46:19.951+0000] {taskmixin.py:211} WARNING - Dependency <Task(_PythonDecoratedOperator): print_the_context>, log_sql_query already registered for DAG: example_python_operator
[2023-05-25T14:46:19.958+0000] {logging_mixin.py:149} INFO - [2023-05-25T14:46:19.957+0000] {taskmixin.py:211} WARNING - Dependency <Task(_PythonDecoratedOperator): log_sql_query>, print_the_context already registered for DAG: example_python_operator
[2023-05-25T14:46:19.962+0000] {logging_mixin.py:149} INFO - [2023-05-25T14:46:19.961+0000] {taskmixin.py:211} WARNING - Dependency <Task(_PythonDecoratedOperator): print_the_context>, log_sql_query already registered for DAG: example_python_operator
[2023-05-25T14:46:20.005+0000] {logging_mixin.py:149} INFO - [2023-05-25T14:46:19.998+0000] {taskmixin.py:211} WARNING - Dependency <Task(_PythonDecoratedOperator): log_sql_query>, print_the_context already registered for DAG: example_python_operator
[2023-05-25T14:46:20.036+0000] {processor.py:836} INFO - DAG(s) dict_keys(['example_python_operator']) retrieved from /home/airflow/.local/lib/python3.7/site-packages/airflow/example_dags/example_python_operator.py
[2023-05-25T14:46:20.590+0000] {logging_mixin.py:149} INFO - [2023-05-25T14:46:20.590+0000] {dag.py:2726} INFO - Sync 1 DAGs
[2023-05-25T14:46:20.865+0000] {logging_mixin.py:149} INFO - [2023-05-25T14:46:20.864+0000] {dag.py:3490} INFO - Setting next_dagrun for example_python_operator to None, run_after=None
[2023-05-25T14:46:20.980+0000] {processor.py:179} INFO - Processing /home/airflow/.local/lib/python3.7/site-packages/airflow/example_dags/example_python_operator.py took 1.152 seconds
[2023-05-25T14:46:51.332+0000] {processor.py:157} INFO - Started process (PID=118) to work on /home/airflow/.local/lib/python3.7/site-packages/airflow/example_dags/example_python_operator.py
[2023-05-25T14:46:51.335+0000] {processor.py:826} INFO - Processing file /home/airflow/.local/lib/python3.7/site-packages/airflow/example_dags/example_python_operator.py for tasks to queue
[2023-05-25T14:46:51.339+0000] {logging_mixin.py:149} INFO - [2023-05-25T14:46:51.338+0000] {dagbag.py:541} INFO - Filling up the DagBag from /home/airflow/.local/lib/python3.7/site-packages/airflow/example_dags/example_python_operator.py
[2023-05-25T14:46:51.357+0000] {logging_mixin.py:149} INFO - [2023-05-25T14:46:51.356+0000] {taskmixin.py:211} WARNING - Dependency <Task(_PythonDecoratedOperator): print_the_context>, log_sql_query already registered for DAG: example_python_operator
[2023-05-25T14:46:51.358+0000] {logging_mixin.py:149} INFO - [2023-05-25T14:46:51.358+0000] {taskmixin.py:211} WARNING - Dependency <Task(_PythonDecoratedOperator): log_sql_query>, print_the_context already registered for DAG: example_python_operator
[2023-05-25T14:46:51.385+0000] {logging_mixin.py:149} INFO - [2023-05-25T14:46:51.385+0000] {taskmixin.py:211} WARNING - Dependency <Task(_PythonDecoratedOperator): print_the_context>, log_sql_query already registered for DAG: example_python_operator
[2023-05-25T14:46:51.391+0000] {logging_mixin.py:149} INFO - [2023-05-25T14:46:51.391+0000] {taskmixin.py:211} WARNING - Dependency <Task(_PythonDecoratedOperator): log_sql_query>, print_the_context already registered for DAG: example_python_operator
[2023-05-25T14:46:51.395+0000] {logging_mixin.py:149} INFO - [2023-05-25T14:46:51.395+0000] {taskmixin.py:211} WARNING - Dependency <Task(_PythonDecoratedOperator): print_the_context>, log_sql_query already registered for DAG: example_python_operator
[2023-05-25T14:46:51.398+0000] {logging_mixin.py:149} INFO - [2023-05-25T14:46:51.398+0000] {taskmixin.py:211} WARNING - Dependency <Task(_PythonDecoratedOperator): log_sql_query>, print_the_context already registered for DAG: example_python_operator
[2023-05-25T14:46:51.403+0000] {logging_mixin.py:149} INFO - [2023-05-25T14:46:51.402+0000] {taskmixin.py:211} WARNING - Dependency <Task(_PythonDecoratedOperator): print_the_context>, log_sql_query already registered for DAG: example_python_operator
[2023-05-25T14:46:51.406+0000] {logging_mixin.py:149} INFO - [2023-05-25T14:46:51.406+0000] {taskmixin.py:211} WARNING - Dependency <Task(_PythonDecoratedOperator): log_sql_query>, print_the_context already registered for DAG: example_python_operator
[2023-05-25T14:46:51.417+0000] {processor.py:836} INFO - DAG(s) dict_keys(['example_python_operator']) retrieved from /home/airflow/.local/lib/python3.7/site-packages/airflow/example_dags/example_python_operator.py
[2023-05-25T14:46:51.538+0000] {logging_mixin.py:149} INFO - [2023-05-25T14:46:51.538+0000] {dag.py:2726} INFO - Sync 1 DAGs
[2023-05-25T14:46:51.604+0000] {logging_mixin.py:149} INFO - [2023-05-25T14:46:51.602+0000] {dag.py:3490} INFO - Setting next_dagrun for example_python_operator to None, run_after=None
[2023-05-25T14:46:51.664+0000] {processor.py:179} INFO - Processing /home/airflow/.local/lib/python3.7/site-packages/airflow/example_dags/example_python_operator.py took 0.342 seconds
[2023-05-25T14:47:22.116+0000] {processor.py:157} INFO - Started process (PID=173) to work on /home/airflow/.local/lib/python3.7/site-packages/airflow/example_dags/example_python_operator.py
[2023-05-25T14:47:22.121+0000] {processor.py:826} INFO - Processing file /home/airflow/.local/lib/python3.7/site-packages/airflow/example_dags/example_python_operator.py for tasks to queue
[2023-05-25T14:47:22.125+0000] {logging_mixin.py:149} INFO - [2023-05-25T14:47:22.124+0000] {dagbag.py:541} INFO - Filling up the DagBag from /home/airflow/.local/lib/python3.7/site-packages/airflow/example_dags/example_python_operator.py
[2023-05-25T14:47:22.158+0000] {logging_mixin.py:149} INFO - [2023-05-25T14:47:22.158+0000] {taskmixin.py:211} WARNING - Dependency <Task(_PythonDecoratedOperator): print_the_context>, log_sql_query already registered for DAG: example_python_operator
[2023-05-25T14:47:22.160+0000] {logging_mixin.py:149} INFO - [2023-05-25T14:47:22.160+0000] {taskmixin.py:211} WARNING - Dependency <Task(_PythonDecoratedOperator): log_sql_query>, print_the_context already registered for DAG: example_python_operator
[2023-05-25T14:47:22.169+0000] {logging_mixin.py:149} INFO - [2023-05-25T14:47:22.169+0000] {taskmixin.py:211} WARNING - Dependency <Task(_PythonDecoratedOperator): print_the_context>, log_sql_query already registered for DAG: example_python_operator
[2023-05-25T14:47:22.173+0000] {logging_mixin.py:149} INFO - [2023-05-25T14:47:22.172+0000] {taskmixin.py:211} WARNING - Dependency <Task(_PythonDecoratedOperator): log_sql_query>, print_the_context already registered for DAG: example_python_operator
[2023-05-25T14:47:22.177+0000] {logging_mixin.py:149} INFO - [2023-05-25T14:47:22.176+0000] {taskmixin.py:211} WARNING - Dependency <Task(_PythonDecoratedOperator): print_the_context>, log_sql_query already registered for DAG: example_python_operator
[2023-05-25T14:47:22.180+0000] {logging_mixin.py:149} INFO - [2023-05-25T14:47:22.179+0000] {taskmixin.py:211} WARNING - Dependency <Task(_PythonDecoratedOperator): log_sql_query>, print_the_context already registered for DAG: example_python_operator
[2023-05-25T14:47:22.183+0000] {logging_mixin.py:149} INFO - [2023-05-25T14:47:22.183+0000] {taskmixin.py:211} WARNING - Dependency <Task(_PythonDecoratedOperator): print_the_context>, log_sql_query already registered for DAG: example_python_operator
[2023-05-25T14:47:22.185+0000] {logging_mixin.py:149} INFO - [2023-05-25T14:47:22.185+0000] {taskmixin.py:211} WARNING - Dependency <Task(_PythonDecoratedOperator): log_sql_query>, print_the_context already registered for DAG: example_python_operator
[2023-05-25T14:47:22.198+0000] {processor.py:836} INFO - DAG(s) dict_keys(['example_python_operator']) retrieved from /home/airflow/.local/lib/python3.7/site-packages/airflow/example_dags/example_python_operator.py
[2023-05-25T14:47:22.289+0000] {logging_mixin.py:149} INFO - [2023-05-25T14:47:22.288+0000] {dag.py:2726} INFO - Sync 1 DAGs
[2023-05-25T14:47:22.636+0000] {logging_mixin.py:149} INFO - [2023-05-25T14:47:22.635+0000] {dag.py:3490} INFO - Setting next_dagrun for example_python_operator to None, run_after=None
[2023-05-25T14:47:22.734+0000] {processor.py:179} INFO - Processing /home/airflow/.local/lib/python3.7/site-packages/airflow/example_dags/example_python_operator.py took 0.625 seconds
[2023-05-25T14:47:55.408+0000] {processor.py:157} INFO - Started process (PID=227) to work on /home/airflow/.local/lib/python3.7/site-packages/airflow/example_dags/example_python_operator.py
[2023-05-25T14:47:55.440+0000] {processor.py:826} INFO - Processing file /home/airflow/.local/lib/python3.7/site-packages/airflow/example_dags/example_python_operator.py for tasks to queue
[2023-05-25T14:47:55.472+0000] {logging_mixin.py:149} INFO - [2023-05-25T14:47:55.471+0000] {dagbag.py:541} INFO - Filling up the DagBag from /home/airflow/.local/lib/python3.7/site-packages/airflow/example_dags/example_python_operator.py
[2023-05-25T14:47:55.654+0000] {logging_mixin.py:149} INFO - [2023-05-25T14:47:55.634+0000] {taskmixin.py:211} WARNING - Dependency <Task(_PythonDecoratedOperator): print_the_context>, log_sql_query already registered for DAG: example_python_operator
[2023-05-25T14:47:55.715+0000] {logging_mixin.py:149} INFO - [2023-05-25T14:47:55.689+0000] {taskmixin.py:211} WARNING - Dependency <Task(_PythonDecoratedOperator): log_sql_query>, print_the_context already registered for DAG: example_python_operator
[2023-05-25T14:47:55.762+0000] {logging_mixin.py:149} INFO - [2023-05-25T14:47:55.762+0000] {taskmixin.py:211} WARNING - Dependency <Task(_PythonDecoratedOperator): print_the_context>, log_sql_query already registered for DAG: example_python_operator
[2023-05-25T14:47:55.788+0000] {logging_mixin.py:149} INFO - [2023-05-25T14:47:55.776+0000] {taskmixin.py:211} WARNING - Dependency <Task(_PythonDecoratedOperator): log_sql_query>, print_the_context already registered for DAG: example_python_operator
[2023-05-25T14:47:55.863+0000] {logging_mixin.py:149} INFO - [2023-05-25T14:47:55.862+0000] {taskmixin.py:211} WARNING - Dependency <Task(_PythonDecoratedOperator): print_the_context>, log_sql_query already registered for DAG: example_python_operator
[2023-05-25T14:47:55.902+0000] {logging_mixin.py:149} INFO - [2023-05-25T14:47:55.902+0000] {taskmixin.py:211} WARNING - Dependency <Task(_PythonDecoratedOperator): log_sql_query>, print_the_context already registered for DAG: example_python_operator
[2023-05-25T14:47:55.955+0000] {logging_mixin.py:149} INFO - [2023-05-25T14:47:55.954+0000] {taskmixin.py:211} WARNING - Dependency <Task(_PythonDecoratedOperator): print_the_context>, log_sql_query already registered for DAG: example_python_operator
[2023-05-25T14:47:55.969+0000] {logging_mixin.py:149} INFO - [2023-05-25T14:47:55.969+0000] {taskmixin.py:211} WARNING - Dependency <Task(_PythonDecoratedOperator): log_sql_query>, print_the_context already registered for DAG: example_python_operator
[2023-05-25T14:47:56.007+0000] {processor.py:836} INFO - DAG(s) dict_keys(['example_python_operator']) retrieved from /home/airflow/.local/lib/python3.7/site-packages/airflow/example_dags/example_python_operator.py
[2023-05-25T14:47:56.332+0000] {logging_mixin.py:149} INFO - [2023-05-25T14:47:56.332+0000] {dag.py:2726} INFO - Sync 1 DAGs
[2023-05-25T14:47:56.506+0000] {logging_mixin.py:149} INFO - [2023-05-25T14:47:56.504+0000] {dag.py:3490} INFO - Setting next_dagrun for example_python_operator to None, run_after=None
[2023-05-25T14:47:56.733+0000] {processor.py:179} INFO - Processing /home/airflow/.local/lib/python3.7/site-packages/airflow/example_dags/example_python_operator.py took 1.366 seconds
