[2023-05-25T14:38:45.420+0000] {processor.py:157} INFO - Started process (PID=67) to work on /home/airflow/.local/lib/python3.7/site-packages/airflow/example_dags/example_sensors.py
[2023-05-25T14:38:45.439+0000] {processor.py:826} INFO - Processing file /home/airflow/.local/lib/python3.7/site-packages/airflow/example_dags/example_sensors.py for tasks to queue
[2023-05-25T14:38:45.454+0000] {logging_mixin.py:149} INFO - [2023-05-25T14:38:45.452+0000] {dagbag.py:541} INFO - Filling up the DagBag from /home/airflow/.local/lib/python3.7/site-packages/airflow/example_dags/example_sensors.py
[2023-05-25T14:38:45.668+0000] {processor.py:836} INFO - DAG(s) dict_keys(['example_sensors']) retrieved from /home/airflow/.local/lib/python3.7/site-packages/airflow/example_dags/example_sensors.py
[2023-05-25T14:38:45.894+0000] {logging_mixin.py:149} INFO - [2023-05-25T14:38:45.894+0000] {dag.py:2726} INFO - Sync 1 DAGs
[2023-05-25T14:38:46.088+0000] {logging_mixin.py:149} INFO - [2023-05-25T14:38:46.087+0000] {dag.py:3490} INFO - Setting next_dagrun for example_sensors to None, run_after=None
[2023-05-25T14:38:46.164+0000] {processor.py:179} INFO - Processing /home/airflow/.local/lib/python3.7/site-packages/airflow/example_dags/example_sensors.py took 0.803 seconds
[2023-05-25T14:39:16.606+0000] {processor.py:157} INFO - Started process (PID=122) to work on /home/airflow/.local/lib/python3.7/site-packages/airflow/example_dags/example_sensors.py
[2023-05-25T14:39:16.610+0000] {processor.py:826} INFO - Processing file /home/airflow/.local/lib/python3.7/site-packages/airflow/example_dags/example_sensors.py for tasks to queue
[2023-05-25T14:39:16.613+0000] {logging_mixin.py:149} INFO - [2023-05-25T14:39:16.612+0000] {dagbag.py:541} INFO - Filling up the DagBag from /home/airflow/.local/lib/python3.7/site-packages/airflow/example_dags/example_sensors.py
[2023-05-25T14:39:16.649+0000] {processor.py:836} INFO - DAG(s) dict_keys(['example_sensors']) retrieved from /home/airflow/.local/lib/python3.7/site-packages/airflow/example_dags/example_sensors.py
[2023-05-25T14:39:16.732+0000] {logging_mixin.py:149} INFO - [2023-05-25T14:39:16.730+0000] {dag.py:2726} INFO - Sync 1 DAGs
[2023-05-25T14:39:16.913+0000] {logging_mixin.py:149} INFO - [2023-05-25T14:39:16.913+0000] {dag.py:3490} INFO - Setting next_dagrun for example_sensors to None, run_after=None
[2023-05-25T14:39:16.990+0000] {processor.py:179} INFO - Processing /home/airflow/.local/lib/python3.7/site-packages/airflow/example_dags/example_sensors.py took 0.394 seconds
[2023-05-25T14:39:49.788+0000] {processor.py:157} INFO - Started process (PID=178) to work on /home/airflow/.local/lib/python3.7/site-packages/airflow/example_dags/example_sensors.py
[2023-05-25T14:39:49.802+0000] {processor.py:826} INFO - Processing file /home/airflow/.local/lib/python3.7/site-packages/airflow/example_dags/example_sensors.py for tasks to queue
[2023-05-25T14:39:49.816+0000] {logging_mixin.py:149} INFO - [2023-05-25T14:39:49.814+0000] {dagbag.py:541} INFO - Filling up the DagBag from /home/airflow/.local/lib/python3.7/site-packages/airflow/example_dags/example_sensors.py
[2023-05-25T14:39:49.902+0000] {processor.py:836} INFO - DAG(s) dict_keys(['example_sensors']) retrieved from /home/airflow/.local/lib/python3.7/site-packages/airflow/example_dags/example_sensors.py
[2023-05-25T14:39:50.191+0000] {logging_mixin.py:149} INFO - [2023-05-25T14:39:50.190+0000] {dag.py:2726} INFO - Sync 1 DAGs
[2023-05-25T14:39:50.549+0000] {logging_mixin.py:149} INFO - [2023-05-25T14:39:50.548+0000] {dag.py:3490} INFO - Setting next_dagrun for example_sensors to None, run_after=None
[2023-05-25T14:39:50.866+0000] {processor.py:179} INFO - Processing /home/airflow/.local/lib/python3.7/site-packages/airflow/example_dags/example_sensors.py took 1.099 seconds
[2023-05-25T14:41:23.878+0000] {processor.py:157} INFO - Started process (PID=65) to work on /home/airflow/.local/lib/python3.7/site-packages/airflow/example_dags/example_sensors.py
[2023-05-25T14:41:23.884+0000] {processor.py:826} INFO - Processing file /home/airflow/.local/lib/python3.7/site-packages/airflow/example_dags/example_sensors.py for tasks to queue
[2023-05-25T14:41:23.894+0000] {logging_mixin.py:149} INFO - [2023-05-25T14:41:23.894+0000] {dagbag.py:541} INFO - Filling up the DagBag from /home/airflow/.local/lib/python3.7/site-packages/airflow/example_dags/example_sensors.py
[2023-05-25T14:41:23.970+0000] {processor.py:836} INFO - DAG(s) dict_keys(['example_sensors']) retrieved from /home/airflow/.local/lib/python3.7/site-packages/airflow/example_dags/example_sensors.py
[2023-05-25T14:41:24.128+0000] {logging_mixin.py:149} INFO - [2023-05-25T14:41:24.128+0000] {dag.py:2726} INFO - Sync 1 DAGs
[2023-05-25T14:41:24.411+0000] {logging_mixin.py:149} INFO - [2023-05-25T14:41:24.410+0000] {dag.py:3490} INFO - Setting next_dagrun for example_sensors to None, run_after=None
[2023-05-25T14:41:24.556+0000] {processor.py:179} INFO - Processing /home/airflow/.local/lib/python3.7/site-packages/airflow/example_dags/example_sensors.py took 0.685 seconds
[2023-05-25T14:41:54.837+0000] {processor.py:157} INFO - Started process (PID=121) to work on /home/airflow/.local/lib/python3.7/site-packages/airflow/example_dags/example_sensors.py
[2023-05-25T14:41:54.844+0000] {processor.py:826} INFO - Processing file /home/airflow/.local/lib/python3.7/site-packages/airflow/example_dags/example_sensors.py for tasks to queue
[2023-05-25T14:41:54.850+0000] {logging_mixin.py:149} INFO - [2023-05-25T14:41:54.850+0000] {dagbag.py:541} INFO - Filling up the DagBag from /home/airflow/.local/lib/python3.7/site-packages/airflow/example_dags/example_sensors.py
[2023-05-25T14:41:54.904+0000] {processor.py:836} INFO - DAG(s) dict_keys(['example_sensors']) retrieved from /home/airflow/.local/lib/python3.7/site-packages/airflow/example_dags/example_sensors.py
[2023-05-25T14:41:54.989+0000] {logging_mixin.py:149} INFO - [2023-05-25T14:41:54.988+0000] {dag.py:2726} INFO - Sync 1 DAGs
[2023-05-25T14:41:55.100+0000] {logging_mixin.py:149} INFO - [2023-05-25T14:41:55.100+0000] {dag.py:3490} INFO - Setting next_dagrun for example_sensors to None, run_after=None
[2023-05-25T14:41:55.160+0000] {processor.py:179} INFO - Processing /home/airflow/.local/lib/python3.7/site-packages/airflow/example_dags/example_sensors.py took 0.336 seconds
[2023-05-25T14:42:26.179+0000] {processor.py:157} INFO - Started process (PID=177) to work on /home/airflow/.local/lib/python3.7/site-packages/airflow/example_dags/example_sensors.py
[2023-05-25T14:42:26.183+0000] {processor.py:826} INFO - Processing file /home/airflow/.local/lib/python3.7/site-packages/airflow/example_dags/example_sensors.py for tasks to queue
[2023-05-25T14:42:26.186+0000] {logging_mixin.py:149} INFO - [2023-05-25T14:42:26.186+0000] {dagbag.py:541} INFO - Filling up the DagBag from /home/airflow/.local/lib/python3.7/site-packages/airflow/example_dags/example_sensors.py
[2023-05-25T14:42:26.207+0000] {processor.py:836} INFO - DAG(s) dict_keys(['example_sensors']) retrieved from /home/airflow/.local/lib/python3.7/site-packages/airflow/example_dags/example_sensors.py
[2023-05-25T14:42:26.483+0000] {logging_mixin.py:149} INFO - [2023-05-25T14:42:26.483+0000] {dag.py:2726} INFO - Sync 1 DAGs
[2023-05-25T14:42:26.533+0000] {logging_mixin.py:149} INFO - [2023-05-25T14:42:26.532+0000] {dag.py:3490} INFO - Setting next_dagrun for example_sensors to None, run_after=None
[2023-05-25T14:42:26.591+0000] {processor.py:179} INFO - Processing /home/airflow/.local/lib/python3.7/site-packages/airflow/example_dags/example_sensors.py took 0.417 seconds
[2023-05-25T14:42:57.124+0000] {processor.py:157} INFO - Started process (PID=233) to work on /home/airflow/.local/lib/python3.7/site-packages/airflow/example_dags/example_sensors.py
[2023-05-25T14:42:57.127+0000] {processor.py:826} INFO - Processing file /home/airflow/.local/lib/python3.7/site-packages/airflow/example_dags/example_sensors.py for tasks to queue
[2023-05-25T14:42:57.136+0000] {logging_mixin.py:149} INFO - [2023-05-25T14:42:57.136+0000] {dagbag.py:541} INFO - Filling up the DagBag from /home/airflow/.local/lib/python3.7/site-packages/airflow/example_dags/example_sensors.py
[2023-05-25T14:42:57.161+0000] {processor.py:836} INFO - DAG(s) dict_keys(['example_sensors']) retrieved from /home/airflow/.local/lib/python3.7/site-packages/airflow/example_dags/example_sensors.py
[2023-05-25T14:42:57.276+0000] {logging_mixin.py:149} INFO - [2023-05-25T14:42:57.275+0000] {dag.py:2726} INFO - Sync 1 DAGs
[2023-05-25T14:42:57.339+0000] {logging_mixin.py:149} INFO - [2023-05-25T14:42:57.339+0000] {dag.py:3490} INFO - Setting next_dagrun for example_sensors to None, run_after=None
[2023-05-25T14:42:57.376+0000] {processor.py:179} INFO - Processing /home/airflow/.local/lib/python3.7/site-packages/airflow/example_dags/example_sensors.py took 0.261 seconds
[2023-05-25T14:46:21.104+0000] {processor.py:157} INFO - Started process (PID=64) to work on /home/airflow/.local/lib/python3.7/site-packages/airflow/example_dags/example_sensors.py
[2023-05-25T14:46:21.109+0000] {processor.py:826} INFO - Processing file /home/airflow/.local/lib/python3.7/site-packages/airflow/example_dags/example_sensors.py for tasks to queue
[2023-05-25T14:46:21.114+0000] {logging_mixin.py:149} INFO - [2023-05-25T14:46:21.114+0000] {dagbag.py:541} INFO - Filling up the DagBag from /home/airflow/.local/lib/python3.7/site-packages/airflow/example_dags/example_sensors.py
[2023-05-25T14:46:21.149+0000] {processor.py:836} INFO - DAG(s) dict_keys(['example_sensors']) retrieved from /home/airflow/.local/lib/python3.7/site-packages/airflow/example_dags/example_sensors.py
[2023-05-25T14:46:21.336+0000] {logging_mixin.py:149} INFO - [2023-05-25T14:46:21.320+0000] {dag.py:2726} INFO - Sync 1 DAGs
[2023-05-25T14:46:21.510+0000] {logging_mixin.py:149} INFO - [2023-05-25T14:46:21.510+0000] {dag.py:3490} INFO - Setting next_dagrun for example_sensors to None, run_after=None
[2023-05-25T14:46:21.665+0000] {processor.py:179} INFO - Processing /home/airflow/.local/lib/python3.7/site-packages/airflow/example_dags/example_sensors.py took 0.568 seconds
[2023-05-25T14:46:52.384+0000] {processor.py:157} INFO - Started process (PID=120) to work on /home/airflow/.local/lib/python3.7/site-packages/airflow/example_dags/example_sensors.py
[2023-05-25T14:46:52.393+0000] {processor.py:826} INFO - Processing file /home/airflow/.local/lib/python3.7/site-packages/airflow/example_dags/example_sensors.py for tasks to queue
[2023-05-25T14:46:52.404+0000] {logging_mixin.py:149} INFO - [2023-05-25T14:46:52.400+0000] {dagbag.py:541} INFO - Filling up the DagBag from /home/airflow/.local/lib/python3.7/site-packages/airflow/example_dags/example_sensors.py
[2023-05-25T14:46:52.508+0000] {processor.py:836} INFO - DAG(s) dict_keys(['example_sensors']) retrieved from /home/airflow/.local/lib/python3.7/site-packages/airflow/example_dags/example_sensors.py
[2023-05-25T14:46:52.696+0000] {logging_mixin.py:149} INFO - [2023-05-25T14:46:52.695+0000] {dag.py:2726} INFO - Sync 1 DAGs
[2023-05-25T14:46:52.775+0000] {logging_mixin.py:149} INFO - [2023-05-25T14:46:52.775+0000] {dag.py:3490} INFO - Setting next_dagrun for example_sensors to None, run_after=None
[2023-05-25T14:46:52.858+0000] {processor.py:179} INFO - Processing /home/airflow/.local/lib/python3.7/site-packages/airflow/example_dags/example_sensors.py took 0.496 seconds
[2023-05-25T14:47:23.248+0000] {processor.py:157} INFO - Started process (PID=175) to work on /home/airflow/.local/lib/python3.7/site-packages/airflow/example_dags/example_sensors.py
[2023-05-25T14:47:23.252+0000] {processor.py:826} INFO - Processing file /home/airflow/.local/lib/python3.7/site-packages/airflow/example_dags/example_sensors.py for tasks to queue
[2023-05-25T14:47:23.257+0000] {logging_mixin.py:149} INFO - [2023-05-25T14:47:23.257+0000] {dagbag.py:541} INFO - Filling up the DagBag from /home/airflow/.local/lib/python3.7/site-packages/airflow/example_dags/example_sensors.py
[2023-05-25T14:47:23.329+0000] {processor.py:836} INFO - DAG(s) dict_keys(['example_sensors']) retrieved from /home/airflow/.local/lib/python3.7/site-packages/airflow/example_dags/example_sensors.py
[2023-05-25T14:47:23.431+0000] {logging_mixin.py:149} INFO - [2023-05-25T14:47:23.431+0000] {dag.py:2726} INFO - Sync 1 DAGs
[2023-05-25T14:47:23.841+0000] {logging_mixin.py:149} INFO - [2023-05-25T14:47:23.840+0000] {dag.py:3490} INFO - Setting next_dagrun for example_sensors to None, run_after=None
[2023-05-25T14:47:23.913+0000] {processor.py:179} INFO - Processing /home/airflow/.local/lib/python3.7/site-packages/airflow/example_dags/example_sensors.py took 0.672 seconds
[2023-05-25T14:47:57.334+0000] {processor.py:157} INFO - Started process (PID=230) to work on /home/airflow/.local/lib/python3.7/site-packages/airflow/example_dags/example_sensors.py
[2023-05-25T14:47:57.358+0000] {processor.py:826} INFO - Processing file /home/airflow/.local/lib/python3.7/site-packages/airflow/example_dags/example_sensors.py for tasks to queue
[2023-05-25T14:47:57.362+0000] {logging_mixin.py:149} INFO - [2023-05-25T14:47:57.362+0000] {dagbag.py:541} INFO - Filling up the DagBag from /home/airflow/.local/lib/python3.7/site-packages/airflow/example_dags/example_sensors.py
[2023-05-25T14:47:57.462+0000] {processor.py:836} INFO - DAG(s) dict_keys(['example_sensors']) retrieved from /home/airflow/.local/lib/python3.7/site-packages/airflow/example_dags/example_sensors.py
[2023-05-25T14:47:57.778+0000] {logging_mixin.py:149} INFO - [2023-05-25T14:47:57.777+0000] {dag.py:2726} INFO - Sync 1 DAGs
[2023-05-25T14:47:58.138+0000] {logging_mixin.py:149} INFO - [2023-05-25T14:47:58.138+0000] {dag.py:3490} INFO - Setting next_dagrun for example_sensors to None, run_after=None
[2023-05-25T14:47:58.425+0000] {processor.py:179} INFO - Processing /home/airflow/.local/lib/python3.7/site-packages/airflow/example_dags/example_sensors.py took 1.123 seconds
