[2023-05-25T14:38:44.412+0000] {processor.py:157} INFO - Started process (PID=65) to work on /home/airflow/.local/lib/python3.7/site-packages/airflow/example_dags/example_short_circuit_decorator.py
[2023-05-25T14:38:44.432+0000] {processor.py:826} INFO - Processing file /home/airflow/.local/lib/python3.7/site-packages/airflow/example_dags/example_short_circuit_decorator.py for tasks to queue
[2023-05-25T14:38:44.437+0000] {logging_mixin.py:149} INFO - [2023-05-25T14:38:44.437+0000] {dagbag.py:541} INFO - Filling up the DagBag from /home/airflow/.local/lib/python3.7/site-packages/airflow/example_dags/example_short_circuit_decorator.py
[2023-05-25T14:38:44.578+0000] {processor.py:836} INFO - DAG(s) dict_keys(['example_short_circuit_decorator']) retrieved from /home/airflow/.local/lib/python3.7/site-packages/airflow/example_dags/example_short_circuit_decorator.py
[2023-05-25T14:38:44.719+0000] {logging_mixin.py:149} INFO - [2023-05-25T14:38:44.719+0000] {dag.py:2726} INFO - Sync 1 DAGs
[2023-05-25T14:38:44.894+0000] {logging_mixin.py:149} INFO - [2023-05-25T14:38:44.893+0000] {dag.py:3490} INFO - Setting next_dagrun for example_short_circuit_decorator to 2023-05-24T14:38:44.893447+00:00, run_after=2023-05-25T14:38:44.893447+00:00
[2023-05-25T14:38:45.075+0000] {processor.py:179} INFO - Processing /home/airflow/.local/lib/python3.7/site-packages/airflow/example_dags/example_short_circuit_decorator.py took 0.689 seconds
[2023-05-25T14:39:15.952+0000] {processor.py:157} INFO - Started process (PID=120) to work on /home/airflow/.local/lib/python3.7/site-packages/airflow/example_dags/example_short_circuit_decorator.py
[2023-05-25T14:39:15.961+0000] {processor.py:826} INFO - Processing file /home/airflow/.local/lib/python3.7/site-packages/airflow/example_dags/example_short_circuit_decorator.py for tasks to queue
[2023-05-25T14:39:15.986+0000] {logging_mixin.py:149} INFO - [2023-05-25T14:39:15.986+0000] {dagbag.py:541} INFO - Filling up the DagBag from /home/airflow/.local/lib/python3.7/site-packages/airflow/example_dags/example_short_circuit_decorator.py
[2023-05-25T14:39:16.100+0000] {processor.py:836} INFO - DAG(s) dict_keys(['example_short_circuit_decorator']) retrieved from /home/airflow/.local/lib/python3.7/site-packages/airflow/example_dags/example_short_circuit_decorator.py
[2023-05-25T14:39:16.300+0000] {logging_mixin.py:149} INFO - [2023-05-25T14:39:16.299+0000] {dag.py:2726} INFO - Sync 1 DAGs
[2023-05-25T14:39:16.433+0000] {logging_mixin.py:149} INFO - [2023-05-25T14:39:16.433+0000] {dag.py:3490} INFO - Setting next_dagrun for example_short_circuit_decorator to 2023-05-24T14:39:16.429731+00:00, run_after=2023-05-25T14:39:16.429731+00:00
[2023-05-25T14:39:16.502+0000] {processor.py:179} INFO - Processing /home/airflow/.local/lib/python3.7/site-packages/airflow/example_dags/example_short_circuit_decorator.py took 0.553 seconds
[2023-05-25T14:39:48.932+0000] {processor.py:157} INFO - Started process (PID=176) to work on /home/airflow/.local/lib/python3.7/site-packages/airflow/example_dags/example_short_circuit_decorator.py
[2023-05-25T14:39:48.938+0000] {processor.py:826} INFO - Processing file /home/airflow/.local/lib/python3.7/site-packages/airflow/example_dags/example_short_circuit_decorator.py for tasks to queue
[2023-05-25T14:39:48.945+0000] {logging_mixin.py:149} INFO - [2023-05-25T14:39:48.945+0000] {dagbag.py:541} INFO - Filling up the DagBag from /home/airflow/.local/lib/python3.7/site-packages/airflow/example_dags/example_short_circuit_decorator.py
[2023-05-25T14:39:48.998+0000] {processor.py:836} INFO - DAG(s) dict_keys(['example_short_circuit_decorator']) retrieved from /home/airflow/.local/lib/python3.7/site-packages/airflow/example_dags/example_short_circuit_decorator.py
[2023-05-25T14:39:49.185+0000] {logging_mixin.py:149} INFO - [2023-05-25T14:39:49.184+0000] {dag.py:2726} INFO - Sync 1 DAGs
[2023-05-25T14:39:49.362+0000] {logging_mixin.py:149} INFO - [2023-05-25T14:39:49.362+0000] {dag.py:3490} INFO - Setting next_dagrun for example_short_circuit_decorator to 2023-05-24T14:39:49.357394+00:00, run_after=2023-05-25T14:39:49.357394+00:00
[2023-05-25T14:39:49.584+0000] {processor.py:179} INFO - Processing /home/airflow/.local/lib/python3.7/site-packages/airflow/example_dags/example_short_circuit_decorator.py took 0.660 seconds
[2023-05-25T14:41:22.966+0000] {processor.py:157} INFO - Started process (PID=63) to work on /home/airflow/.local/lib/python3.7/site-packages/airflow/example_dags/example_short_circuit_decorator.py
[2023-05-25T14:41:22.975+0000] {processor.py:826} INFO - Processing file /home/airflow/.local/lib/python3.7/site-packages/airflow/example_dags/example_short_circuit_decorator.py for tasks to queue
[2023-05-25T14:41:22.979+0000] {logging_mixin.py:149} INFO - [2023-05-25T14:41:22.979+0000] {dagbag.py:541} INFO - Filling up the DagBag from /home/airflow/.local/lib/python3.7/site-packages/airflow/example_dags/example_short_circuit_decorator.py
[2023-05-25T14:41:23.152+0000] {processor.py:836} INFO - DAG(s) dict_keys(['example_short_circuit_decorator']) retrieved from /home/airflow/.local/lib/python3.7/site-packages/airflow/example_dags/example_short_circuit_decorator.py
[2023-05-25T14:41:23.422+0000] {logging_mixin.py:149} INFO - [2023-05-25T14:41:23.421+0000] {dag.py:2726} INFO - Sync 1 DAGs
[2023-05-25T14:41:23.592+0000] {logging_mixin.py:149} INFO - [2023-05-25T14:41:23.592+0000] {dag.py:3490} INFO - Setting next_dagrun for example_short_circuit_decorator to 2023-05-24T14:41:23.591448+00:00, run_after=2023-05-25T14:41:23.591448+00:00
[2023-05-25T14:41:23.686+0000] {processor.py:179} INFO - Processing /home/airflow/.local/lib/python3.7/site-packages/airflow/example_dags/example_short_circuit_decorator.py took 0.803 seconds
[2023-05-25T14:41:53.797+0000] {processor.py:157} INFO - Started process (PID=119) to work on /home/airflow/.local/lib/python3.7/site-packages/airflow/example_dags/example_short_circuit_decorator.py
[2023-05-25T14:41:53.800+0000] {processor.py:826} INFO - Processing file /home/airflow/.local/lib/python3.7/site-packages/airflow/example_dags/example_short_circuit_decorator.py for tasks to queue
[2023-05-25T14:41:53.803+0000] {logging_mixin.py:149} INFO - [2023-05-25T14:41:53.803+0000] {dagbag.py:541} INFO - Filling up the DagBag from /home/airflow/.local/lib/python3.7/site-packages/airflow/example_dags/example_short_circuit_decorator.py
[2023-05-25T14:41:53.823+0000] {processor.py:836} INFO - DAG(s) dict_keys(['example_short_circuit_decorator']) retrieved from /home/airflow/.local/lib/python3.7/site-packages/airflow/example_dags/example_short_circuit_decorator.py
[2023-05-25T14:41:53.867+0000] {logging_mixin.py:149} INFO - [2023-05-25T14:41:53.867+0000] {dag.py:2726} INFO - Sync 1 DAGs
[2023-05-25T14:41:53.918+0000] {logging_mixin.py:149} INFO - [2023-05-25T14:41:53.918+0000] {dag.py:3490} INFO - Setting next_dagrun for example_short_circuit_decorator to 2023-05-24T14:41:53.917997+00:00, run_after=2023-05-25T14:41:53.917997+00:00
[2023-05-25T14:41:53.980+0000] {processor.py:179} INFO - Processing /home/airflow/.local/lib/python3.7/site-packages/airflow/example_dags/example_short_circuit_decorator.py took 0.191 seconds
[2023-05-25T14:42:24.426+0000] {processor.py:157} INFO - Started process (PID=175) to work on /home/airflow/.local/lib/python3.7/site-packages/airflow/example_dags/example_short_circuit_decorator.py
[2023-05-25T14:42:24.431+0000] {processor.py:826} INFO - Processing file /home/airflow/.local/lib/python3.7/site-packages/airflow/example_dags/example_short_circuit_decorator.py for tasks to queue
[2023-05-25T14:42:24.434+0000] {logging_mixin.py:149} INFO - [2023-05-25T14:42:24.433+0000] {dagbag.py:541} INFO - Filling up the DagBag from /home/airflow/.local/lib/python3.7/site-packages/airflow/example_dags/example_short_circuit_decorator.py
[2023-05-25T14:42:24.540+0000] {processor.py:836} INFO - DAG(s) dict_keys(['example_short_circuit_decorator']) retrieved from /home/airflow/.local/lib/python3.7/site-packages/airflow/example_dags/example_short_circuit_decorator.py
[2023-05-25T14:42:24.924+0000] {logging_mixin.py:149} INFO - [2023-05-25T14:42:24.924+0000] {dag.py:2726} INFO - Sync 1 DAGs
[2023-05-25T14:42:24.971+0000] {logging_mixin.py:149} INFO - [2023-05-25T14:42:24.971+0000] {dag.py:3490} INFO - Setting next_dagrun for example_short_circuit_decorator to 2023-05-24T14:42:24.971366+00:00, run_after=2023-05-25T14:42:24.971366+00:00
[2023-05-25T14:42:25.011+0000] {processor.py:179} INFO - Processing /home/airflow/.local/lib/python3.7/site-packages/airflow/example_dags/example_short_circuit_decorator.py took 0.597 seconds
[2023-05-25T14:42:55.864+0000] {processor.py:157} INFO - Started process (PID=231) to work on /home/airflow/.local/lib/python3.7/site-packages/airflow/example_dags/example_short_circuit_decorator.py
[2023-05-25T14:42:55.868+0000] {processor.py:826} INFO - Processing file /home/airflow/.local/lib/python3.7/site-packages/airflow/example_dags/example_short_circuit_decorator.py for tasks to queue
[2023-05-25T14:42:55.871+0000] {logging_mixin.py:149} INFO - [2023-05-25T14:42:55.871+0000] {dagbag.py:541} INFO - Filling up the DagBag from /home/airflow/.local/lib/python3.7/site-packages/airflow/example_dags/example_short_circuit_decorator.py
[2023-05-25T14:42:55.893+0000] {processor.py:836} INFO - DAG(s) dict_keys(['example_short_circuit_decorator']) retrieved from /home/airflow/.local/lib/python3.7/site-packages/airflow/example_dags/example_short_circuit_decorator.py
[2023-05-25T14:42:55.947+0000] {logging_mixin.py:149} INFO - [2023-05-25T14:42:55.947+0000] {dag.py:2726} INFO - Sync 1 DAGs
[2023-05-25T14:42:56.004+0000] {logging_mixin.py:149} INFO - [2023-05-25T14:42:56.004+0000] {dag.py:3490} INFO - Setting next_dagrun for example_short_circuit_decorator to 2023-05-24T14:42:56.000738+00:00, run_after=2023-05-25T14:42:56.000738+00:00
[2023-05-25T14:42:56.052+0000] {processor.py:179} INFO - Processing /home/airflow/.local/lib/python3.7/site-packages/airflow/example_dags/example_short_circuit_decorator.py took 0.198 seconds
[2023-05-25T14:46:20.014+0000] {processor.py:157} INFO - Started process (PID=62) to work on /home/airflow/.local/lib/python3.7/site-packages/airflow/example_dags/example_short_circuit_decorator.py
[2023-05-25T14:46:20.022+0000] {processor.py:826} INFO - Processing file /home/airflow/.local/lib/python3.7/site-packages/airflow/example_dags/example_short_circuit_decorator.py for tasks to queue
[2023-05-25T14:46:20.030+0000] {logging_mixin.py:149} INFO - [2023-05-25T14:46:20.030+0000] {dagbag.py:541} INFO - Filling up the DagBag from /home/airflow/.local/lib/python3.7/site-packages/airflow/example_dags/example_short_circuit_decorator.py
[2023-05-25T14:46:20.069+0000] {processor.py:836} INFO - DAG(s) dict_keys(['example_short_circuit_decorator']) retrieved from /home/airflow/.local/lib/python3.7/site-packages/airflow/example_dags/example_short_circuit_decorator.py
[2023-05-25T14:46:20.342+0000] {logging_mixin.py:149} INFO - [2023-05-25T14:46:20.342+0000] {dag.py:2726} INFO - Sync 1 DAGs
[2023-05-25T14:46:20.462+0000] {logging_mixin.py:149} INFO - [2023-05-25T14:46:20.461+0000] {dag.py:3490} INFO - Setting next_dagrun for example_short_circuit_decorator to 2023-05-24T14:46:20.460328+00:00, run_after=2023-05-25T14:46:20.460328+00:00
[2023-05-25T14:46:20.592+0000] {processor.py:179} INFO - Processing /home/airflow/.local/lib/python3.7/site-packages/airflow/example_dags/example_short_circuit_decorator.py took 0.601 seconds
[2023-05-25T14:46:51.006+0000] {processor.py:157} INFO - Started process (PID=117) to work on /home/airflow/.local/lib/python3.7/site-packages/airflow/example_dags/example_short_circuit_decorator.py
[2023-05-25T14:46:51.014+0000] {processor.py:826} INFO - Processing file /home/airflow/.local/lib/python3.7/site-packages/airflow/example_dags/example_short_circuit_decorator.py for tasks to queue
[2023-05-25T14:46:51.016+0000] {logging_mixin.py:149} INFO - [2023-05-25T14:46:51.016+0000] {dagbag.py:541} INFO - Filling up the DagBag from /home/airflow/.local/lib/python3.7/site-packages/airflow/example_dags/example_short_circuit_decorator.py
[2023-05-25T14:46:51.038+0000] {processor.py:836} INFO - DAG(s) dict_keys(['example_short_circuit_decorator']) retrieved from /home/airflow/.local/lib/python3.7/site-packages/airflow/example_dags/example_short_circuit_decorator.py
[2023-05-25T14:46:51.104+0000] {logging_mixin.py:149} INFO - [2023-05-25T14:46:51.104+0000] {dag.py:2726} INFO - Sync 1 DAGs
[2023-05-25T14:46:51.168+0000] {logging_mixin.py:149} INFO - [2023-05-25T14:46:51.168+0000] {dag.py:3490} INFO - Setting next_dagrun for example_short_circuit_decorator to 2023-05-24T14:46:51.167511+00:00, run_after=2023-05-25T14:46:51.167511+00:00
[2023-05-25T14:46:51.245+0000] {processor.py:179} INFO - Processing /home/airflow/.local/lib/python3.7/site-packages/airflow/example_dags/example_short_circuit_decorator.py took 0.248 seconds
[2023-05-25T14:47:21.716+0000] {processor.py:157} INFO - Started process (PID=172) to work on /home/airflow/.local/lib/python3.7/site-packages/airflow/example_dags/example_short_circuit_decorator.py
[2023-05-25T14:47:21.721+0000] {processor.py:826} INFO - Processing file /home/airflow/.local/lib/python3.7/site-packages/airflow/example_dags/example_short_circuit_decorator.py for tasks to queue
[2023-05-25T14:47:21.724+0000] {logging_mixin.py:149} INFO - [2023-05-25T14:47:21.724+0000] {dagbag.py:541} INFO - Filling up the DagBag from /home/airflow/.local/lib/python3.7/site-packages/airflow/example_dags/example_short_circuit_decorator.py
[2023-05-25T14:47:21.746+0000] {processor.py:836} INFO - DAG(s) dict_keys(['example_short_circuit_decorator']) retrieved from /home/airflow/.local/lib/python3.7/site-packages/airflow/example_dags/example_short_circuit_decorator.py
[2023-05-25T14:47:21.820+0000] {logging_mixin.py:149} INFO - [2023-05-25T14:47:21.819+0000] {dag.py:2726} INFO - Sync 1 DAGs
[2023-05-25T14:47:22.047+0000] {logging_mixin.py:149} INFO - [2023-05-25T14:47:22.047+0000] {dag.py:3490} INFO - Setting next_dagrun for example_short_circuit_decorator to 2023-05-24T14:47:22.047025+00:00, run_after=2023-05-25T14:47:22.047025+00:00
[2023-05-25T14:47:22.083+0000] {processor.py:179} INFO - Processing /home/airflow/.local/lib/python3.7/site-packages/airflow/example_dags/example_short_circuit_decorator.py took 0.375 seconds
[2023-05-25T14:47:56.052+0000] {processor.py:157} INFO - Started process (PID=228) to work on /home/airflow/.local/lib/python3.7/site-packages/airflow/example_dags/example_short_circuit_decorator.py
[2023-05-25T14:47:56.075+0000] {processor.py:826} INFO - Processing file /home/airflow/.local/lib/python3.7/site-packages/airflow/example_dags/example_short_circuit_decorator.py for tasks to queue
[2023-05-25T14:47:56.090+0000] {logging_mixin.py:149} INFO - [2023-05-25T14:47:56.090+0000] {dagbag.py:541} INFO - Filling up the DagBag from /home/airflow/.local/lib/python3.7/site-packages/airflow/example_dags/example_short_circuit_decorator.py
[2023-05-25T14:47:56.261+0000] {processor.py:836} INFO - DAG(s) dict_keys(['example_short_circuit_decorator']) retrieved from /home/airflow/.local/lib/python3.7/site-packages/airflow/example_dags/example_short_circuit_decorator.py
[2023-05-25T14:47:56.488+0000] {logging_mixin.py:149} INFO - [2023-05-25T14:47:56.487+0000] {dag.py:2726} INFO - Sync 1 DAGs
[2023-05-25T14:47:56.735+0000] {logging_mixin.py:149} INFO - [2023-05-25T14:47:56.735+0000] {dag.py:3490} INFO - Setting next_dagrun for example_short_circuit_decorator to 2023-05-24T14:47:56.734858+00:00, run_after=2023-05-25T14:47:56.734858+00:00
[2023-05-25T14:47:56.887+0000] {processor.py:179} INFO - Processing /home/airflow/.local/lib/python3.7/site-packages/airflow/example_dags/example_short_circuit_decorator.py took 0.869 seconds
