[2023-05-25T14:38:43.512+0000] {processor.py:157} INFO - Started process (PID=63) to work on /home/airflow/.local/lib/python3.7/site-packages/airflow/example_dags/example_sensor_decorator.py
[2023-05-25T14:38:43.516+0000] {processor.py:826} INFO - Processing file /home/airflow/.local/lib/python3.7/site-packages/airflow/example_dags/example_sensor_decorator.py for tasks to queue
[2023-05-25T14:38:43.522+0000] {logging_mixin.py:149} INFO - [2023-05-25T14:38:43.521+0000] {dagbag.py:541} INFO - Filling up the DagBag from /home/airflow/.local/lib/python3.7/site-packages/airflow/example_dags/example_sensor_decorator.py
[2023-05-25T14:38:43.556+0000] {processor.py:836} INFO - DAG(s) dict_keys(['example_sensor_decorator']) retrieved from /home/airflow/.local/lib/python3.7/site-packages/airflow/example_dags/example_sensor_decorator.py
[2023-05-25T14:38:43.728+0000] {logging_mixin.py:149} INFO - [2023-05-25T14:38:43.728+0000] {dag.py:2726} INFO - Sync 1 DAGs
[2023-05-25T14:38:43.953+0000] {logging_mixin.py:149} INFO - [2023-05-25T14:38:43.951+0000] {dag.py:3490} INFO - Setting next_dagrun for example_sensor_decorator to None, run_after=None
[2023-05-25T14:38:44.232+0000] {processor.py:179} INFO - Processing /home/airflow/.local/lib/python3.7/site-packages/airflow/example_dags/example_sensor_decorator.py took 0.742 seconds
[2023-05-25T14:39:15.348+0000] {processor.py:157} INFO - Started process (PID=118) to work on /home/airflow/.local/lib/python3.7/site-packages/airflow/example_dags/example_sensor_decorator.py
[2023-05-25T14:39:15.354+0000] {processor.py:826} INFO - Processing file /home/airflow/.local/lib/python3.7/site-packages/airflow/example_dags/example_sensor_decorator.py for tasks to queue
[2023-05-25T14:39:15.358+0000] {logging_mixin.py:149} INFO - [2023-05-25T14:39:15.357+0000] {dagbag.py:541} INFO - Filling up the DagBag from /home/airflow/.local/lib/python3.7/site-packages/airflow/example_dags/example_sensor_decorator.py
[2023-05-25T14:39:15.400+0000] {processor.py:836} INFO - DAG(s) dict_keys(['example_sensor_decorator']) retrieved from /home/airflow/.local/lib/python3.7/site-packages/airflow/example_dags/example_sensor_decorator.py
[2023-05-25T14:39:15.603+0000] {logging_mixin.py:149} INFO - [2023-05-25T14:39:15.603+0000] {dag.py:2726} INFO - Sync 1 DAGs
[2023-05-25T14:39:15.726+0000] {logging_mixin.py:149} INFO - [2023-05-25T14:39:15.720+0000] {dag.py:3490} INFO - Setting next_dagrun for example_sensor_decorator to None, run_after=None
[2023-05-25T14:39:15.812+0000] {processor.py:179} INFO - Processing /home/airflow/.local/lib/python3.7/site-packages/airflow/example_dags/example_sensor_decorator.py took 0.471 seconds
[2023-05-25T14:39:48.453+0000] {processor.py:157} INFO - Started process (PID=174) to work on /home/airflow/.local/lib/python3.7/site-packages/airflow/example_dags/example_sensor_decorator.py
[2023-05-25T14:39:48.460+0000] {processor.py:826} INFO - Processing file /home/airflow/.local/lib/python3.7/site-packages/airflow/example_dags/example_sensor_decorator.py for tasks to queue
[2023-05-25T14:39:48.470+0000] {logging_mixin.py:149} INFO - [2023-05-25T14:39:48.468+0000] {dagbag.py:541} INFO - Filling up the DagBag from /home/airflow/.local/lib/python3.7/site-packages/airflow/example_dags/example_sensor_decorator.py
[2023-05-25T14:39:48.489+0000] {processor.py:836} INFO - DAG(s) dict_keys(['example_sensor_decorator']) retrieved from /home/airflow/.local/lib/python3.7/site-packages/airflow/example_dags/example_sensor_decorator.py
[2023-05-25T14:39:48.637+0000] {logging_mixin.py:149} INFO - [2023-05-25T14:39:48.637+0000] {dag.py:2726} INFO - Sync 1 DAGs
[2023-05-25T14:39:48.736+0000] {logging_mixin.py:149} INFO - [2023-05-25T14:39:48.736+0000] {dag.py:3490} INFO - Setting next_dagrun for example_sensor_decorator to None, run_after=None
[2023-05-25T14:39:48.807+0000] {processor.py:179} INFO - Processing /home/airflow/.local/lib/python3.7/site-packages/airflow/example_dags/example_sensor_decorator.py took 0.366 seconds
[2023-05-25T14:41:22.322+0000] {processor.py:157} INFO - Started process (PID=61) to work on /home/airflow/.local/lib/python3.7/site-packages/airflow/example_dags/example_sensor_decorator.py
[2023-05-25T14:41:22.341+0000] {processor.py:826} INFO - Processing file /home/airflow/.local/lib/python3.7/site-packages/airflow/example_dags/example_sensor_decorator.py for tasks to queue
[2023-05-25T14:41:22.344+0000] {logging_mixin.py:149} INFO - [2023-05-25T14:41:22.343+0000] {dagbag.py:541} INFO - Filling up the DagBag from /home/airflow/.local/lib/python3.7/site-packages/airflow/example_dags/example_sensor_decorator.py
[2023-05-25T14:41:22.380+0000] {processor.py:836} INFO - DAG(s) dict_keys(['example_sensor_decorator']) retrieved from /home/airflow/.local/lib/python3.7/site-packages/airflow/example_dags/example_sensor_decorator.py
[2023-05-25T14:41:22.471+0000] {logging_mixin.py:149} INFO - [2023-05-25T14:41:22.469+0000] {dag.py:2726} INFO - Sync 1 DAGs
[2023-05-25T14:41:22.596+0000] {logging_mixin.py:149} INFO - [2023-05-25T14:41:22.596+0000] {dag.py:3490} INFO - Setting next_dagrun for example_sensor_decorator to None, run_after=None
[2023-05-25T14:41:22.700+0000] {processor.py:179} INFO - Processing /home/airflow/.local/lib/python3.7/site-packages/airflow/example_dags/example_sensor_decorator.py took 0.392 seconds
[2023-05-25T14:41:53.581+0000] {processor.py:157} INFO - Started process (PID=117) to work on /home/airflow/.local/lib/python3.7/site-packages/airflow/example_dags/example_sensor_decorator.py
[2023-05-25T14:41:53.586+0000] {processor.py:826} INFO - Processing file /home/airflow/.local/lib/python3.7/site-packages/airflow/example_dags/example_sensor_decorator.py for tasks to queue
[2023-05-25T14:41:53.590+0000] {logging_mixin.py:149} INFO - [2023-05-25T14:41:53.590+0000] {dagbag.py:541} INFO - Filling up the DagBag from /home/airflow/.local/lib/python3.7/site-packages/airflow/example_dags/example_sensor_decorator.py
[2023-05-25T14:41:53.603+0000] {processor.py:836} INFO - DAG(s) dict_keys(['example_sensor_decorator']) retrieved from /home/airflow/.local/lib/python3.7/site-packages/airflow/example_dags/example_sensor_decorator.py
[2023-05-25T14:41:53.633+0000] {logging_mixin.py:149} INFO - [2023-05-25T14:41:53.632+0000] {dag.py:2726} INFO - Sync 1 DAGs
[2023-05-25T14:41:53.679+0000] {logging_mixin.py:149} INFO - [2023-05-25T14:41:53.679+0000] {dag.py:3490} INFO - Setting next_dagrun for example_sensor_decorator to None, run_after=None
[2023-05-25T14:41:53.725+0000] {processor.py:179} INFO - Processing /home/airflow/.local/lib/python3.7/site-packages/airflow/example_dags/example_sensor_decorator.py took 0.151 seconds
[2023-05-25T14:42:24.051+0000] {processor.py:157} INFO - Started process (PID=173) to work on /home/airflow/.local/lib/python3.7/site-packages/airflow/example_dags/example_sensor_decorator.py
[2023-05-25T14:42:24.053+0000] {processor.py:826} INFO - Processing file /home/airflow/.local/lib/python3.7/site-packages/airflow/example_dags/example_sensor_decorator.py for tasks to queue
[2023-05-25T14:42:24.056+0000] {logging_mixin.py:149} INFO - [2023-05-25T14:42:24.055+0000] {dagbag.py:541} INFO - Filling up the DagBag from /home/airflow/.local/lib/python3.7/site-packages/airflow/example_dags/example_sensor_decorator.py
[2023-05-25T14:42:24.067+0000] {processor.py:836} INFO - DAG(s) dict_keys(['example_sensor_decorator']) retrieved from /home/airflow/.local/lib/python3.7/site-packages/airflow/example_dags/example_sensor_decorator.py
[2023-05-25T14:42:24.265+0000] {logging_mixin.py:149} INFO - [2023-05-25T14:42:24.264+0000] {dag.py:2726} INFO - Sync 1 DAGs
[2023-05-25T14:42:24.314+0000] {logging_mixin.py:149} INFO - [2023-05-25T14:42:24.314+0000] {dag.py:3490} INFO - Setting next_dagrun for example_sensor_decorator to None, run_after=None
[2023-05-25T14:42:24.354+0000] {processor.py:179} INFO - Processing /home/airflow/.local/lib/python3.7/site-packages/airflow/example_dags/example_sensor_decorator.py took 0.308 seconds
[2023-05-25T14:42:55.475+0000] {processor.py:157} INFO - Started process (PID=229) to work on /home/airflow/.local/lib/python3.7/site-packages/airflow/example_dags/example_sensor_decorator.py
[2023-05-25T14:42:55.484+0000] {processor.py:826} INFO - Processing file /home/airflow/.local/lib/python3.7/site-packages/airflow/example_dags/example_sensor_decorator.py for tasks to queue
[2023-05-25T14:42:55.487+0000] {logging_mixin.py:149} INFO - [2023-05-25T14:42:55.487+0000] {dagbag.py:541} INFO - Filling up the DagBag from /home/airflow/.local/lib/python3.7/site-packages/airflow/example_dags/example_sensor_decorator.py
[2023-05-25T14:42:55.500+0000] {processor.py:836} INFO - DAG(s) dict_keys(['example_sensor_decorator']) retrieved from /home/airflow/.local/lib/python3.7/site-packages/airflow/example_dags/example_sensor_decorator.py
[2023-05-25T14:42:55.669+0000] {logging_mixin.py:149} INFO - [2023-05-25T14:42:55.669+0000] {dag.py:2726} INFO - Sync 1 DAGs
[2023-05-25T14:42:55.713+0000] {logging_mixin.py:149} INFO - [2023-05-25T14:42:55.713+0000] {dag.py:3490} INFO - Setting next_dagrun for example_sensor_decorator to None, run_after=None
[2023-05-25T14:42:55.770+0000] {processor.py:179} INFO - Processing /home/airflow/.local/lib/python3.7/site-packages/airflow/example_dags/example_sensor_decorator.py took 0.302 seconds
[2023-05-25T14:46:19.033+0000] {processor.py:157} INFO - Started process (PID=60) to work on /home/airflow/.local/lib/python3.7/site-packages/airflow/example_dags/example_sensor_decorator.py
[2023-05-25T14:46:19.071+0000] {processor.py:826} INFO - Processing file /home/airflow/.local/lib/python3.7/site-packages/airflow/example_dags/example_sensor_decorator.py for tasks to queue
[2023-05-25T14:46:19.100+0000] {logging_mixin.py:149} INFO - [2023-05-25T14:46:19.100+0000] {dagbag.py:541} INFO - Filling up the DagBag from /home/airflow/.local/lib/python3.7/site-packages/airflow/example_dags/example_sensor_decorator.py
[2023-05-25T14:46:19.268+0000] {processor.py:836} INFO - DAG(s) dict_keys(['example_sensor_decorator']) retrieved from /home/airflow/.local/lib/python3.7/site-packages/airflow/example_dags/example_sensor_decorator.py
[2023-05-25T14:46:19.581+0000] {logging_mixin.py:149} INFO - [2023-05-25T14:46:19.580+0000] {dag.py:2726} INFO - Sync 1 DAGs
[2023-05-25T14:46:19.762+0000] {logging_mixin.py:149} INFO - [2023-05-25T14:46:19.761+0000] {dag.py:3490} INFO - Setting next_dagrun for example_sensor_decorator to None, run_after=None
[2023-05-25T14:46:19.905+0000] {processor.py:179} INFO - Processing /home/airflow/.local/lib/python3.7/site-packages/airflow/example_dags/example_sensor_decorator.py took 0.972 seconds
[2023-05-25T14:46:49.989+0000] {processor.py:157} INFO - Started process (PID=116) to work on /home/airflow/.local/lib/python3.7/site-packages/airflow/example_dags/example_sensor_decorator.py
[2023-05-25T14:46:49.995+0000] {processor.py:826} INFO - Processing file /home/airflow/.local/lib/python3.7/site-packages/airflow/example_dags/example_sensor_decorator.py for tasks to queue
[2023-05-25T14:46:50.015+0000] {logging_mixin.py:149} INFO - [2023-05-25T14:46:50.014+0000] {dagbag.py:541} INFO - Filling up the DagBag from /home/airflow/.local/lib/python3.7/site-packages/airflow/example_dags/example_sensor_decorator.py
[2023-05-25T14:46:50.047+0000] {processor.py:836} INFO - DAG(s) dict_keys(['example_sensor_decorator']) retrieved from /home/airflow/.local/lib/python3.7/site-packages/airflow/example_dags/example_sensor_decorator.py
[2023-05-25T14:46:50.157+0000] {logging_mixin.py:149} INFO - [2023-05-25T14:46:50.156+0000] {dag.py:2726} INFO - Sync 1 DAGs
[2023-05-25T14:46:50.278+0000] {logging_mixin.py:149} INFO - [2023-05-25T14:46:50.273+0000] {dag.py:3490} INFO - Setting next_dagrun for example_sensor_decorator to None, run_after=None
[2023-05-25T14:46:50.572+0000] {processor.py:179} INFO - Processing /home/airflow/.local/lib/python3.7/site-packages/airflow/example_dags/example_sensor_decorator.py took 0.589 seconds
[2023-05-25T14:47:21.040+0000] {processor.py:157} INFO - Started process (PID=171) to work on /home/airflow/.local/lib/python3.7/site-packages/airflow/example_dags/example_sensor_decorator.py
[2023-05-25T14:47:21.050+0000] {processor.py:826} INFO - Processing file /home/airflow/.local/lib/python3.7/site-packages/airflow/example_dags/example_sensor_decorator.py for tasks to queue
[2023-05-25T14:47:21.061+0000] {logging_mixin.py:149} INFO - [2023-05-25T14:47:21.060+0000] {dagbag.py:541} INFO - Filling up the DagBag from /home/airflow/.local/lib/python3.7/site-packages/airflow/example_dags/example_sensor_decorator.py
[2023-05-25T14:47:21.076+0000] {processor.py:836} INFO - DAG(s) dict_keys(['example_sensor_decorator']) retrieved from /home/airflow/.local/lib/python3.7/site-packages/airflow/example_dags/example_sensor_decorator.py
[2023-05-25T14:47:21.143+0000] {logging_mixin.py:149} INFO - [2023-05-25T14:47:21.142+0000] {dag.py:2726} INFO - Sync 1 DAGs
[2023-05-25T14:47:21.502+0000] {logging_mixin.py:149} INFO - [2023-05-25T14:47:21.502+0000] {dag.py:3490} INFO - Setting next_dagrun for example_sensor_decorator to None, run_after=None
[2023-05-25T14:47:21.610+0000] {processor.py:179} INFO - Processing /home/airflow/.local/lib/python3.7/site-packages/airflow/example_dags/example_sensor_decorator.py took 0.580 seconds
[2023-05-25T14:47:54.517+0000] {processor.py:157} INFO - Started process (PID=226) to work on /home/airflow/.local/lib/python3.7/site-packages/airflow/example_dags/example_sensor_decorator.py
[2023-05-25T14:47:54.522+0000] {processor.py:826} INFO - Processing file /home/airflow/.local/lib/python3.7/site-packages/airflow/example_dags/example_sensor_decorator.py for tasks to queue
[2023-05-25T14:47:54.556+0000] {logging_mixin.py:149} INFO - [2023-05-25T14:47:54.555+0000] {dagbag.py:541} INFO - Filling up the DagBag from /home/airflow/.local/lib/python3.7/site-packages/airflow/example_dags/example_sensor_decorator.py
[2023-05-25T14:47:54.650+0000] {processor.py:836} INFO - DAG(s) dict_keys(['example_sensor_decorator']) retrieved from /home/airflow/.local/lib/python3.7/site-packages/airflow/example_dags/example_sensor_decorator.py
[2023-05-25T14:47:55.025+0000] {logging_mixin.py:149} INFO - [2023-05-25T14:47:55.024+0000] {dag.py:2726} INFO - Sync 1 DAGs
[2023-05-25T14:47:55.438+0000] {logging_mixin.py:149} INFO - [2023-05-25T14:47:55.438+0000] {dag.py:3490} INFO - Setting next_dagrun for example_sensor_decorator to None, run_after=None
[2023-05-25T14:47:55.714+0000] {processor.py:179} INFO - Processing /home/airflow/.local/lib/python3.7/site-packages/airflow/example_dags/example_sensor_decorator.py took 1.242 seconds
