[2023-05-25T14:38:41.430+0000] {processor.py:157} INFO - Started process (PID=59) to work on /home/airflow/.local/lib/python3.7/site-packages/airflow/example_dags/example_xcomargs.py
[2023-05-25T14:38:41.435+0000] {processor.py:826} INFO - Processing file /home/airflow/.local/lib/python3.7/site-packages/airflow/example_dags/example_xcomargs.py for tasks to queue
[2023-05-25T14:38:41.441+0000] {logging_mixin.py:149} INFO - [2023-05-25T14:38:41.441+0000] {dagbag.py:541} INFO - Filling up the DagBag from /home/airflow/.local/lib/python3.7/site-packages/airflow/example_dags/example_xcomargs.py
[2023-05-25T14:38:41.501+0000] {processor.py:836} INFO - DAG(s) dict_keys(['example_xcom_args', 'example_xcom_args_with_operators']) retrieved from /home/airflow/.local/lib/python3.7/site-packages/airflow/example_dags/example_xcomargs.py
[2023-05-25T14:38:41.696+0000] {logging_mixin.py:149} INFO - [2023-05-25T14:38:41.695+0000] {dag.py:2726} INFO - Sync 2 DAGs
[2023-05-25T14:38:42.147+0000] {logging_mixin.py:149} INFO - [2023-05-25T14:38:42.146+0000] {dag.py:3490} INFO - Setting next_dagrun for example_xcom_args to None, run_after=None
[2023-05-25T14:38:42.185+0000] {logging_mixin.py:149} INFO - [2023-05-25T14:38:42.184+0000] {dag.py:3490} INFO - Setting next_dagrun for example_xcom_args_with_operators to None, run_after=None
[2023-05-25T14:38:42.311+0000] {processor.py:179} INFO - Processing /home/airflow/.local/lib/python3.7/site-packages/airflow/example_dags/example_xcomargs.py took 0.911 seconds
[2023-05-25T14:39:14.254+0000] {processor.py:157} INFO - Started process (PID=114) to work on /home/airflow/.local/lib/python3.7/site-packages/airflow/example_dags/example_xcomargs.py
[2023-05-25T14:39:14.260+0000] {processor.py:826} INFO - Processing file /home/airflow/.local/lib/python3.7/site-packages/airflow/example_dags/example_xcomargs.py for tasks to queue
[2023-05-25T14:39:14.266+0000] {logging_mixin.py:149} INFO - [2023-05-25T14:39:14.265+0000] {dagbag.py:541} INFO - Filling up the DagBag from /home/airflow/.local/lib/python3.7/site-packages/airflow/example_dags/example_xcomargs.py
[2023-05-25T14:39:14.336+0000] {processor.py:836} INFO - DAG(s) dict_keys(['example_xcom_args_with_operators', 'example_xcom_args']) retrieved from /home/airflow/.local/lib/python3.7/site-packages/airflow/example_dags/example_xcomargs.py
[2023-05-25T14:39:14.569+0000] {logging_mixin.py:149} INFO - [2023-05-25T14:39:14.568+0000] {dag.py:2726} INFO - Sync 2 DAGs
[2023-05-25T14:39:14.629+0000] {logging_mixin.py:149} INFO - [2023-05-25T14:39:14.628+0000] {dag.py:3490} INFO - Setting next_dagrun for example_xcom_args to None, run_after=None
[2023-05-25T14:39:14.650+0000] {logging_mixin.py:149} INFO - [2023-05-25T14:39:14.650+0000] {dag.py:3490} INFO - Setting next_dagrun for example_xcom_args_with_operators to None, run_after=None
[2023-05-25T14:39:14.737+0000] {processor.py:179} INFO - Processing /home/airflow/.local/lib/python3.7/site-packages/airflow/example_dags/example_xcomargs.py took 0.499 seconds
[2023-05-25T14:39:46.139+0000] {processor.py:157} INFO - Started process (PID=170) to work on /home/airflow/.local/lib/python3.7/site-packages/airflow/example_dags/example_xcomargs.py
[2023-05-25T14:39:46.145+0000] {processor.py:826} INFO - Processing file /home/airflow/.local/lib/python3.7/site-packages/airflow/example_dags/example_xcomargs.py for tasks to queue
[2023-05-25T14:39:46.148+0000] {logging_mixin.py:149} INFO - [2023-05-25T14:39:46.148+0000] {dagbag.py:541} INFO - Filling up the DagBag from /home/airflow/.local/lib/python3.7/site-packages/airflow/example_dags/example_xcomargs.py
[2023-05-25T14:39:46.186+0000] {processor.py:836} INFO - DAG(s) dict_keys(['example_xcom_args', 'example_xcom_args_with_operators']) retrieved from /home/airflow/.local/lib/python3.7/site-packages/airflow/example_dags/example_xcomargs.py
[2023-05-25T14:39:46.680+0000] {logging_mixin.py:149} INFO - [2023-05-25T14:39:46.679+0000] {dag.py:2726} INFO - Sync 2 DAGs
[2023-05-25T14:39:46.778+0000] {logging_mixin.py:149} INFO - [2023-05-25T14:39:46.777+0000] {dag.py:3490} INFO - Setting next_dagrun for example_xcom_args to None, run_after=None
[2023-05-25T14:39:46.799+0000] {logging_mixin.py:149} INFO - [2023-05-25T14:39:46.799+0000] {dag.py:3490} INFO - Setting next_dagrun for example_xcom_args_with_operators to None, run_after=None
[2023-05-25T14:39:46.865+0000] {processor.py:179} INFO - Processing /home/airflow/.local/lib/python3.7/site-packages/airflow/example_dags/example_xcomargs.py took 0.805 seconds
[2023-05-25T14:41:20.570+0000] {processor.py:157} INFO - Started process (PID=57) to work on /home/airflow/.local/lib/python3.7/site-packages/airflow/example_dags/example_xcomargs.py
[2023-05-25T14:41:20.594+0000] {processor.py:826} INFO - Processing file /home/airflow/.local/lib/python3.7/site-packages/airflow/example_dags/example_xcomargs.py for tasks to queue
[2023-05-25T14:41:20.691+0000] {logging_mixin.py:149} INFO - [2023-05-25T14:41:20.611+0000] {dagbag.py:541} INFO - Filling up the DagBag from /home/airflow/.local/lib/python3.7/site-packages/airflow/example_dags/example_xcomargs.py
[2023-05-25T14:41:21.017+0000] {processor.py:836} INFO - DAG(s) dict_keys(['example_xcom_args_with_operators', 'example_xcom_args']) retrieved from /home/airflow/.local/lib/python3.7/site-packages/airflow/example_dags/example_xcomargs.py
[2023-05-25T14:41:21.433+0000] {logging_mixin.py:149} INFO - [2023-05-25T14:41:21.433+0000] {dag.py:2726} INFO - Sync 2 DAGs
[2023-05-25T14:41:21.501+0000] {logging_mixin.py:149} INFO - [2023-05-25T14:41:21.501+0000] {dag.py:3490} INFO - Setting next_dagrun for example_xcom_args to None, run_after=None
[2023-05-25T14:41:21.518+0000] {logging_mixin.py:149} INFO - [2023-05-25T14:41:21.518+0000] {dag.py:3490} INFO - Setting next_dagrun for example_xcom_args_with_operators to None, run_after=None
[2023-05-25T14:41:21.592+0000] {processor.py:179} INFO - Processing /home/airflow/.local/lib/python3.7/site-packages/airflow/example_dags/example_xcomargs.py took 1.033 seconds
[2023-05-25T14:41:51.861+0000] {processor.py:157} INFO - Started process (PID=113) to work on /home/airflow/.local/lib/python3.7/site-packages/airflow/example_dags/example_xcomargs.py
[2023-05-25T14:41:51.868+0000] {processor.py:826} INFO - Processing file /home/airflow/.local/lib/python3.7/site-packages/airflow/example_dags/example_xcomargs.py for tasks to queue
[2023-05-25T14:41:51.873+0000] {logging_mixin.py:149} INFO - [2023-05-25T14:41:51.873+0000] {dagbag.py:541} INFO - Filling up the DagBag from /home/airflow/.local/lib/python3.7/site-packages/airflow/example_dags/example_xcomargs.py
[2023-05-25T14:41:51.896+0000] {processor.py:836} INFO - DAG(s) dict_keys(['example_xcom_args_with_operators', 'example_xcom_args']) retrieved from /home/airflow/.local/lib/python3.7/site-packages/airflow/example_dags/example_xcomargs.py
[2023-05-25T14:41:51.939+0000] {logging_mixin.py:149} INFO - [2023-05-25T14:41:51.939+0000] {dag.py:2726} INFO - Sync 2 DAGs
[2023-05-25T14:41:51.992+0000] {logging_mixin.py:149} INFO - [2023-05-25T14:41:51.992+0000] {dag.py:3490} INFO - Setting next_dagrun for example_xcom_args to None, run_after=None
[2023-05-25T14:41:52.003+0000] {logging_mixin.py:149} INFO - [2023-05-25T14:41:52.003+0000] {dag.py:3490} INFO - Setting next_dagrun for example_xcom_args_with_operators to None, run_after=None
[2023-05-25T14:41:52.055+0000] {processor.py:179} INFO - Processing /home/airflow/.local/lib/python3.7/site-packages/airflow/example_dags/example_xcomargs.py took 0.209 seconds
[2023-05-25T14:42:22.132+0000] {processor.py:157} INFO - Started process (PID=168) to work on /home/airflow/.local/lib/python3.7/site-packages/airflow/example_dags/example_xcomargs.py
[2023-05-25T14:42:22.136+0000] {processor.py:826} INFO - Processing file /home/airflow/.local/lib/python3.7/site-packages/airflow/example_dags/example_xcomargs.py for tasks to queue
[2023-05-25T14:42:22.138+0000] {logging_mixin.py:149} INFO - [2023-05-25T14:42:22.138+0000] {dagbag.py:541} INFO - Filling up the DagBag from /home/airflow/.local/lib/python3.7/site-packages/airflow/example_dags/example_xcomargs.py
[2023-05-25T14:42:22.159+0000] {processor.py:836} INFO - DAG(s) dict_keys(['example_xcom_args', 'example_xcom_args_with_operators']) retrieved from /home/airflow/.local/lib/python3.7/site-packages/airflow/example_dags/example_xcomargs.py
[2023-05-25T14:42:22.218+0000] {logging_mixin.py:149} INFO - [2023-05-25T14:42:22.217+0000] {dag.py:2726} INFO - Sync 2 DAGs
[2023-05-25T14:42:22.574+0000] {logging_mixin.py:149} INFO - [2023-05-25T14:42:22.574+0000] {dag.py:3490} INFO - Setting next_dagrun for example_xcom_args to None, run_after=None
[2023-05-25T14:42:22.587+0000] {logging_mixin.py:149} INFO - [2023-05-25T14:42:22.586+0000] {dag.py:3490} INFO - Setting next_dagrun for example_xcom_args_with_operators to None, run_after=None
[2023-05-25T14:42:22.672+0000] {processor.py:179} INFO - Processing /home/airflow/.local/lib/python3.7/site-packages/airflow/example_dags/example_xcomargs.py took 0.546 seconds
[2023-05-25T14:42:52.996+0000] {processor.py:157} INFO - Started process (PID=224) to work on /home/airflow/.local/lib/python3.7/site-packages/airflow/example_dags/example_xcomargs.py
[2023-05-25T14:42:52.999+0000] {processor.py:826} INFO - Processing file /home/airflow/.local/lib/python3.7/site-packages/airflow/example_dags/example_xcomargs.py for tasks to queue
[2023-05-25T14:42:53.001+0000] {logging_mixin.py:149} INFO - [2023-05-25T14:42:53.001+0000] {dagbag.py:541} INFO - Filling up the DagBag from /home/airflow/.local/lib/python3.7/site-packages/airflow/example_dags/example_xcomargs.py
[2023-05-25T14:42:53.022+0000] {processor.py:836} INFO - DAG(s) dict_keys(['example_xcom_args', 'example_xcom_args_with_operators']) retrieved from /home/airflow/.local/lib/python3.7/site-packages/airflow/example_dags/example_xcomargs.py
[2023-05-25T14:42:53.084+0000] {logging_mixin.py:149} INFO - [2023-05-25T14:42:53.083+0000] {dag.py:2726} INFO - Sync 2 DAGs
[2023-05-25T14:42:53.131+0000] {logging_mixin.py:149} INFO - [2023-05-25T14:42:53.131+0000] {dag.py:3490} INFO - Setting next_dagrun for example_xcom_args to None, run_after=None
[2023-05-25T14:42:53.144+0000] {logging_mixin.py:149} INFO - [2023-05-25T14:42:53.144+0000] {dag.py:3490} INFO - Setting next_dagrun for example_xcom_args_with_operators to None, run_after=None
[2023-05-25T14:42:53.181+0000] {processor.py:179} INFO - Processing /home/airflow/.local/lib/python3.7/site-packages/airflow/example_dags/example_xcomargs.py took 0.192 seconds
[2023-05-25T14:46:15.217+0000] {processor.py:157} INFO - Started process (PID=56) to work on /home/airflow/.local/lib/python3.7/site-packages/airflow/example_dags/example_xcomargs.py
[2023-05-25T14:46:15.239+0000] {processor.py:826} INFO - Processing file /home/airflow/.local/lib/python3.7/site-packages/airflow/example_dags/example_xcomargs.py for tasks to queue
[2023-05-25T14:46:15.242+0000] {logging_mixin.py:149} INFO - [2023-05-25T14:46:15.241+0000] {dagbag.py:541} INFO - Filling up the DagBag from /home/airflow/.local/lib/python3.7/site-packages/airflow/example_dags/example_xcomargs.py
[2023-05-25T14:46:15.322+0000] {processor.py:836} INFO - DAG(s) dict_keys(['example_xcom_args', 'example_xcom_args_with_operators']) retrieved from /home/airflow/.local/lib/python3.7/site-packages/airflow/example_dags/example_xcomargs.py
[2023-05-25T14:46:15.692+0000] {logging_mixin.py:149} INFO - [2023-05-25T14:46:15.690+0000] {dag.py:2726} INFO - Sync 2 DAGs
[2023-05-25T14:46:15.942+0000] {logging_mixin.py:149} INFO - [2023-05-25T14:46:15.942+0000] {dag.py:3490} INFO - Setting next_dagrun for example_xcom_args to None, run_after=None
[2023-05-25T14:46:15.963+0000] {logging_mixin.py:149} INFO - [2023-05-25T14:46:15.963+0000] {dag.py:3490} INFO - Setting next_dagrun for example_xcom_args_with_operators to None, run_after=None
[2023-05-25T14:46:16.140+0000] {processor.py:179} INFO - Processing /home/airflow/.local/lib/python3.7/site-packages/airflow/example_dags/example_xcomargs.py took 0.942 seconds
[2023-05-25T14:46:47.113+0000] {processor.py:157} INFO - Started process (PID=112) to work on /home/airflow/.local/lib/python3.7/site-packages/airflow/example_dags/example_xcomargs.py
[2023-05-25T14:46:47.117+0000] {processor.py:826} INFO - Processing file /home/airflow/.local/lib/python3.7/site-packages/airflow/example_dags/example_xcomargs.py for tasks to queue
[2023-05-25T14:46:47.129+0000] {logging_mixin.py:149} INFO - [2023-05-25T14:46:47.129+0000] {dagbag.py:541} INFO - Filling up the DagBag from /home/airflow/.local/lib/python3.7/site-packages/airflow/example_dags/example_xcomargs.py
[2023-05-25T14:46:47.153+0000] {processor.py:836} INFO - DAG(s) dict_keys(['example_xcom_args_with_operators', 'example_xcom_args']) retrieved from /home/airflow/.local/lib/python3.7/site-packages/airflow/example_dags/example_xcomargs.py
[2023-05-25T14:46:47.233+0000] {logging_mixin.py:149} INFO - [2023-05-25T14:46:47.233+0000] {dag.py:2726} INFO - Sync 2 DAGs
[2023-05-25T14:46:47.343+0000] {logging_mixin.py:149} INFO - [2023-05-25T14:46:47.342+0000] {dag.py:3490} INFO - Setting next_dagrun for example_xcom_args to None, run_after=None
[2023-05-25T14:46:47.368+0000] {logging_mixin.py:149} INFO - [2023-05-25T14:46:47.367+0000] {dag.py:3490} INFO - Setting next_dagrun for example_xcom_args_with_operators to None, run_after=None
[2023-05-25T14:46:47.414+0000] {processor.py:179} INFO - Processing /home/airflow/.local/lib/python3.7/site-packages/airflow/example_dags/example_xcomargs.py took 0.325 seconds
[2023-05-25T14:47:19.355+0000] {processor.py:157} INFO - Started process (PID=167) to work on /home/airflow/.local/lib/python3.7/site-packages/airflow/example_dags/example_xcomargs.py
[2023-05-25T14:47:19.361+0000] {processor.py:826} INFO - Processing file /home/airflow/.local/lib/python3.7/site-packages/airflow/example_dags/example_xcomargs.py for tasks to queue
[2023-05-25T14:47:19.366+0000] {logging_mixin.py:149} INFO - [2023-05-25T14:47:19.365+0000] {dagbag.py:541} INFO - Filling up the DagBag from /home/airflow/.local/lib/python3.7/site-packages/airflow/example_dags/example_xcomargs.py
[2023-05-25T14:47:19.428+0000] {processor.py:836} INFO - DAG(s) dict_keys(['example_xcom_args_with_operators', 'example_xcom_args']) retrieved from /home/airflow/.local/lib/python3.7/site-packages/airflow/example_dags/example_xcomargs.py
[2023-05-25T14:47:19.497+0000] {logging_mixin.py:149} INFO - [2023-05-25T14:47:19.496+0000] {dag.py:2726} INFO - Sync 2 DAGs
[2023-05-25T14:47:19.709+0000] {logging_mixin.py:149} INFO - [2023-05-25T14:47:19.708+0000] {dag.py:3490} INFO - Setting next_dagrun for example_xcom_args to None, run_after=None
[2023-05-25T14:47:19.717+0000] {logging_mixin.py:149} INFO - [2023-05-25T14:47:19.717+0000] {dag.py:3490} INFO - Setting next_dagrun for example_xcom_args_with_operators to None, run_after=None
[2023-05-25T14:47:19.770+0000] {processor.py:179} INFO - Processing /home/airflow/.local/lib/python3.7/site-packages/airflow/example_dags/example_xcomargs.py took 0.538 seconds
[2023-05-25T14:47:51.817+0000] {processor.py:157} INFO - Started process (PID=222) to work on /home/airflow/.local/lib/python3.7/site-packages/airflow/example_dags/example_xcomargs.py
[2023-05-25T14:47:51.825+0000] {processor.py:826} INFO - Processing file /home/airflow/.local/lib/python3.7/site-packages/airflow/example_dags/example_xcomargs.py for tasks to queue
[2023-05-25T14:47:51.910+0000] {logging_mixin.py:149} INFO - [2023-05-25T14:47:51.910+0000] {dagbag.py:541} INFO - Filling up the DagBag from /home/airflow/.local/lib/python3.7/site-packages/airflow/example_dags/example_xcomargs.py
[2023-05-25T14:47:52.016+0000] {processor.py:836} INFO - DAG(s) dict_keys(['example_xcom_args_with_operators', 'example_xcom_args']) retrieved from /home/airflow/.local/lib/python3.7/site-packages/airflow/example_dags/example_xcomargs.py
[2023-05-25T14:47:52.494+0000] {logging_mixin.py:149} INFO - [2023-05-25T14:47:52.494+0000] {dag.py:2726} INFO - Sync 2 DAGs
[2023-05-25T14:47:52.854+0000] {logging_mixin.py:149} INFO - [2023-05-25T14:47:52.853+0000] {dag.py:3490} INFO - Setting next_dagrun for example_xcom_args to None, run_after=None
[2023-05-25T14:47:52.890+0000] {logging_mixin.py:149} INFO - [2023-05-25T14:47:52.889+0000] {dag.py:3490} INFO - Setting next_dagrun for example_xcom_args_with_operators to None, run_after=None
[2023-05-25T14:47:53.154+0000] {processor.py:179} INFO - Processing /home/airflow/.local/lib/python3.7/site-packages/airflow/example_dags/example_xcomargs.py took 1.376 seconds
