[2023-05-25T14:38:42.109+0000] {processor.py:157} INFO - Started process (PID=60) to work on /home/airflow/.local/lib/python3.7/site-packages/airflow/example_dags/example_dynamic_task_mapping.py
[2023-05-25T14:38:42.114+0000] {processor.py:826} INFO - Processing file /home/airflow/.local/lib/python3.7/site-packages/airflow/example_dags/example_dynamic_task_mapping.py for tasks to queue
[2023-05-25T14:38:42.129+0000] {logging_mixin.py:149} INFO - [2023-05-25T14:38:42.129+0000] {dagbag.py:541} INFO - Filling up the DagBag from /home/airflow/.local/lib/python3.7/site-packages/airflow/example_dags/example_dynamic_task_mapping.py
[2023-05-25T14:38:42.195+0000] {processor.py:836} INFO - DAG(s) dict_keys(['example_dynamic_task_mapping']) retrieved from /home/airflow/.local/lib/python3.7/site-packages/airflow/example_dags/example_dynamic_task_mapping.py
[2023-05-25T14:38:42.412+0000] {logging_mixin.py:149} INFO - [2023-05-25T14:38:42.411+0000] {dag.py:2726} INFO - Sync 1 DAGs
[2023-05-25T14:38:42.973+0000] {logging_mixin.py:149} INFO - [2023-05-25T14:38:42.973+0000] {dag.py:3490} INFO - Setting next_dagrun for example_dynamic_task_mapping to 2022-03-04T00:00:00+00:00, run_after=2022-03-05T00:00:00+00:00
[2023-05-25T14:38:43.129+0000] {processor.py:179} INFO - Processing /home/airflow/.local/lib/python3.7/site-packages/airflow/example_dags/example_dynamic_task_mapping.py took 1.060 seconds
[2023-05-25T14:39:14.744+0000] {processor.py:157} INFO - Started process (PID=115) to work on /home/airflow/.local/lib/python3.7/site-packages/airflow/example_dags/example_dynamic_task_mapping.py
[2023-05-25T14:39:14.749+0000] {processor.py:826} INFO - Processing file /home/airflow/.local/lib/python3.7/site-packages/airflow/example_dags/example_dynamic_task_mapping.py for tasks to queue
[2023-05-25T14:39:14.752+0000] {logging_mixin.py:149} INFO - [2023-05-25T14:39:14.752+0000] {dagbag.py:541} INFO - Filling up the DagBag from /home/airflow/.local/lib/python3.7/site-packages/airflow/example_dags/example_dynamic_task_mapping.py
[2023-05-25T14:39:14.792+0000] {processor.py:836} INFO - DAG(s) dict_keys(['example_dynamic_task_mapping']) retrieved from /home/airflow/.local/lib/python3.7/site-packages/airflow/example_dags/example_dynamic_task_mapping.py
[2023-05-25T14:39:14.894+0000] {logging_mixin.py:149} INFO - [2023-05-25T14:39:14.888+0000] {dag.py:2726} INFO - Sync 1 DAGs
[2023-05-25T14:39:15.085+0000] {logging_mixin.py:149} INFO - [2023-05-25T14:39:15.085+0000] {dag.py:3490} INFO - Setting next_dagrun for example_dynamic_task_mapping to 2022-03-04T00:00:00+00:00, run_after=2022-03-05T00:00:00+00:00
[2023-05-25T14:39:15.135+0000] {processor.py:179} INFO - Processing /home/airflow/.local/lib/python3.7/site-packages/airflow/example_dags/example_dynamic_task_mapping.py took 0.414 seconds
[2023-05-25T14:39:46.356+0000] {processor.py:157} INFO - Started process (PID=171) to work on /home/airflow/.local/lib/python3.7/site-packages/airflow/example_dags/example_dynamic_task_mapping.py
[2023-05-25T14:39:46.378+0000] {processor.py:826} INFO - Processing file /home/airflow/.local/lib/python3.7/site-packages/airflow/example_dags/example_dynamic_task_mapping.py for tasks to queue
[2023-05-25T14:39:46.382+0000] {logging_mixin.py:149} INFO - [2023-05-25T14:39:46.382+0000] {dagbag.py:541} INFO - Filling up the DagBag from /home/airflow/.local/lib/python3.7/site-packages/airflow/example_dags/example_dynamic_task_mapping.py
[2023-05-25T14:39:46.544+0000] {processor.py:836} INFO - DAG(s) dict_keys(['example_dynamic_task_mapping']) retrieved from /home/airflow/.local/lib/python3.7/site-packages/airflow/example_dags/example_dynamic_task_mapping.py
[2023-05-25T14:39:46.651+0000] {logging_mixin.py:149} INFO - [2023-05-25T14:39:46.650+0000] {dag.py:2726} INFO - Sync 1 DAGs
[2023-05-25T14:39:46.763+0000] {logging_mixin.py:149} INFO - [2023-05-25T14:39:46.763+0000] {dag.py:3490} INFO - Setting next_dagrun for example_dynamic_task_mapping to 2022-03-04T00:00:00+00:00, run_after=2022-03-05T00:00:00+00:00
[2023-05-25T14:39:46.855+0000] {processor.py:179} INFO - Processing /home/airflow/.local/lib/python3.7/site-packages/airflow/example_dags/example_dynamic_task_mapping.py took 0.504 seconds
[2023-05-25T14:41:21.218+0000] {processor.py:157} INFO - Started process (PID=58) to work on /home/airflow/.local/lib/python3.7/site-packages/airflow/example_dags/example_dynamic_task_mapping.py
[2023-05-25T14:41:21.239+0000] {processor.py:826} INFO - Processing file /home/airflow/.local/lib/python3.7/site-packages/airflow/example_dags/example_dynamic_task_mapping.py for tasks to queue
[2023-05-25T14:41:21.255+0000] {logging_mixin.py:149} INFO - [2023-05-25T14:41:21.255+0000] {dagbag.py:541} INFO - Filling up the DagBag from /home/airflow/.local/lib/python3.7/site-packages/airflow/example_dags/example_dynamic_task_mapping.py
[2023-05-25T14:41:21.301+0000] {processor.py:836} INFO - DAG(s) dict_keys(['example_dynamic_task_mapping']) retrieved from /home/airflow/.local/lib/python3.7/site-packages/airflow/example_dags/example_dynamic_task_mapping.py
[2023-05-25T14:41:21.505+0000] {logging_mixin.py:149} INFO - [2023-05-25T14:41:21.502+0000] {dag.py:2726} INFO - Sync 1 DAGs
[2023-05-25T14:41:21.616+0000] {logging_mixin.py:149} INFO - [2023-05-25T14:41:21.615+0000] {dag.py:3490} INFO - Setting next_dagrun for example_dynamic_task_mapping to 2022-03-04T00:00:00+00:00, run_after=2022-03-05T00:00:00+00:00
[2023-05-25T14:41:21.735+0000] {processor.py:179} INFO - Processing /home/airflow/.local/lib/python3.7/site-packages/airflow/example_dags/example_dynamic_task_mapping.py took 0.605 seconds
[2023-05-25T14:41:52.111+0000] {processor.py:157} INFO - Started process (PID=114) to work on /home/airflow/.local/lib/python3.7/site-packages/airflow/example_dags/example_dynamic_task_mapping.py
[2023-05-25T14:41:52.116+0000] {processor.py:826} INFO - Processing file /home/airflow/.local/lib/python3.7/site-packages/airflow/example_dags/example_dynamic_task_mapping.py for tasks to queue
[2023-05-25T14:41:52.118+0000] {logging_mixin.py:149} INFO - [2023-05-25T14:41:52.118+0000] {dagbag.py:541} INFO - Filling up the DagBag from /home/airflow/.local/lib/python3.7/site-packages/airflow/example_dags/example_dynamic_task_mapping.py
[2023-05-25T14:41:52.137+0000] {processor.py:836} INFO - DAG(s) dict_keys(['example_dynamic_task_mapping']) retrieved from /home/airflow/.local/lib/python3.7/site-packages/airflow/example_dags/example_dynamic_task_mapping.py
[2023-05-25T14:41:52.167+0000] {logging_mixin.py:149} INFO - [2023-05-25T14:41:52.167+0000] {dag.py:2726} INFO - Sync 1 DAGs
[2023-05-25T14:41:52.210+0000] {logging_mixin.py:149} INFO - [2023-05-25T14:41:52.210+0000] {dag.py:3490} INFO - Setting next_dagrun for example_dynamic_task_mapping to 2022-03-04T00:00:00+00:00, run_after=2022-03-05T00:00:00+00:00
[2023-05-25T14:41:52.266+0000] {processor.py:179} INFO - Processing /home/airflow/.local/lib/python3.7/site-packages/airflow/example_dags/example_dynamic_task_mapping.py took 0.162 seconds
[2023-05-25T14:42:22.739+0000] {processor.py:157} INFO - Started process (PID=170) to work on /home/airflow/.local/lib/python3.7/site-packages/airflow/example_dags/example_dynamic_task_mapping.py
[2023-05-25T14:42:22.744+0000] {processor.py:826} INFO - Processing file /home/airflow/.local/lib/python3.7/site-packages/airflow/example_dags/example_dynamic_task_mapping.py for tasks to queue
[2023-05-25T14:42:22.750+0000] {logging_mixin.py:149} INFO - [2023-05-25T14:42:22.750+0000] {dagbag.py:541} INFO - Filling up the DagBag from /home/airflow/.local/lib/python3.7/site-packages/airflow/example_dags/example_dynamic_task_mapping.py
[2023-05-25T14:42:22.772+0000] {processor.py:836} INFO - DAG(s) dict_keys(['example_dynamic_task_mapping']) retrieved from /home/airflow/.local/lib/python3.7/site-packages/airflow/example_dags/example_dynamic_task_mapping.py
[2023-05-25T14:42:22.826+0000] {logging_mixin.py:149} INFO - [2023-05-25T14:42:22.826+0000] {dag.py:2726} INFO - Sync 1 DAGs
[2023-05-25T14:42:23.053+0000] {logging_mixin.py:149} INFO - [2023-05-25T14:42:23.053+0000] {dag.py:3490} INFO - Setting next_dagrun for example_dynamic_task_mapping to 2022-03-04T00:00:00+00:00, run_after=2022-03-05T00:00:00+00:00
[2023-05-25T14:42:23.094+0000] {processor.py:179} INFO - Processing /home/airflow/.local/lib/python3.7/site-packages/airflow/example_dags/example_dynamic_task_mapping.py took 0.364 seconds
[2023-05-25T14:42:53.228+0000] {processor.py:157} INFO - Started process (PID=225) to work on /home/airflow/.local/lib/python3.7/site-packages/airflow/example_dags/example_dynamic_task_mapping.py
[2023-05-25T14:42:53.239+0000] {processor.py:826} INFO - Processing file /home/airflow/.local/lib/python3.7/site-packages/airflow/example_dags/example_dynamic_task_mapping.py for tasks to queue
[2023-05-25T14:42:53.241+0000] {logging_mixin.py:149} INFO - [2023-05-25T14:42:53.241+0000] {dagbag.py:541} INFO - Filling up the DagBag from /home/airflow/.local/lib/python3.7/site-packages/airflow/example_dags/example_dynamic_task_mapping.py
[2023-05-25T14:42:53.262+0000] {processor.py:836} INFO - DAG(s) dict_keys(['example_dynamic_task_mapping']) retrieved from /home/airflow/.local/lib/python3.7/site-packages/airflow/example_dags/example_dynamic_task_mapping.py
[2023-05-25T14:42:53.322+0000] {logging_mixin.py:149} INFO - [2023-05-25T14:42:53.322+0000] {dag.py:2726} INFO - Sync 1 DAGs
[2023-05-25T14:42:53.365+0000] {logging_mixin.py:149} INFO - [2023-05-25T14:42:53.364+0000] {dag.py:3490} INFO - Setting next_dagrun for example_dynamic_task_mapping to 2022-03-04T00:00:00+00:00, run_after=2022-03-05T00:00:00+00:00
[2023-05-25T14:42:53.405+0000] {processor.py:179} INFO - Processing /home/airflow/.local/lib/python3.7/site-packages/airflow/example_dags/example_dynamic_task_mapping.py took 0.185 seconds
[2023-05-25T14:46:15.758+0000] {processor.py:157} INFO - Started process (PID=57) to work on /home/airflow/.local/lib/python3.7/site-packages/airflow/example_dags/example_dynamic_task_mapping.py
[2023-05-25T14:46:15.789+0000] {processor.py:826} INFO - Processing file /home/airflow/.local/lib/python3.7/site-packages/airflow/example_dags/example_dynamic_task_mapping.py for tasks to queue
[2023-05-25T14:46:15.798+0000] {logging_mixin.py:149} INFO - [2023-05-25T14:46:15.797+0000] {dagbag.py:541} INFO - Filling up the DagBag from /home/airflow/.local/lib/python3.7/site-packages/airflow/example_dags/example_dynamic_task_mapping.py
[2023-05-25T14:46:15.913+0000] {processor.py:836} INFO - DAG(s) dict_keys(['example_dynamic_task_mapping']) retrieved from /home/airflow/.local/lib/python3.7/site-packages/airflow/example_dags/example_dynamic_task_mapping.py
[2023-05-25T14:46:16.114+0000] {logging_mixin.py:149} INFO - [2023-05-25T14:46:16.113+0000] {dag.py:2726} INFO - Sync 1 DAGs
[2023-05-25T14:46:16.475+0000] {logging_mixin.py:149} INFO - [2023-05-25T14:46:16.474+0000] {dag.py:3490} INFO - Setting next_dagrun for example_dynamic_task_mapping to 2022-03-04T00:00:00+00:00, run_after=2022-03-05T00:00:00+00:00
[2023-05-25T14:46:16.920+0000] {processor.py:179} INFO - Processing /home/airflow/.local/lib/python3.7/site-packages/airflow/example_dags/example_dynamic_task_mapping.py took 1.186 seconds
[2023-05-25T14:46:47.114+0000] {processor.py:157} INFO - Started process (PID=113) to work on /home/airflow/.local/lib/python3.7/site-packages/airflow/example_dags/example_dynamic_task_mapping.py
[2023-05-25T14:46:47.119+0000] {processor.py:826} INFO - Processing file /home/airflow/.local/lib/python3.7/site-packages/airflow/example_dags/example_dynamic_task_mapping.py for tasks to queue
[2023-05-25T14:46:47.122+0000] {logging_mixin.py:149} INFO - [2023-05-25T14:46:47.121+0000] {dagbag.py:541} INFO - Filling up the DagBag from /home/airflow/.local/lib/python3.7/site-packages/airflow/example_dags/example_dynamic_task_mapping.py
[2023-05-25T14:46:47.140+0000] {processor.py:836} INFO - DAG(s) dict_keys(['example_dynamic_task_mapping']) retrieved from /home/airflow/.local/lib/python3.7/site-packages/airflow/example_dags/example_dynamic_task_mapping.py
[2023-05-25T14:46:47.189+0000] {logging_mixin.py:149} INFO - [2023-05-25T14:46:47.188+0000] {dag.py:2726} INFO - Sync 1 DAGs
[2023-05-25T14:46:47.287+0000] {logging_mixin.py:149} INFO - [2023-05-25T14:46:47.287+0000] {dag.py:3490} INFO - Setting next_dagrun for example_dynamic_task_mapping to 2022-03-04T00:00:00+00:00, run_after=2022-03-05T00:00:00+00:00
[2023-05-25T14:46:47.347+0000] {processor.py:179} INFO - Processing /home/airflow/.local/lib/python3.7/site-packages/airflow/example_dags/example_dynamic_task_mapping.py took 0.238 seconds
[2023-05-25T14:47:19.888+0000] {processor.py:157} INFO - Started process (PID=168) to work on /home/airflow/.local/lib/python3.7/site-packages/airflow/example_dags/example_dynamic_task_mapping.py
[2023-05-25T14:47:19.892+0000] {processor.py:826} INFO - Processing file /home/airflow/.local/lib/python3.7/site-packages/airflow/example_dags/example_dynamic_task_mapping.py for tasks to queue
[2023-05-25T14:47:19.895+0000] {logging_mixin.py:149} INFO - [2023-05-25T14:47:19.895+0000] {dagbag.py:541} INFO - Filling up the DagBag from /home/airflow/.local/lib/python3.7/site-packages/airflow/example_dags/example_dynamic_task_mapping.py
[2023-05-25T14:47:19.911+0000] {processor.py:836} INFO - DAG(s) dict_keys(['example_dynamic_task_mapping']) retrieved from /home/airflow/.local/lib/python3.7/site-packages/airflow/example_dags/example_dynamic_task_mapping.py
[2023-05-25T14:47:19.993+0000] {logging_mixin.py:149} INFO - [2023-05-25T14:47:19.993+0000] {dag.py:2726} INFO - Sync 1 DAGs
[2023-05-25T14:47:20.357+0000] {logging_mixin.py:149} INFO - [2023-05-25T14:47:20.356+0000] {dag.py:3490} INFO - Setting next_dagrun for example_dynamic_task_mapping to 2022-03-04T00:00:00+00:00, run_after=2022-03-05T00:00:00+00:00
[2023-05-25T14:47:20.434+0000] {processor.py:179} INFO - Processing /home/airflow/.local/lib/python3.7/site-packages/airflow/example_dags/example_dynamic_task_mapping.py took 0.552 seconds
[2023-05-25T14:47:52.115+0000] {processor.py:157} INFO - Started process (PID=223) to work on /home/airflow/.local/lib/python3.7/site-packages/airflow/example_dags/example_dynamic_task_mapping.py
[2023-05-25T14:47:52.148+0000] {processor.py:826} INFO - Processing file /home/airflow/.local/lib/python3.7/site-packages/airflow/example_dags/example_dynamic_task_mapping.py for tasks to queue
[2023-05-25T14:47:52.183+0000] {logging_mixin.py:149} INFO - [2023-05-25T14:47:52.183+0000] {dagbag.py:541} INFO - Filling up the DagBag from /home/airflow/.local/lib/python3.7/site-packages/airflow/example_dags/example_dynamic_task_mapping.py
[2023-05-25T14:47:52.322+0000] {processor.py:836} INFO - DAG(s) dict_keys(['example_dynamic_task_mapping']) retrieved from /home/airflow/.local/lib/python3.7/site-packages/airflow/example_dags/example_dynamic_task_mapping.py
[2023-05-25T14:47:52.615+0000] {logging_mixin.py:149} INFO - [2023-05-25T14:47:52.614+0000] {dag.py:2726} INFO - Sync 1 DAGs
[2023-05-25T14:47:52.893+0000] {logging_mixin.py:149} INFO - [2023-05-25T14:47:52.893+0000] {dag.py:3490} INFO - Setting next_dagrun for example_dynamic_task_mapping to 2022-03-04T00:00:00+00:00, run_after=2022-03-05T00:00:00+00:00
[2023-05-25T14:47:53.126+0000] {processor.py:179} INFO - Processing /home/airflow/.local/lib/python3.7/site-packages/airflow/example_dags/example_dynamic_task_mapping.py took 1.056 seconds
