[2023-05-25T14:38:49.501+0000] {processor.py:157} INFO - Started process (PID=77) to work on /home/airflow/.local/lib/python3.7/site-packages/airflow/example_dags/example_branch_python_dop_operator_3.py
[2023-05-25T14:38:49.504+0000] {processor.py:826} INFO - Processing file /home/airflow/.local/lib/python3.7/site-packages/airflow/example_dags/example_branch_python_dop_operator_3.py for tasks to queue
[2023-05-25T14:38:49.519+0000] {logging_mixin.py:149} INFO - [2023-05-25T14:38:49.518+0000] {dagbag.py:541} INFO - Filling up the DagBag from /home/airflow/.local/lib/python3.7/site-packages/airflow/example_dags/example_branch_python_dop_operator_3.py
[2023-05-25T14:38:49.545+0000] {processor.py:836} INFO - DAG(s) dict_keys(['example_branch_dop_operator_v3']) retrieved from /home/airflow/.local/lib/python3.7/site-packages/airflow/example_dags/example_branch_python_dop_operator_3.py
[2023-05-25T14:38:49.635+0000] {logging_mixin.py:149} INFO - [2023-05-25T14:38:49.635+0000] {dag.py:2726} INFO - Sync 1 DAGs
[2023-05-25T14:38:49.710+0000] {logging_mixin.py:149} INFO - [2023-05-25T14:38:49.710+0000] {dag.py:3490} INFO - Setting next_dagrun for example_branch_dop_operator_v3 to 2023-05-25T14:37:00+00:00, run_after=2023-05-25T14:38:00+00:00
[2023-05-25T14:38:49.768+0000] {processor.py:179} INFO - Processing /home/airflow/.local/lib/python3.7/site-packages/airflow/example_dags/example_branch_python_dop_operator_3.py took 0.274 seconds
[2023-05-25T14:39:20.921+0000] {processor.py:157} INFO - Started process (PID=132) to work on /home/airflow/.local/lib/python3.7/site-packages/airflow/example_dags/example_branch_python_dop_operator_3.py
[2023-05-25T14:39:20.924+0000] {processor.py:826} INFO - Processing file /home/airflow/.local/lib/python3.7/site-packages/airflow/example_dags/example_branch_python_dop_operator_3.py for tasks to queue
[2023-05-25T14:39:20.927+0000] {logging_mixin.py:149} INFO - [2023-05-25T14:39:20.927+0000] {dagbag.py:541} INFO - Filling up the DagBag from /home/airflow/.local/lib/python3.7/site-packages/airflow/example_dags/example_branch_python_dop_operator_3.py
[2023-05-25T14:39:20.950+0000] {processor.py:836} INFO - DAG(s) dict_keys(['example_branch_dop_operator_v3']) retrieved from /home/airflow/.local/lib/python3.7/site-packages/airflow/example_dags/example_branch_python_dop_operator_3.py
[2023-05-25T14:39:21.003+0000] {logging_mixin.py:149} INFO - [2023-05-25T14:39:21.003+0000] {dag.py:2726} INFO - Sync 1 DAGs
[2023-05-25T14:39:21.075+0000] {logging_mixin.py:149} INFO - [2023-05-25T14:39:21.075+0000] {dag.py:3490} INFO - Setting next_dagrun for example_branch_dop_operator_v3 to 2023-05-25T14:38:00+00:00, run_after=2023-05-25T14:39:00+00:00
[2023-05-25T14:39:21.114+0000] {processor.py:179} INFO - Processing /home/airflow/.local/lib/python3.7/site-packages/airflow/example_dags/example_branch_python_dop_operator_3.py took 0.199 seconds
[2023-05-25T14:41:26.849+0000] {processor.py:157} INFO - Started process (PID=75) to work on /home/airflow/.local/lib/python3.7/site-packages/airflow/example_dags/example_branch_python_dop_operator_3.py
[2023-05-25T14:41:26.855+0000] {processor.py:826} INFO - Processing file /home/airflow/.local/lib/python3.7/site-packages/airflow/example_dags/example_branch_python_dop_operator_3.py for tasks to queue
[2023-05-25T14:41:26.858+0000] {logging_mixin.py:149} INFO - [2023-05-25T14:41:26.858+0000] {dagbag.py:541} INFO - Filling up the DagBag from /home/airflow/.local/lib/python3.7/site-packages/airflow/example_dags/example_branch_python_dop_operator_3.py
[2023-05-25T14:41:26.881+0000] {processor.py:836} INFO - DAG(s) dict_keys(['example_branch_dop_operator_v3']) retrieved from /home/airflow/.local/lib/python3.7/site-packages/airflow/example_dags/example_branch_python_dop_operator_3.py
[2023-05-25T14:41:26.943+0000] {logging_mixin.py:149} INFO - [2023-05-25T14:41:26.943+0000] {dag.py:2726} INFO - Sync 1 DAGs
[2023-05-25T14:41:27.040+0000] {logging_mixin.py:149} INFO - [2023-05-25T14:41:27.040+0000] {dag.py:3490} INFO - Setting next_dagrun for example_branch_dop_operator_v3 to 2023-05-25T14:40:00+00:00, run_after=2023-05-25T14:41:00+00:00
[2023-05-25T14:41:27.112+0000] {processor.py:179} INFO - Processing /home/airflow/.local/lib/python3.7/site-packages/airflow/example_dags/example_branch_python_dop_operator_3.py took 0.274 seconds
[2023-05-25T14:41:57.304+0000] {processor.py:157} INFO - Started process (PID=131) to work on /home/airflow/.local/lib/python3.7/site-packages/airflow/example_dags/example_branch_python_dop_operator_3.py
[2023-05-25T14:41:57.308+0000] {processor.py:826} INFO - Processing file /home/airflow/.local/lib/python3.7/site-packages/airflow/example_dags/example_branch_python_dop_operator_3.py for tasks to queue
[2023-05-25T14:41:57.311+0000] {logging_mixin.py:149} INFO - [2023-05-25T14:41:57.310+0000] {dagbag.py:541} INFO - Filling up the DagBag from /home/airflow/.local/lib/python3.7/site-packages/airflow/example_dags/example_branch_python_dop_operator_3.py
[2023-05-25T14:41:57.325+0000] {processor.py:836} INFO - DAG(s) dict_keys(['example_branch_dop_operator_v3']) retrieved from /home/airflow/.local/lib/python3.7/site-packages/airflow/example_dags/example_branch_python_dop_operator_3.py
[2023-05-25T14:41:57.373+0000] {logging_mixin.py:149} INFO - [2023-05-25T14:41:57.373+0000] {dag.py:2726} INFO - Sync 1 DAGs
[2023-05-25T14:41:57.464+0000] {logging_mixin.py:149} INFO - [2023-05-25T14:41:57.464+0000] {dag.py:3490} INFO - Setting next_dagrun for example_branch_dop_operator_v3 to 2023-05-25T14:40:00+00:00, run_after=2023-05-25T14:41:00+00:00
[2023-05-25T14:41:57.499+0000] {processor.py:179} INFO - Processing /home/airflow/.local/lib/python3.7/site-packages/airflow/example_dags/example_branch_python_dop_operator_3.py took 0.202 seconds
[2023-05-25T14:42:30.001+0000] {processor.py:157} INFO - Started process (PID=187) to work on /home/airflow/.local/lib/python3.7/site-packages/airflow/example_dags/example_branch_python_dop_operator_3.py
[2023-05-25T14:42:30.006+0000] {processor.py:826} INFO - Processing file /home/airflow/.local/lib/python3.7/site-packages/airflow/example_dags/example_branch_python_dop_operator_3.py for tasks to queue
[2023-05-25T14:42:30.017+0000] {logging_mixin.py:149} INFO - [2023-05-25T14:42:30.017+0000] {dagbag.py:541} INFO - Filling up the DagBag from /home/airflow/.local/lib/python3.7/site-packages/airflow/example_dags/example_branch_python_dop_operator_3.py
[2023-05-25T14:42:30.042+0000] {processor.py:836} INFO - DAG(s) dict_keys(['example_branch_dop_operator_v3']) retrieved from /home/airflow/.local/lib/python3.7/site-packages/airflow/example_dags/example_branch_python_dop_operator_3.py
[2023-05-25T14:42:30.311+0000] {logging_mixin.py:149} INFO - [2023-05-25T14:42:30.311+0000] {dag.py:2726} INFO - Sync 1 DAGs
[2023-05-25T14:42:30.393+0000] {logging_mixin.py:149} INFO - [2023-05-25T14:42:30.393+0000] {dag.py:3490} INFO - Setting next_dagrun for example_branch_dop_operator_v3 to 2023-05-25T14:41:00+00:00, run_after=2023-05-25T14:42:00+00:00
[2023-05-25T14:42:30.499+0000] {processor.py:179} INFO - Processing /home/airflow/.local/lib/python3.7/site-packages/airflow/example_dags/example_branch_python_dop_operator_3.py took 0.505 seconds
[2023-05-25T14:43:00.561+0000] {processor.py:157} INFO - Started process (PID=243) to work on /home/airflow/.local/lib/python3.7/site-packages/airflow/example_dags/example_branch_python_dop_operator_3.py
[2023-05-25T14:43:00.564+0000] {processor.py:826} INFO - Processing file /home/airflow/.local/lib/python3.7/site-packages/airflow/example_dags/example_branch_python_dop_operator_3.py for tasks to queue
[2023-05-25T14:43:00.566+0000] {logging_mixin.py:149} INFO - [2023-05-25T14:43:00.566+0000] {dagbag.py:541} INFO - Filling up the DagBag from /home/airflow/.local/lib/python3.7/site-packages/airflow/example_dags/example_branch_python_dop_operator_3.py
[2023-05-25T14:43:00.582+0000] {processor.py:836} INFO - DAG(s) dict_keys(['example_branch_dop_operator_v3']) retrieved from /home/airflow/.local/lib/python3.7/site-packages/airflow/example_dags/example_branch_python_dop_operator_3.py
[2023-05-25T14:43:00.623+0000] {logging_mixin.py:149} INFO - [2023-05-25T14:43:00.623+0000] {dag.py:2726} INFO - Sync 1 DAGs
[2023-05-25T14:43:00.674+0000] {logging_mixin.py:149} INFO - [2023-05-25T14:43:00.673+0000] {dag.py:3490} INFO - Setting next_dagrun for example_branch_dop_operator_v3 to 2023-05-25T14:42:00+00:00, run_after=2023-05-25T14:43:00+00:00
[2023-05-25T14:43:00.703+0000] {processor.py:179} INFO - Processing /home/airflow/.local/lib/python3.7/site-packages/airflow/example_dags/example_branch_python_dop_operator_3.py took 0.148 seconds
[2023-05-25T14:46:26.012+0000] {processor.py:157} INFO - Started process (PID=74) to work on /home/airflow/.local/lib/python3.7/site-packages/airflow/example_dags/example_branch_python_dop_operator_3.py
[2023-05-25T14:46:26.022+0000] {processor.py:826} INFO - Processing file /home/airflow/.local/lib/python3.7/site-packages/airflow/example_dags/example_branch_python_dop_operator_3.py for tasks to queue
[2023-05-25T14:46:26.033+0000] {logging_mixin.py:149} INFO - [2023-05-25T14:46:26.030+0000] {dagbag.py:541} INFO - Filling up the DagBag from /home/airflow/.local/lib/python3.7/site-packages/airflow/example_dags/example_branch_python_dop_operator_3.py
[2023-05-25T14:46:26.105+0000] {processor.py:836} INFO - DAG(s) dict_keys(['example_branch_dop_operator_v3']) retrieved from /home/airflow/.local/lib/python3.7/site-packages/airflow/example_dags/example_branch_python_dop_operator_3.py
[2023-05-25T14:46:26.213+0000] {logging_mixin.py:149} INFO - [2023-05-25T14:46:26.212+0000] {dag.py:2726} INFO - Sync 1 DAGs
[2023-05-25T14:46:26.458+0000] {logging_mixin.py:149} INFO - [2023-05-25T14:46:26.457+0000] {dag.py:3490} INFO - Setting next_dagrun for example_branch_dop_operator_v3 to 2023-05-25T14:45:00+00:00, run_after=2023-05-25T14:46:00+00:00
[2023-05-25T14:46:26.620+0000] {processor.py:179} INFO - Processing /home/airflow/.local/lib/python3.7/site-packages/airflow/example_dags/example_branch_python_dop_operator_3.py took 0.633 seconds
[2023-05-25T14:46:56.888+0000] {processor.py:157} INFO - Started process (PID=130) to work on /home/airflow/.local/lib/python3.7/site-packages/airflow/example_dags/example_branch_python_dop_operator_3.py
[2023-05-25T14:46:56.892+0000] {processor.py:826} INFO - Processing file /home/airflow/.local/lib/python3.7/site-packages/airflow/example_dags/example_branch_python_dop_operator_3.py for tasks to queue
[2023-05-25T14:46:56.896+0000] {logging_mixin.py:149} INFO - [2023-05-25T14:46:56.896+0000] {dagbag.py:541} INFO - Filling up the DagBag from /home/airflow/.local/lib/python3.7/site-packages/airflow/example_dags/example_branch_python_dop_operator_3.py
[2023-05-25T14:46:56.912+0000] {processor.py:836} INFO - DAG(s) dict_keys(['example_branch_dop_operator_v3']) retrieved from /home/airflow/.local/lib/python3.7/site-packages/airflow/example_dags/example_branch_python_dop_operator_3.py
[2023-05-25T14:46:56.968+0000] {logging_mixin.py:149} INFO - [2023-05-25T14:46:56.967+0000] {dag.py:2726} INFO - Sync 1 DAGs
[2023-05-25T14:46:57.030+0000] {logging_mixin.py:149} INFO - [2023-05-25T14:46:57.030+0000] {dag.py:3490} INFO - Setting next_dagrun for example_branch_dop_operator_v3 to 2023-05-25T14:45:00+00:00, run_after=2023-05-25T14:46:00+00:00
[2023-05-25T14:46:57.063+0000] {processor.py:179} INFO - Processing /home/airflow/.local/lib/python3.7/site-packages/airflow/example_dags/example_branch_python_dop_operator_3.py took 0.186 seconds
[2023-05-25T14:47:28.810+0000] {processor.py:157} INFO - Started process (PID=185) to work on /home/airflow/.local/lib/python3.7/site-packages/airflow/example_dags/example_branch_python_dop_operator_3.py
[2023-05-25T14:47:28.815+0000] {processor.py:826} INFO - Processing file /home/airflow/.local/lib/python3.7/site-packages/airflow/example_dags/example_branch_python_dop_operator_3.py for tasks to queue
[2023-05-25T14:47:28.824+0000] {logging_mixin.py:149} INFO - [2023-05-25T14:47:28.824+0000] {dagbag.py:541} INFO - Filling up the DagBag from /home/airflow/.local/lib/python3.7/site-packages/airflow/example_dags/example_branch_python_dop_operator_3.py
[2023-05-25T14:47:28.851+0000] {processor.py:836} INFO - DAG(s) dict_keys(['example_branch_dop_operator_v3']) retrieved from /home/airflow/.local/lib/python3.7/site-packages/airflow/example_dags/example_branch_python_dop_operator_3.py
[2023-05-25T14:47:28.896+0000] {logging_mixin.py:149} INFO - [2023-05-25T14:47:28.896+0000] {dag.py:2726} INFO - Sync 1 DAGs
[2023-05-25T14:47:29.142+0000] {logging_mixin.py:149} INFO - [2023-05-25T14:47:29.142+0000] {dag.py:3490} INFO - Setting next_dagrun for example_branch_dop_operator_v3 to 2023-05-25T14:46:00+00:00, run_after=2023-05-25T14:47:00+00:00
[2023-05-25T14:47:29.179+0000] {processor.py:179} INFO - Processing /home/airflow/.local/lib/python3.7/site-packages/airflow/example_dags/example_branch_python_dop_operator_3.py took 0.385 seconds
[2023-05-25T14:48:03.628+0000] {processor.py:157} INFO - Started process (PID=241) to work on /home/airflow/.local/lib/python3.7/site-packages/airflow/example_dags/example_branch_python_dop_operator_3.py
[2023-05-25T14:48:03.634+0000] {processor.py:826} INFO - Processing file /home/airflow/.local/lib/python3.7/site-packages/airflow/example_dags/example_branch_python_dop_operator_3.py for tasks to queue
[2023-05-25T14:48:03.640+0000] {logging_mixin.py:149} INFO - [2023-05-25T14:48:03.640+0000] {dagbag.py:541} INFO - Filling up the DagBag from /home/airflow/.local/lib/python3.7/site-packages/airflow/example_dags/example_branch_python_dop_operator_3.py
[2023-05-25T14:48:03.673+0000] {processor.py:836} INFO - DAG(s) dict_keys(['example_branch_dop_operator_v3']) retrieved from /home/airflow/.local/lib/python3.7/site-packages/airflow/example_dags/example_branch_python_dop_operator_3.py
[2023-05-25T14:48:03.858+0000] {logging_mixin.py:149} INFO - [2023-05-25T14:48:03.858+0000] {dag.py:2726} INFO - Sync 1 DAGs
[2023-05-25T14:48:04.087+0000] {logging_mixin.py:149} INFO - [2023-05-25T14:48:04.087+0000] {dag.py:3490} INFO - Setting next_dagrun for example_branch_dop_operator_v3 to 2023-05-25T14:47:00+00:00, run_after=2023-05-25T14:48:00+00:00
[2023-05-25T14:48:04.303+0000] {processor.py:179} INFO - Processing /home/airflow/.local/lib/python3.7/site-packages/airflow/example_dags/example_branch_python_dop_operator_3.py took 0.703 seconds
