[2023-05-25T14:38:40.651+0000] {processor.py:157} INFO - Started process (PID=57) to work on /home/airflow/.local/lib/python3.7/site-packages/airflow/example_dags/example_short_circuit_operator.py
[2023-05-25T14:38:40.655+0000] {processor.py:826} INFO - Processing file /home/airflow/.local/lib/python3.7/site-packages/airflow/example_dags/example_short_circuit_operator.py for tasks to queue
[2023-05-25T14:38:40.657+0000] {logging_mixin.py:149} INFO - [2023-05-25T14:38:40.657+0000] {dagbag.py:541} INFO - Filling up the DagBag from /home/airflow/.local/lib/python3.7/site-packages/airflow/example_dags/example_short_circuit_operator.py
[2023-05-25T14:38:40.691+0000] {processor.py:836} INFO - DAG(s) dict_keys(['example_short_circuit_operator']) retrieved from /home/airflow/.local/lib/python3.7/site-packages/airflow/example_dags/example_short_circuit_operator.py
[2023-05-25T14:38:40.933+0000] {logging_mixin.py:149} INFO - [2023-05-25T14:38:40.933+0000] {dag.py:2726} INFO - Sync 1 DAGs
[2023-05-25T14:38:41.165+0000] {logging_mixin.py:149} INFO - [2023-05-25T14:38:41.165+0000] {dag.py:3490} INFO - Setting next_dagrun for example_short_circuit_operator to 2023-05-24T14:38:41.163468+00:00, run_after=2023-05-25T14:38:41.163468+00:00
[2023-05-25T14:38:41.251+0000] {processor.py:179} INFO - Processing /home/airflow/.local/lib/python3.7/site-packages/airflow/example_dags/example_short_circuit_operator.py took 0.614 seconds
[2023-05-25T14:39:13.584+0000] {processor.py:157} INFO - Started process (PID=112) to work on /home/airflow/.local/lib/python3.7/site-packages/airflow/example_dags/example_short_circuit_operator.py
[2023-05-25T14:39:13.587+0000] {processor.py:826} INFO - Processing file /home/airflow/.local/lib/python3.7/site-packages/airflow/example_dags/example_short_circuit_operator.py for tasks to queue
[2023-05-25T14:39:13.591+0000] {logging_mixin.py:149} INFO - [2023-05-25T14:39:13.590+0000] {dagbag.py:541} INFO - Filling up the DagBag from /home/airflow/.local/lib/python3.7/site-packages/airflow/example_dags/example_short_circuit_operator.py
[2023-05-25T14:39:13.613+0000] {processor.py:836} INFO - DAG(s) dict_keys(['example_short_circuit_operator']) retrieved from /home/airflow/.local/lib/python3.7/site-packages/airflow/example_dags/example_short_circuit_operator.py
[2023-05-25T14:39:13.789+0000] {logging_mixin.py:149} INFO - [2023-05-25T14:39:13.788+0000] {dag.py:2726} INFO - Sync 1 DAGs
[2023-05-25T14:39:14.011+0000] {logging_mixin.py:149} INFO - [2023-05-25T14:39:14.010+0000] {dag.py:3490} INFO - Setting next_dagrun for example_short_circuit_operator to 2023-05-24T14:39:14.009086+00:00, run_after=2023-05-25T14:39:14.009086+00:00
[2023-05-25T14:39:14.152+0000] {processor.py:179} INFO - Processing /home/airflow/.local/lib/python3.7/site-packages/airflow/example_dags/example_short_circuit_operator.py took 0.576 seconds
[2023-05-25T14:39:45.400+0000] {processor.py:157} INFO - Started process (PID=168) to work on /home/airflow/.local/lib/python3.7/site-packages/airflow/example_dags/example_short_circuit_operator.py
[2023-05-25T14:39:45.408+0000] {processor.py:826} INFO - Processing file /home/airflow/.local/lib/python3.7/site-packages/airflow/example_dags/example_short_circuit_operator.py for tasks to queue
[2023-05-25T14:39:45.412+0000] {logging_mixin.py:149} INFO - [2023-05-25T14:39:45.411+0000] {dagbag.py:541} INFO - Filling up the DagBag from /home/airflow/.local/lib/python3.7/site-packages/airflow/example_dags/example_short_circuit_operator.py
[2023-05-25T14:39:45.430+0000] {processor.py:836} INFO - DAG(s) dict_keys(['example_short_circuit_operator']) retrieved from /home/airflow/.local/lib/python3.7/site-packages/airflow/example_dags/example_short_circuit_operator.py
[2023-05-25T14:39:45.480+0000] {logging_mixin.py:149} INFO - [2023-05-25T14:39:45.480+0000] {dag.py:2726} INFO - Sync 1 DAGs
[2023-05-25T14:39:45.574+0000] {logging_mixin.py:149} INFO - [2023-05-25T14:39:45.574+0000] {dag.py:3490} INFO - Setting next_dagrun for example_short_circuit_operator to 2023-05-24T14:39:45.573320+00:00, run_after=2023-05-25T14:39:45.573320+00:00
[2023-05-25T14:39:45.849+0000] {processor.py:179} INFO - Processing /home/airflow/.local/lib/python3.7/site-packages/airflow/example_dags/example_short_circuit_operator.py took 0.453 seconds
[2023-05-25T14:41:18.918+0000] {processor.py:157} INFO - Started process (PID=55) to work on /home/airflow/.local/lib/python3.7/site-packages/airflow/example_dags/example_short_circuit_operator.py
[2023-05-25T14:41:18.930+0000] {processor.py:826} INFO - Processing file /home/airflow/.local/lib/python3.7/site-packages/airflow/example_dags/example_short_circuit_operator.py for tasks to queue
[2023-05-25T14:41:18.933+0000] {logging_mixin.py:149} INFO - [2023-05-25T14:41:18.933+0000] {dagbag.py:541} INFO - Filling up the DagBag from /home/airflow/.local/lib/python3.7/site-packages/airflow/example_dags/example_short_circuit_operator.py
[2023-05-25T14:41:19.038+0000] {processor.py:836} INFO - DAG(s) dict_keys(['example_short_circuit_operator']) retrieved from /home/airflow/.local/lib/python3.7/site-packages/airflow/example_dags/example_short_circuit_operator.py
[2023-05-25T14:41:19.688+0000] {logging_mixin.py:149} INFO - [2023-05-25T14:41:19.687+0000] {dag.py:2726} INFO - Sync 1 DAGs
[2023-05-25T14:41:20.234+0000] {logging_mixin.py:149} INFO - [2023-05-25T14:41:20.231+0000] {dag.py:3490} INFO - Setting next_dagrun for example_short_circuit_operator to 2023-05-24T14:41:20.222518+00:00, run_after=2023-05-25T14:41:20.222518+00:00
[2023-05-25T14:41:20.569+0000] {processor.py:179} INFO - Processing /home/airflow/.local/lib/python3.7/site-packages/airflow/example_dags/example_short_circuit_operator.py took 1.668 seconds
[2023-05-25T14:41:51.080+0000] {processor.py:157} INFO - Started process (PID=111) to work on /home/airflow/.local/lib/python3.7/site-packages/airflow/example_dags/example_short_circuit_operator.py
[2023-05-25T14:41:51.086+0000] {processor.py:826} INFO - Processing file /home/airflow/.local/lib/python3.7/site-packages/airflow/example_dags/example_short_circuit_operator.py for tasks to queue
[2023-05-25T14:41:51.090+0000] {logging_mixin.py:149} INFO - [2023-05-25T14:41:51.090+0000] {dagbag.py:541} INFO - Filling up the DagBag from /home/airflow/.local/lib/python3.7/site-packages/airflow/example_dags/example_short_circuit_operator.py
[2023-05-25T14:41:51.204+0000] {processor.py:836} INFO - DAG(s) dict_keys(['example_short_circuit_operator']) retrieved from /home/airflow/.local/lib/python3.7/site-packages/airflow/example_dags/example_short_circuit_operator.py
[2023-05-25T14:41:51.320+0000] {logging_mixin.py:149} INFO - [2023-05-25T14:41:51.320+0000] {dag.py:2726} INFO - Sync 1 DAGs
[2023-05-25T14:41:51.475+0000] {logging_mixin.py:149} INFO - [2023-05-25T14:41:51.475+0000] {dag.py:3490} INFO - Setting next_dagrun for example_short_circuit_operator to 2023-05-24T14:41:51.474590+00:00, run_after=2023-05-25T14:41:51.474590+00:00
[2023-05-25T14:41:51.553+0000] {processor.py:179} INFO - Processing /home/airflow/.local/lib/python3.7/site-packages/airflow/example_dags/example_short_circuit_operator.py took 0.481 seconds
[2023-05-25T14:42:21.726+0000] {processor.py:157} INFO - Started process (PID=166) to work on /home/airflow/.local/lib/python3.7/site-packages/airflow/example_dags/example_short_circuit_operator.py
[2023-05-25T14:42:21.728+0000] {processor.py:826} INFO - Processing file /home/airflow/.local/lib/python3.7/site-packages/airflow/example_dags/example_short_circuit_operator.py for tasks to queue
[2023-05-25T14:42:21.730+0000] {logging_mixin.py:149} INFO - [2023-05-25T14:42:21.730+0000] {dagbag.py:541} INFO - Filling up the DagBag from /home/airflow/.local/lib/python3.7/site-packages/airflow/example_dags/example_short_circuit_operator.py
[2023-05-25T14:42:21.749+0000] {processor.py:836} INFO - DAG(s) dict_keys(['example_short_circuit_operator']) retrieved from /home/airflow/.local/lib/python3.7/site-packages/airflow/example_dags/example_short_circuit_operator.py
[2023-05-25T14:42:21.801+0000] {logging_mixin.py:149} INFO - [2023-05-25T14:42:21.801+0000] {dag.py:2726} INFO - Sync 1 DAGs
[2023-05-25T14:42:22.026+0000] {logging_mixin.py:149} INFO - [2023-05-25T14:42:22.026+0000] {dag.py:3490} INFO - Setting next_dagrun for example_short_circuit_operator to 2023-05-24T14:42:22.026246+00:00, run_after=2023-05-25T14:42:22.026246+00:00
[2023-05-25T14:42:22.071+0000] {processor.py:179} INFO - Processing /home/airflow/.local/lib/python3.7/site-packages/airflow/example_dags/example_short_circuit_operator.py took 0.351 seconds
[2023-05-25T14:42:52.573+0000] {processor.py:157} INFO - Started process (PID=222) to work on /home/airflow/.local/lib/python3.7/site-packages/airflow/example_dags/example_short_circuit_operator.py
[2023-05-25T14:42:52.578+0000] {processor.py:826} INFO - Processing file /home/airflow/.local/lib/python3.7/site-packages/airflow/example_dags/example_short_circuit_operator.py for tasks to queue
[2023-05-25T14:42:52.580+0000] {logging_mixin.py:149} INFO - [2023-05-25T14:42:52.580+0000] {dagbag.py:541} INFO - Filling up the DagBag from /home/airflow/.local/lib/python3.7/site-packages/airflow/example_dags/example_short_circuit_operator.py
[2023-05-25T14:42:52.611+0000] {processor.py:836} INFO - DAG(s) dict_keys(['example_short_circuit_operator']) retrieved from /home/airflow/.local/lib/python3.7/site-packages/airflow/example_dags/example_short_circuit_operator.py
[2023-05-25T14:42:52.813+0000] {logging_mixin.py:149} INFO - [2023-05-25T14:42:52.813+0000] {dag.py:2726} INFO - Sync 1 DAGs
[2023-05-25T14:42:52.872+0000] {logging_mixin.py:149} INFO - [2023-05-25T14:42:52.871+0000] {dag.py:3490} INFO - Setting next_dagrun for example_short_circuit_operator to 2023-05-24T14:42:52.868518+00:00, run_after=2023-05-25T14:42:52.868518+00:00
[2023-05-25T14:42:52.943+0000] {processor.py:179} INFO - Processing /home/airflow/.local/lib/python3.7/site-packages/airflow/example_dags/example_short_circuit_operator.py took 0.377 seconds
[2023-05-25T14:46:10.394+0000] {processor.py:157} INFO - Started process (PID=54) to work on /home/airflow/.local/lib/python3.7/site-packages/airflow/example_dags/example_short_circuit_operator.py
[2023-05-25T14:46:10.398+0000] {processor.py:826} INFO - Processing file /home/airflow/.local/lib/python3.7/site-packages/airflow/example_dags/example_short_circuit_operator.py for tasks to queue
[2023-05-25T14:46:10.409+0000] {logging_mixin.py:149} INFO - [2023-05-25T14:46:10.407+0000] {dagbag.py:541} INFO - Filling up the DagBag from /home/airflow/.local/lib/python3.7/site-packages/airflow/example_dags/example_short_circuit_operator.py
[2023-05-25T14:46:11.455+0000] {processor.py:836} INFO - DAG(s) dict_keys(['example_short_circuit_operator']) retrieved from /home/airflow/.local/lib/python3.7/site-packages/airflow/example_dags/example_short_circuit_operator.py
[2023-05-25T14:46:12.008+0000] {logging_mixin.py:149} INFO - [2023-05-25T14:46:11.996+0000] {dag.py:2726} INFO - Sync 1 DAGs
[2023-05-25T14:46:13.939+0000] {logging_mixin.py:149} INFO - [2023-05-25T14:46:13.938+0000] {dag.py:3490} INFO - Setting next_dagrun for example_short_circuit_operator to 2023-05-24T14:46:13.936543+00:00, run_after=2023-05-25T14:46:13.936543+00:00
[2023-05-25T14:46:14.969+0000] {processor.py:179} INFO - Processing /home/airflow/.local/lib/python3.7/site-packages/airflow/example_dags/example_short_circuit_operator.py took 4.605 seconds
[2023-05-25T14:46:45.642+0000] {processor.py:157} INFO - Started process (PID=110) to work on /home/airflow/.local/lib/python3.7/site-packages/airflow/example_dags/example_short_circuit_operator.py
[2023-05-25T14:46:45.648+0000] {processor.py:826} INFO - Processing file /home/airflow/.local/lib/python3.7/site-packages/airflow/example_dags/example_short_circuit_operator.py for tasks to queue
[2023-05-25T14:46:45.652+0000] {logging_mixin.py:149} INFO - [2023-05-25T14:46:45.652+0000] {dagbag.py:541} INFO - Filling up the DagBag from /home/airflow/.local/lib/python3.7/site-packages/airflow/example_dags/example_short_circuit_operator.py
[2023-05-25T14:46:45.680+0000] {processor.py:836} INFO - DAG(s) dict_keys(['example_short_circuit_operator']) retrieved from /home/airflow/.local/lib/python3.7/site-packages/airflow/example_dags/example_short_circuit_operator.py
[2023-05-25T14:46:45.829+0000] {logging_mixin.py:149} INFO - [2023-05-25T14:46:45.829+0000] {dag.py:2726} INFO - Sync 1 DAGs
[2023-05-25T14:46:45.967+0000] {logging_mixin.py:149} INFO - [2023-05-25T14:46:45.966+0000] {dag.py:3490} INFO - Setting next_dagrun for example_short_circuit_operator to 2023-05-24T14:46:45.966107+00:00, run_after=2023-05-25T14:46:45.966107+00:00
[2023-05-25T14:46:46.035+0000] {processor.py:179} INFO - Processing /home/airflow/.local/lib/python3.7/site-packages/airflow/example_dags/example_short_circuit_operator.py took 0.401 seconds
[2023-05-25T14:47:16.783+0000] {processor.py:157} INFO - Started process (PID=165) to work on /home/airflow/.local/lib/python3.7/site-packages/airflow/example_dags/example_short_circuit_operator.py
[2023-05-25T14:47:16.795+0000] {processor.py:826} INFO - Processing file /home/airflow/.local/lib/python3.7/site-packages/airflow/example_dags/example_short_circuit_operator.py for tasks to queue
[2023-05-25T14:47:16.799+0000] {logging_mixin.py:149} INFO - [2023-05-25T14:47:16.799+0000] {dagbag.py:541} INFO - Filling up the DagBag from /home/airflow/.local/lib/python3.7/site-packages/airflow/example_dags/example_short_circuit_operator.py
[2023-05-25T14:47:16.843+0000] {processor.py:836} INFO - DAG(s) dict_keys(['example_short_circuit_operator']) retrieved from /home/airflow/.local/lib/python3.7/site-packages/airflow/example_dags/example_short_circuit_operator.py
[2023-05-25T14:47:16.977+0000] {logging_mixin.py:149} INFO - [2023-05-25T14:47:16.976+0000] {dag.py:2726} INFO - Sync 1 DAGs
[2023-05-25T14:47:18.832+0000] {logging_mixin.py:149} INFO - [2023-05-25T14:47:18.831+0000] {dag.py:3490} INFO - Setting next_dagrun for example_short_circuit_operator to 2023-05-24T14:47:18.830982+00:00, run_after=2023-05-25T14:47:18.830982+00:00
[2023-05-25T14:47:19.023+0000] {processor.py:179} INFO - Processing /home/airflow/.local/lib/python3.7/site-packages/airflow/example_dags/example_short_circuit_operator.py took 2.254 seconds
[2023-05-25T14:47:50.602+0000] {processor.py:157} INFO - Started process (PID=220) to work on /home/airflow/.local/lib/python3.7/site-packages/airflow/example_dags/example_short_circuit_operator.py
[2023-05-25T14:47:50.608+0000] {processor.py:826} INFO - Processing file /home/airflow/.local/lib/python3.7/site-packages/airflow/example_dags/example_short_circuit_operator.py for tasks to queue
[2023-05-25T14:47:50.618+0000] {logging_mixin.py:149} INFO - [2023-05-25T14:47:50.616+0000] {dagbag.py:541} INFO - Filling up the DagBag from /home/airflow/.local/lib/python3.7/site-packages/airflow/example_dags/example_short_circuit_operator.py
[2023-05-25T14:47:50.748+0000] {processor.py:836} INFO - DAG(s) dict_keys(['example_short_circuit_operator']) retrieved from /home/airflow/.local/lib/python3.7/site-packages/airflow/example_dags/example_short_circuit_operator.py
[2023-05-25T14:47:51.153+0000] {logging_mixin.py:149} INFO - [2023-05-25T14:47:51.152+0000] {dag.py:2726} INFO - Sync 1 DAGs
[2023-05-25T14:47:51.497+0000] {logging_mixin.py:149} INFO - [2023-05-25T14:47:51.487+0000] {dag.py:3490} INFO - Setting next_dagrun for example_short_circuit_operator to 2023-05-24T14:47:51.487090+00:00, run_after=2023-05-25T14:47:51.487090+00:00
[2023-05-25T14:47:51.788+0000] {processor.py:179} INFO - Processing /home/airflow/.local/lib/python3.7/site-packages/airflow/example_dags/example_short_circuit_operator.py took 1.221 seconds
